Release 14.7 - platgen Xilinx EDK 14.7 Build EDK_P.20131013
 (lin64)
Copyright (c) 1995-2013 Xilinx, Inc.  All rights reserved.

Command Line: platgen -p xc6slx150tfgg676-3 -lang vhdl -intstyle ise -toplevel
no -ti microblaze_0_i -msg __xps/ise/xmsgprops.lst microblaze_0.mhs 

Parse
/home/ise/Xilinx/trash_1/firmware-ethernet/ExampleProject/ise/microblaze_0/micro
blaze_0.mhs ...

Read MPD definitions ...

Overriding IP level properties ...
INFO:EDK:4130 - IPNAME: microblaze, INSTANCE:microblaze_0 - tcl is overriding
   PARAMETER C_ENDIANNESS value to 1 -
   /opt/Xilinx/14.7/ISE_DS/EDK/hw/XilinxProcessorIPLib/pcores/microblaze_v8_50_c
   /data/microblaze_v2_1_0.mpd line 198 
INFO:EDK:4130 - IPNAME: microblaze, INSTANCE:microblaze_0 - tcl is overriding
   PARAMETER C_ICACHE_USE_FSL value to 0 -
   /opt/Xilinx/14.7/ISE_DS/EDK/hw/XilinxProcessorIPLib/pcores/microblaze_v8_50_c
   /data/microblaze_v2_1_0.mpd line 339 
INFO:EDK:4130 - IPNAME: microblaze, INSTANCE:microblaze_0 - tcl is overriding
   PARAMETER C_M_AXI_IC_DATA_WIDTH value to 256 -
   /opt/Xilinx/14.7/ISE_DS/EDK/hw/XilinxProcessorIPLib/pcores/microblaze_v8_50_c
   /data/microblaze_v2_1_0.mpd line 352 
INFO:EDK:4130 - IPNAME: microblaze, INSTANCE:microblaze_0 - tcl is overriding
   PARAMETER C_DCACHE_USE_FSL value to 0 -
   /opt/Xilinx/14.7/ISE_DS/EDK/hw/XilinxProcessorIPLib/pcores/microblaze_v8_50_c
   /data/microblaze_v2_1_0.mpd line 369 
INFO:EDK:4130 - IPNAME: microblaze, INSTANCE:microblaze_0 - tcl is overriding
   PARAMETER C_DCACHE_INTERFACE value to 1 -
   /opt/Xilinx/14.7/ISE_DS/EDK/hw/XilinxProcessorIPLib/pcores/microblaze_v8_50_c
   /data/microblaze_v2_1_0.mpd line 372 
INFO:EDK:4130 - IPNAME: microblaze, INSTANCE:microblaze_0 - tcl is overriding
   PARAMETER C_M_AXI_DC_DATA_WIDTH value to 256 -
   /opt/Xilinx/14.7/ISE_DS/EDK/hw/XilinxProcessorIPLib/pcores/microblaze_v8_50_c
   /data/microblaze_v2_1_0.mpd line 382 
INFO:EDK:4130 - IPNAME: axi_interconnect, INSTANCE:axi4lite_0 - tcl is
   overriding PARAMETER C_BASEFAMILY value to spartan6 -
   /opt/Xilinx/14.7/ISE_DS/EDK/hw/XilinxProcessorIPLib/pcores/axi_interconnect_v
   1_06_a/data/axi_interconnect_v2_1_0.mpd line 81 

Computing clock values...
INFO:EDK:740 - Cannot determine the input clock associated with port :
   microblaze_1_l_bram_ctrl:BRAM_Clk_A. Clock DRCs will not be performed on this
   core and cores connected to it. 
INFO:EDK:740 - Cannot determine the input clock associated with port :
   microblaze_1_d_bram_ctrl:BRAM_Clk_A. Clock DRCs will not be performed on this
   core and cores connected to it. 
INFO:EDK:740 - Cannot determine the input clock associated with port :
   microblaze_0_i_bram_ctrl:BRAM_Clk_A. Clock DRCs will not be performed on this
   core and cores connected to it. 
INFO:EDK:740 - Cannot determine the input clock associated with port :
   microblaze_0_d_bram_ctrl:BRAM_Clk_A. Clock DRCs will not be performed on this
   core and cores connected to it. 

Performing IP level DRCs on properties...

Running DRC Tcl procedures for OPTION IPLEVEL_DRC_PROC...
Address Map for Processor microblaze_0
  (0000000000-0x0000ffff) microblaze_0_d_bram_ctrl	microblaze_0_dlmb
  (0000000000-0x0000ffff) microblaze_0_i_bram_ctrl	microblaze_0_ilmb
  (0x00010000-0x0001ffff) microblaze_1_d_bram_ctrl	microblaze_0_dlmb
  (0x00010000-0x0001ffff) microblaze_1_l_bram_ctrl	microblaze_0_ilmb
  (0x41400000-0x4140ffff) debug_module	axi4lite_0
  (0x41a00000-0x41a0ffff) axi_timebase_wdt_0	axi4lite_0
  (0x41c00000-0x41c0ffff) axi_timer_0	axi4lite_0
  (0x44a00000-0x44a07fff) iomodule_0	microblaze_0_dlmb
  (0x44a10000-0x44a1ffff) iomodule_0	microblaze_0_dlmb
INFO:EDK:4130 - IPNAME: bram_block, INSTANCE:microblaze_1 - tool is overriding
   PARAMETER C_MEMSIZE value to 0x10000 -
   /opt/Xilinx/14.7/ISE_DS/EDK/hw/XilinxProcessorIPLib/pcores/bram_block_v1_00_a
   /data/bram_block_v2_1_0.mpd line 78 
INFO:EDK:4130 - IPNAME: lmb_v10, INSTANCE:microblaze_0_ilmb - tool is overriding
   PARAMETER C_LMB_NUM_SLAVES value to 2 -
   /opt/Xilinx/14.7/ISE_DS/EDK/hw/XilinxProcessorIPLib/pcores/lmb_v10_v2_00_b/da
   ta/lmb_v10_v2_1_0.mpd line 82 
INFO:EDK:4130 - IPNAME: lmb_v10, INSTANCE:microblaze_0_dlmb - tool is overriding
   PARAMETER C_LMB_NUM_SLAVES value to 3 -
   /opt/Xilinx/14.7/ISE_DS/EDK/hw/XilinxProcessorIPLib/pcores/lmb_v10_v2_00_b/da
   ta/lmb_v10_v2_1_0.mpd line 82 
INFO:EDK:4130 - IPNAME: bram_block, INSTANCE:microblaze_0_bram_block - tool is
   overriding PARAMETER C_MEMSIZE value to 0x10000 -
   /opt/Xilinx/14.7/ISE_DS/EDK/hw/XilinxProcessorIPLib/pcores/bram_block_v1_00_a
   /data/bram_block_v2_1_0.mpd line 78 

Checking platform address map ...

Checking platform configuration ...
IPNAME: lmb_v10, INSTANCE: microblaze_0_ilmb - 1 master(s) : 2 slave(s) 
IPNAME: lmb_v10, INSTANCE: microblaze_0_dlmb - 1 master(s) : 3 slave(s) 
IPNAME: axi_interconnect, INSTANCE: axi4lite_0 - 2 master(s) : 3 slave(s) 

Checking port drivers...

Performing Clock DRCs...

Performing Reset DRCs...

Overriding system level properties...
INFO:EDK:4130 - IPNAME: lmb_bram_if_cntlr, INSTANCE:microblaze_1_l_bram_ctrl -
   tcl is overriding PARAMETER C_MASK value to 0x00210000 -
   /opt/Xilinx/14.7/ISE_DS/EDK/hw/XilinxProcessorIPLib/pcores/lmb_bram_if_cntlr_
   v3_10_c/data/lmb_bram_if_cntlr_v2_1_0.mpd line 92 
INFO:EDK:4130 - IPNAME: lmb_bram_if_cntlr, INSTANCE:microblaze_1_d_bram_ctrl -
   tcl is overriding PARAMETER C_MASK value to 0x00210000 -
   /opt/Xilinx/14.7/ISE_DS/EDK/hw/XilinxProcessorIPLib/pcores/lmb_bram_if_cntlr_
   v3_10_c/data/lmb_bram_if_cntlr_v2_1_0.mpd line 92 
INFO:EDK:4130 - IPNAME: lmb_bram_if_cntlr, INSTANCE:microblaze_0_i_bram_ctrl -
   tcl is overriding PARAMETER C_MASK value to 0x01010000 -
   /opt/Xilinx/14.7/ISE_DS/EDK/hw/XilinxProcessorIPLib/pcores/lmb_bram_if_cntlr_
   v3_10_c/data/lmb_bram_if_cntlr_v2_1_0.mpd line 92 
INFO:EDK:4130 - IPNAME: lmb_bram_if_cntlr, INSTANCE:microblaze_0_d_bram_ctrl -
   tcl is overriding PARAMETER C_MASK value to 0x40010000 -
   /opt/Xilinx/14.7/ISE_DS/EDK/hw/XilinxProcessorIPLib/pcores/lmb_bram_if_cntlr_
   v3_10_c/data/lmb_bram_if_cntlr_v2_1_0.mpd line 92 
INFO:EDK:4130 - IPNAME: microblaze, INSTANCE:microblaze_0 - tcl is overriding
   PARAMETER C_INTERCONNECT_M_AXI_IC_READ_ISSUING value to 8 -
   /opt/Xilinx/14.7/ISE_DS/EDK/hw/XilinxProcessorIPLib/pcores/microblaze_v8_50_c
   /data/microblaze_v2_1_0.mpd line 362 
INFO:EDK:4130 - IPNAME: microblaze, INSTANCE:microblaze_0 - tcl is overriding
   PARAMETER C_D_AXI value to 1 -
   /opt/Xilinx/14.7/ISE_DS/EDK/hw/XilinxProcessorIPLib/pcores/microblaze_v8_50_c
   /data/microblaze_v2_1_0.mpd line 232 
INFO:EDK:4130 - IPNAME: microblaze, INSTANCE:microblaze_0 - tcl is overriding
   PARAMETER C_I_AXI value to 1 -
   /opt/Xilinx/14.7/ISE_DS/EDK/hw/XilinxProcessorIPLib/pcores/microblaze_v8_50_c
   /data/microblaze_v2_1_0.mpd line 235 
INFO:EDK:4130 - IPNAME: microblaze, INSTANCE:microblaze_0 - tcl is overriding
   PARAMETER C_ADDR_TAG_BITS value to 0 -
   /opt/Xilinx/14.7/ISE_DS/EDK/hw/XilinxProcessorIPLib/pcores/microblaze_v8_50_c
   /data/microblaze_v2_1_0.mpd line 337 
INFO:EDK:4130 - IPNAME: microblaze, INSTANCE:microblaze_0 - tcl is overriding
   PARAMETER C_DCACHE_ADDR_TAG value to 0 -
   /opt/Xilinx/14.7/ISE_DS/EDK/hw/XilinxProcessorIPLib/pcores/microblaze_v8_50_c
   /data/microblaze_v2_1_0.mpd line 367 
INFO:EDK:4130 - IPNAME: microblaze, INSTANCE:microblaze_0 - tcl is overriding
   PARAMETER C_USE_INTERRUPT value to 1 -
   /opt/Xilinx/14.7/ISE_DS/EDK/hw/XilinxProcessorIPLib/pcores/microblaze_v8_50_c
   /data/microblaze_v2_1_0.mpd line 401 
INFO:EDK:4130 - IPNAME: microblaze, INSTANCE:microblaze_0 - tcl is overriding
   PARAMETER C_USE_EXT_BRK value to 1 -
   /opt/Xilinx/14.7/ISE_DS/EDK/hw/XilinxProcessorIPLib/pcores/microblaze_v8_50_c
   /data/microblaze_v2_1_0.mpd line 402 
INFO:EDK:4130 - IPNAME: microblaze, INSTANCE:microblaze_0 - tcl is overriding
   PARAMETER C_USE_EXT_NM_BRK value to 1 -
   /opt/Xilinx/14.7/ISE_DS/EDK/hw/XilinxProcessorIPLib/pcores/microblaze_v8_50_c
   /data/microblaze_v2_1_0.mpd line 403 
INFO:EDK:4130 - IPNAME: iomodule, INSTANCE:iomodule_0 - tcl is overriding
   PARAMETER C_MASK value to 0x04010000 -
   /opt/Xilinx/14.7/ISE_DS/EDK/hw/XilinxProcessorIPLib/pcores/iomodule_v1_03_a/d
   ata/iomodule_v2_1_0.mpd line 85 
INFO:EDK:4130 - IPNAME: iomodule, INSTANCE:iomodule_0 - tcl is overriding
   PARAMETER C_IO_MASK value to 0x04010000 -
   /opt/Xilinx/14.7/ISE_DS/EDK/hw/XilinxProcessorIPLib/pcores/iomodule_v1_03_a/d
   ata/iomodule_v2_1_0.mpd line 88 
INFO:EDK:4130 - IPNAME: iomodule, INSTANCE:iomodule_0 - tcl is overriding
   PARAMETER C_INTC_POSITIVE value to 0b0000000000000001 -
   /opt/Xilinx/14.7/ISE_DS/EDK/hw/XilinxProcessorIPLib/pcores/iomodule_v1_03_a/d
   ata/iomodule_v2_1_0.mpd line 161 

INFO: Setting C_RANGE_CHECK = ON for axi_interconnect axi4lite_0.
INFO:EDK:4130 - IPNAME: axi_interconnect, INSTANCE:axi4lite_0 - tcl is
   overriding PARAMETER C_RANGE_CHECK value to 1 -
   /opt/Xilinx/14.7/ISE_DS/EDK/hw/XilinxProcessorIPLib/pcores/axi_interconnect_v
   1_06_a/data/axi_interconnect_v2_1_0.mpd line 149 

Running system level update procedures...

Running UPDATE Tcl procedures for OPTION SYSLEVEL_UPDATE_PROC...

Running system level DRCs...

Performing System level DRCs on properties...

Running DRC Tcl procedures for OPTION SYSLEVEL_DRC_PROC...

Running UPDATE Tcl procedures for OPTION PLATGEN_SYSLEVEL_UPDATE_PROC...
INFO: Setting timing constaints for microblaze_0_ilmb.
INFO: The microblaze_0_ilmb core has constraints automatically generated by XPS
in implementation/microblaze_0_ilmb_wrapper/microblaze_0_ilmb_wrapper.ucf.
It can be overridden by constraints placed in the system.ucf file.

INFO: Setting timing constaints for microblaze_0_dlmb.
INFO: The microblaze_0_dlmb core has constraints automatically generated by XPS
in implementation/microblaze_0_dlmb_wrapper/microblaze_0_dlmb_wrapper.ucf.
It can be overridden by constraints placed in the system.ucf file.

INFO: Setting timing constaints for microblaze_0.
INFO: The microblaze_0 core has constraints automatically generated by XPS in
implementation/microblaze_0_wrapper/microblaze_0_wrapper.ucf.
It can be overridden by constraints placed in the system.ucf file.

INFO: No asynchronous clock conversions in axi_interconnect axi4lite_0.

Modify defaults ...

Creating stub ...

Processing licensed instances ...
Completion time: 0.00 seconds

Creating hardware output directories ...

Managing hardware (BBD-specified) netlist files ...

Managing cache ...
IPNAME:proc_sys_reset INSTANCE:proc_sys_reset_0 -
/home/ise/Xilinx/trash_1/firmware-ethernet/ExampleProject/ise/microblaze_0/micro
blaze_0.mhs line 35 - Copying cache implementation netlist
IPNAME:lmb_bram_if_cntlr INSTANCE:microblaze_1_l_bram_ctrl -
/home/ise/Xilinx/trash_1/firmware-ethernet/ExampleProject/ise/microblaze_0/micro
blaze_0.mhs line 48 - Copying cache implementation netlist
IPNAME:lmb_bram_if_cntlr INSTANCE:microblaze_1_d_bram_ctrl -
/home/ise/Xilinx/trash_1/firmware-ethernet/ExampleProject/ise/microblaze_0/micro
blaze_0.mhs line 57 - Copying cache implementation netlist
IPNAME:bram_block INSTANCE:microblaze_1 -
/home/ise/Xilinx/trash_1/firmware-ethernet/ExampleProject/ise/microblaze_0/micro
blaze_0.mhs line 66 - Copying cache implementation netlist
IPNAME:lmb_v10 INSTANCE:microblaze_0_ilmb -
/home/ise/Xilinx/trash_1/firmware-ethernet/ExampleProject/ise/microblaze_0/micro
blaze_0.mhs line 73 - Copying cache implementation netlist
IPNAME:lmb_bram_if_cntlr INSTANCE:microblaze_0_i_bram_ctrl -
/home/ise/Xilinx/trash_1/firmware-ethernet/ExampleProject/ise/microblaze_0/micro
blaze_0.mhs line 80 - Copying cache implementation netlist
IPNAME:lmb_v10 INSTANCE:microblaze_0_dlmb -
/home/ise/Xilinx/trash_1/firmware-ethernet/ExampleProject/ise/microblaze_0/micro
blaze_0.mhs line 89 - Copying cache implementation netlist
IPNAME:lmb_bram_if_cntlr INSTANCE:microblaze_0_d_bram_ctrl -
/home/ise/Xilinx/trash_1/firmware-ethernet/ExampleProject/ise/microblaze_0/micro
blaze_0.mhs line 96 - Copying cache implementation netlist
IPNAME:bram_block INSTANCE:microblaze_0_bram_block -
/home/ise/Xilinx/trash_1/firmware-ethernet/ExampleProject/ise/microblaze_0/micro
blaze_0.mhs line 105 - Copying cache implementation netlist
IPNAME:mdm INSTANCE:debug_module -
/home/ise/Xilinx/trash_1/firmware-ethernet/ExampleProject/ise/microblaze_0/micro
blaze_0.mhs line 187 - Copying cache implementation netlist
IPNAME:axi_timer INSTANCE:axi_timer_0 -
/home/ise/Xilinx/trash_1/firmware-ethernet/ExampleProject/ise/microblaze_0/micro
blaze_0.mhs line 213 - Copying cache implementation netlist
IPNAME:axi_timebase_wdt INSTANCE:axi_timebase_wdt_0 -
/home/ise/Xilinx/trash_1/firmware-ethernet/ExampleProject/ise/microblaze_0/micro
blaze_0.mhs line 224 - Copying cache implementation netlist

Elaborating instances ...
IPNAME:bram_block INSTANCE:microblaze_1 -
/home/ise/Xilinx/trash_1/firmware-ethernet/ExampleProject/ise/microblaze_0/micro
blaze_0.mhs line 66 - elaborating IP
IPNAME:bram_block INSTANCE:microblaze_0_bram_block -
/home/ise/Xilinx/trash_1/firmware-ethernet/ExampleProject/ise/microblaze_0/micro
blaze_0.mhs line 105 - elaborating IP
IPNAME:clock_generator INSTANCE:clock_generator_0 -
/home/ise/Xilinx/trash_1/firmware-ethernet/ExampleProject/ise/microblaze_0/micro
blaze_0.mhs line 200 - elaborating IP
ClkGen elaborate status: PASSED
----------------------------------------
----------------------------------------

Writing HDL for elaborated instances ...

Inserting wrapper level ...
Completion time: 1.00 seconds

Constructing platform-level connectivity ...
Completion time: 0.00 seconds

Writing (top-level) BMM ...

Writing (top-level and wrappers) HDL ...

Generating synthesis project file ...

Running XST synthesis ...

INFO:EDK:4211 - The following instances are synthesized with XST. The MPD option
   IMP_NETLIST=TRUE indicates that a NGC file is to be produced using XST
   synthesis. IMP_NETLIST=FALSE (default) instances are not synthesized. 
INSTANCE:microblaze_0 -
/home/ise/Xilinx/trash_1/firmware-ethernet/ExampleProject/ise/microblaze_0/micro
blaze_0.mhs line 112 - Running XST synthesis
INSTANCE:iomodule_0 -
/home/ise/Xilinx/trash_1/firmware-ethernet/ExampleProject/ise/microblaze_0/micro
blaze_0.mhs line 166 - Running XST synthesis
INSTANCE:clock_generator_0 -
/home/ise/Xilinx/trash_1/firmware-ethernet/ExampleProject/ise/microblaze_0/micro
blaze_0.mhs line 200 - Running XST synthesis
INSTANCE:axi4lite_0 -
/home/ise/Xilinx/trash_1/firmware-ethernet/ExampleProject/ise/microblaze_0/micro
blaze_0.mhs line 235 - Running XST synthesis

Running NGCBUILD ...
IPNAME:microblaze_0_microblaze_0_wrapper INSTANCE:microblaze_0 -
/home/ise/Xilinx/trash_1/firmware-ethernet/ExampleProject/ise/microblaze_0/micro
blaze_0.mhs line 112 - Running NGCBUILD
IPNAME:microblaze_0_clock_generator_0_wrapper INSTANCE:clock_generator_0 -
/home/ise/Xilinx/trash_1/firmware-ethernet/ExampleProject/ise/microblaze_0/micro
blaze_0.mhs line 200 - Running NGCBUILD
IPNAME:microblaze_0_axi4lite_0_wrapper INSTANCE:axi4lite_0 -
/home/ise/Xilinx/trash_1/firmware-ethernet/ExampleProject/ise/microblaze_0/micro
blaze_0.mhs line 235 - Running NGCBUILD
INFO:EDK:3509 - NCF files should not be modified as they will be regenerated.
   If any constraint needs to be overridden, this should be done by modifying
   the data/microblaze_0.ucf file.

Rebuilding cache ...

Total run time: 210.00 seconds
