Release 14.7 - xst P.20160913 (lin64)
Copyright (c) 1995-2013 Xilinx, Inc.  All rights reserved.
--> 
Parameter TMPDIR set to xst/projnav.tmp


Total REAL time to Xst completion: 0.00 secs
Total CPU time to Xst completion: 0.01 secs
 
--> 
Parameter xsthdpdir set to xst


Total REAL time to Xst completion: 0.00 secs
Total CPU time to Xst completion: 0.01 secs
 
--> 
Reading design: USB_to_SSD_top.prj

TABLE OF CONTENTS
  1) Synthesis Options Summary
  2) HDL Parsing
  3) HDL Elaboration
  4) HDL Synthesis
       4.1) HDL Synthesis Report
  5) Advanced HDL Synthesis
       5.1) Advanced HDL Synthesis Report
  6) Low Level Synthesis
  7) Partition Report
  8) Design Summary
       8.1) Primitive and Black Box Usage
       8.2) Device utilization summary
       8.3) Partition Resource Summary
       8.4) Timing Report
            8.4.1) Clock Information
            8.4.2) Asynchronous Control Signals Information
            8.4.3) Timing Summary
            8.4.4) Timing Details
            8.4.5) Cross Clock Domains Report


=========================================================================
*                      Synthesis Options Summary                        *
=========================================================================
---- Source Parameters
Input File Name                    : "USB_to_SSD_top.prj"
Ignore Synthesis Constraint File   : NO

---- Target Parameters
Output File Name                   : "USB_to_SSD_top"
Output Format                      : NGC
Target Device                      : xc6slx9-3-tqg144

---- Source Options
Top Module Name                    : USB_to_SSD_top
Automatic FSM Extraction           : YES
FSM Encoding Algorithm             : Auto
Safe Implementation                : No
FSM Style                          : LUT
RAM Extraction                     : Yes
RAM Style                          : Auto
ROM Extraction                     : Yes
Shift Register Extraction          : YES
ROM Style                          : Auto
Resource Sharing                   : YES
Asynchronous To Synchronous        : NO
Shift Register Minimum Size        : 2
Use DSP Block                      : Auto
Automatic Register Balancing       : No

---- Target Options
LUT Combining                      : Auto
Reduce Control Sets                : Auto
Add IO Buffers                     : YES
Global Maximum Fanout              : 100000
Add Generic Clock Buffer(BUFG)     : 16
Register Duplication               : YES
Optimize Instantiated Primitives   : NO
Use Clock Enable                   : Auto
Use Synchronous Set                : Auto
Use Synchronous Reset              : Auto
Pack IO Registers into IOBs        : Auto
Equivalent register Removal        : YES

---- General Options
Optimization Goal                  : Speed
Optimization Effort                : 1
Power Reduction                    : NO
Keep Hierarchy                     : No
Netlist Hierarchy                  : As_Optimized
RTL Output                         : Yes
Global Optimization                : AllClockNets
Read Cores                         : YES
Write Timing Constraints           : NO
Cross Clock Analysis               : NO
Hierarchy Separator                : /
Bus Delimiter                      : <>
Case Specifier                     : Maintain
Slice Utilization Ratio            : 100
BRAM Utilization Ratio             : 100
DSP48 Utilization Ratio            : 100
Auto BRAM Packing                  : NO
Slice Utilization Ratio Delta      : 5

=========================================================================


=========================================================================
*                          HDL Parsing                                  *
=========================================================================
Analyzing Verilog file "/home/ise/Xilinx/projects/src/USB_to_SSD/spi_slave.v" into library work
Parsing module <spi_slave>.
Analyzing Verilog file "/home/ise/Xilinx/projects/src/USB_to_SSD/serial_tx.v" into library work
Parsing module <serial_tx>.
INFO:HDLCompiler:693 - "/home/ise/Xilinx/projects/src/USB_to_SSD/serial_tx.v" Line 14. parameter declaration becomes local in serial_tx with formal parameter declaration list
Analyzing Verilog file "/home/ise/Xilinx/projects/src/USB_to_SSD/serial_rx.v" into library work
Parsing module <serial_rx>.
INFO:HDLCompiler:693 - "/home/ise/Xilinx/projects/src/USB_to_SSD/serial_rx.v" Line 12. parameter declaration becomes local in serial_rx with formal parameter declaration list
Analyzing Verilog file "/home/ise/Xilinx/projects/src/USB_to_SSD/cclk_detector.v" into library work
Parsing module <cclk_detector>.
INFO:HDLCompiler:693 - "/home/ise/Xilinx/projects/src/USB_to_SSD/cclk_detector.v" Line 10. parameter declaration becomes local in cclk_detector with formal parameter declaration list
Analyzing Verilog file "/home/ise/Xilinx/projects/src/USB_to_SSD/avr_interface.v" into library work
Parsing module <avr_interface>.
INFO:HDLCompiler:693 - "/home/ise/Xilinx/projects/src/USB_to_SSD/avr_interface.v" Line 80. parameter declaration becomes local in avr_interface with formal parameter declaration list
Parsing VHDL file "/home/ise/Xilinx/projects/src/USB_to_SSD/syncBit_en.vhd" into library work
Parsing entity <syncBit_en>.
Parsing architecture <Behavioral> of entity <syncbit_en>.
Parsing VHDL file "/home/ise/Xilinx/projects/src/USB_to_SSD/process_trigger.vhd" into library work
Parsing entity <process_trigger>.
Parsing architecture <Behavioral> of entity <process_trigger>.
Parsing VHDL file "/home/ise/Xilinx/projects/src/USB_to_SSD/tranLoc_TOP.vhd" into library work
Parsing entity <tranLoc_TOP>.
Parsing architecture <Behavioral> of entity <tranloc_top>.
Parsing VHDL file "/home/ise/Xilinx/projects/src/USB_to_SSD/SSD_display.vhd" into library work
Parsing entity <SSD_display>.
Parsing architecture <Behavioral> of entity <ssd_display>.
Parsing VHDL file "/home/ise/Xilinx/projects/src/USB_to_SSD/BinaryToDecimal.vhd" into library work
Parsing entity <BinaryToDecimal>.
Parsing architecture <Behavioral> of entity <binarytodecimal>.
Parsing VHDL file "/home/ise/Xilinx/projects/src/USB_to_SSD/USB_to_SSD_top.vhd" into library work
Parsing entity <USB_to_SSD_top>.
Parsing architecture <Behavioral> of entity <usb_to_ssd_top>.

=========================================================================
*                            HDL Elaboration                            *
=========================================================================

Elaborating entity <USB_to_SSD_top> (architecture <Behavioral>) from library <work>.
Going to verilog side to elaborate module avr_interface

Elaborating module <avr_interface(CLK_RATE=50000000,SERIAL_BAUD_RATE=500000)>.

Elaborating module <cclk_detector(CLK_RATE=50000000)>.

Elaborating module <spi_slave>.

Elaborating module <serial_rx(CLK_PER_BIT=100)>.

Elaborating module <serial_tx(CLK_PER_BIT=100)>.
Back to vhdl to continue elaboration

Elaborating entity <tranLoc_TOP> (architecture <Behavioral>) with generics from library <work>.

Elaborating entity <syncBit_en> (architecture <Behavioral>) from library <work>.

Elaborating entity <process_trigger> (architecture <Behavioral>) with generics from library <work>.

Elaborating entity <BinaryToDecimal> (architecture <Behavioral>) from library <work>.

Elaborating entity <SSD_display> (architecture <Behavioral>) from library <work>.
WARNING:HDLCompiler:634 - "/home/ise/Xilinx/projects/src/USB_to_SSD/USB_to_SSD_top.vhd" Line 66: Net <channel[3]> does not have a driver.

=========================================================================
*                           HDL Synthesis                               *
=========================================================================

Synthesizing Unit <USB_to_SSD_top>.
    Related source file is "/home/ise/Xilinx/projects/src/USB_to_SSD/USB_to_SSD_top.vhd".
WARNING:Xst:647 - Input <io_button> is never used. This port will be preserved and left unconnected if it belongs to a top-level block or it belongs to a sub-block and the hierarchy of this sub-block is preserved.
INFO:Xst:3210 - "/home/ise/Xilinx/projects/src/USB_to_SSD/USB_to_SSD_top.vhd" line 92: Output port <sample> of the instance <AVR> is unconnected or connected to loadless signal.
INFO:Xst:3210 - "/home/ise/Xilinx/projects/src/USB_to_SSD/USB_to_SSD_top.vhd" line 92: Output port <sample_channel> of the instance <AVR> is unconnected or connected to loadless signal.
INFO:Xst:3210 - "/home/ise/Xilinx/projects/src/USB_to_SSD/USB_to_SSD_top.vhd" line 92: Output port <new_sample> of the instance <AVR> is unconnected or connected to loadless signal.
INFO:Xst:3210 - "/home/ise/Xilinx/projects/src/USB_to_SSD/USB_to_SSD_top.vhd" line 92: Output port <tx_busy> of the instance <AVR> is unconnected or connected to loadless signal.
INFO:Xst:3210 - "/home/ise/Xilinx/projects/src/USB_to_SSD/USB_to_SSD_top.vhd" line 92: Output port <new_rx_data> of the instance <AVR> is unconnected or connected to loadless signal.
WARNING:Xst:653 - Signal <channel> is used but never assigned. This sourceless signal will be automatically connected to value GND.
    Found 8-bit register for signal <led>.
    Found 12-bit register for signal <bcdinput>.
    Summary:
	inferred  20 D-type flip-flop(s).
Unit <USB_to_SSD_top> synthesized.

Synthesizing Unit <avr_interface>.
    Related source file is "/home/ise/Xilinx/projects/src/USB_to_SSD/avr_interface.v".
        CLK_RATE = 50000000
        SERIAL_BAUD_RATE = 500000
    Found 10-bit register for signal <sample_q>.
    Found 1-bit register for signal <new_sample_q>.
    Found 4-bit register for signal <block_q>.
    Found 1-bit register for signal <busy_q>.
    Found 4-bit register for signal <sample_channel_q>.
    Found 1-bit register for signal <byte_ct_q>.
    Found 1-bit tristate buffer for signal <spi_channel<3>> created at line 106
    Found 1-bit tristate buffer for signal <spi_channel<2>> created at line 106
    Found 1-bit tristate buffer for signal <spi_channel<1>> created at line 106
    Found 1-bit tristate buffer for signal <spi_channel<0>> created at line 106
    Found 1-bit tristate buffer for signal <spi_miso> created at line 107
    Found 1-bit tristate buffer for signal <tx> created at line 108
    Summary:
	inferred  21 D-type flip-flop(s).
	inferred   1 Multiplexer(s).
	inferred   6 Tristate(s).
Unit <avr_interface> synthesized.

Synthesizing Unit <cclk_detector>.
    Related source file is "/home/ise/Xilinx/projects/src/USB_to_SSD/cclk_detector.v".
        CLK_RATE = 50000000
    Found 1-bit register for signal <ready_q>.
    Found 10-bit register for signal <ctr_q>.
    Found 10-bit adder for signal <ctr_q[9]_GND_7_o_add_2_OUT> created at line 24.
    Summary:
	inferred   1 Adder/Subtractor(s).
	inferred  11 D-type flip-flop(s).
Unit <cclk_detector> synthesized.

Synthesizing Unit <spi_slave>.
    Related source file is "/home/ise/Xilinx/projects/src/USB_to_SSD/spi_slave.v".
    Found 3-bit register for signal <bit_ct_q>.
    Found 8-bit register for signal <dout_q>.
    Found 1-bit register for signal <miso_q>.
    Found 1-bit register for signal <sck_q>.
    Found 1-bit register for signal <mosi_q>.
    Found 1-bit register for signal <ss_q>.
    Found 8-bit register for signal <data_q>.
    Found 1-bit register for signal <sck_old_q>.
    Found 1-bit register for signal <done_q>.
    Found 3-bit adder for signal <bit_ct_q[2]_GND_8_o_add_1_OUT> created at line 45.
    Summary:
	inferred   1 Adder/Subtractor(s).
	inferred  25 D-type flip-flop(s).
	inferred   2 Multiplexer(s).
Unit <spi_slave> synthesized.

Synthesizing Unit <serial_rx>.
    Related source file is "/home/ise/Xilinx/projects/src/USB_to_SSD/serial_rx.v".
        CLK_PER_BIT = 100
    Found 3-bit register for signal <bit_ctr_q>.
    Found 1-bit register for signal <new_data_q>.
    Found 2-bit register for signal <state_q>.
    Found 1-bit register for signal <rx_q>.
    Found 8-bit register for signal <data_q>.
    Found 7-bit register for signal <ctr_q>.
    Found finite state machine <FSM_0> for signal <state_q>.
    -----------------------------------------------------------------------
    | States             | 4                                              |
    | Transitions        | 9                                              |
    | Inputs             | 4                                              |
    | Outputs            | 2                                              |
    | Clock              | clk (rising_edge)                              |
    | Reset              | rst (positive)                                 |
    | Reset type         | synchronous                                    |
    | Reset State        | 00                                             |
    | Power Up State     | 00                                             |
    | Encoding           | auto                                           |
    | Implementation     | LUT                                            |
    -----------------------------------------------------------------------
    Found 7-bit adder for signal <ctr_q[6]_GND_9_o_add_7_OUT> created at line 54.
    Found 3-bit adder for signal <bit_ctr_q[2]_GND_9_o_add_9_OUT> created at line 57.
    Summary:
	inferred   2 Adder/Subtractor(s).
	inferred  20 D-type flip-flop(s).
	inferred   7 Multiplexer(s).
	inferred   1 Finite State Machine(s).
Unit <serial_rx> synthesized.

Synthesizing Unit <serial_tx>.
    Related source file is "/home/ise/Xilinx/projects/src/USB_to_SSD/serial_tx.v".
        CLK_PER_BIT = 100
    Found 1-bit register for signal <tx_q>.
    Found 1-bit register for signal <block_q>.
    Found 8-bit register for signal <data_q>.
    Found 3-bit register for signal <bit_ctr_q>.
    Found 7-bit register for signal <ctr_q>.
    Found 1-bit register for signal <busy_q>.
    Found 2-bit register for signal <state_q>.
    Found finite state machine <FSM_1> for signal <state_q>.
    -----------------------------------------------------------------------
    | States             | 4                                              |
    | Transitions        | 10                                             |
    | Inputs             | 4                                              |
    | Outputs            | 2                                              |
    | Clock              | clk (rising_edge)                              |
    | Reset              | rst (positive)                                 |
    | Reset type         | synchronous                                    |
    | Reset State        | 00                                             |
    | Power Up State     | 00                                             |
    | Encoding           | auto                                           |
    | Implementation     | LUT                                            |
    -----------------------------------------------------------------------
    Found 3-bit adder for signal <bit_ctr_q[2]_GND_10_o_add_13_OUT> created at line 73.
    Found 7-bit adder for signal <ctr_q[6]_GND_10_o_add_19_OUT> created at line 82.
    Found 1-bit 8-to-1 multiplexer for signal <bit_ctr_q[2]_data_q[7]_Mux_10_o> created at line 69.
    Found 7-bit 4-to-1 multiplexer for signal <ctr_d> created at line 41.
    Summary:
	inferred   2 Adder/Subtractor(s).
	inferred  21 D-type flip-flop(s).
	inferred   6 Multiplexer(s).
	inferred   1 Finite State Machine(s).
Unit <serial_tx> synthesized.

Synthesizing Unit <tranLoc_TOP>.
    Related source file is "/home/ise/Xilinx/projects/src/USB_to_SSD/tranLoc_TOP.vhd".
        input_size = 8
        output_size = 8
    Summary:
	no macro.
Unit <tranLoc_TOP> synthesized.

Synthesizing Unit <syncBit_en>.
    Related source file is "/home/ise/Xilinx/projects/src/USB_to_SSD/syncBit_en.vhd".
WARNING:Xst:647 - Input <CE> is never used. This port will be preserved and left unconnected if it belongs to a top-level block or it belongs to a sub-block and the hierarchy of this sub-block is preserved.
    Summary:
	no macro.
Unit <syncBit_en> synthesized.

Synthesizing Unit <process_trigger>.
    Related source file is "/home/ise/Xilinx/projects/src/USB_to_SSD/process_trigger.vhd".
        input_size = 8
        output_size = 8
    Found 1-bit register for signal <new_hit>.
    Found 8-bit register for signal <prev_hit>.
    Found 8-bit register for signal <async_bit_out>.
    Found 8-bit comparator equal for signal <n0000> created at line 63
    Summary:
	inferred  17 D-type flip-flop(s).
	inferred   1 Comparator(s).
Unit <process_trigger> synthesized.

Synthesizing Unit <BinaryToDecimal>.
    Related source file is "/home/ise/Xilinx/projects/src/USB_to_SSD/BinaryToDecimal.vhd".
    Found 4-bit adder for signal <GND_21_o_GND_21_o_add_1_OUT> created at line 1241.
    Found 4-bit adder for signal <GND_21_o_GND_21_o_add_4_OUT> created at line 1241.
    Found 4-bit adder for signal <n0163> created at line 1241.
    Found 4-bit adder for signal <GND_21_o_GND_21_o_add_8_OUT> created at line 1241.
    Found 4-bit adder for signal <GND_21_o_GND_21_o_add_10_OUT> created at line 1241.
    Found 4-bit adder for signal <n0166> created at line 1241.
    Found 4-bit adder for signal <GND_21_o_GND_21_o_add_14_OUT> created at line 1241.
    Found 4-bit adder for signal <GND_21_o_GND_21_o_add_16_OUT> created at line 1241.
    Found 4-bit adder for signal <n0169> created at line 1241.
    Found 4-bit adder for signal <GND_21_o_GND_21_o_add_20_OUT> created at line 1241.
    Found 4-bit adder for signal <GND_21_o_GND_21_o_add_22_OUT> created at line 1241.
    Found 4-bit adder for signal <n0172> created at line 1241.
    Found 4-bit adder for signal <bcdinput[8]_GND_21_o_add_26_OUT> created at line 1241.
    Found 4-bit adder for signal <GND_21_o_GND_21_o_add_28_OUT> created at line 1241.
    Found 4-bit adder for signal <n0175> created at line 1241.
    Found 4-bit adder for signal <bcdinput[7]_GND_21_o_add_32_OUT> created at line 1241.
    Found 4-bit adder for signal <GND_21_o_GND_21_o_add_34_OUT> created at line 1241.
    Found 4-bit adder for signal <GND_21_o_GND_21_o_add_36_OUT> created at line 1241.
    Found 4-bit adder for signal <bcdinput[6]_GND_21_o_add_38_OUT> created at line 1241.
    Found 4-bit adder for signal <GND_21_o_GND_21_o_add_40_OUT> created at line 1241.
    Found 4-bit adder for signal <GND_21_o_GND_21_o_add_42_OUT> created at line 1241.
    Found 4-bit adder for signal <bcdinput[5]_GND_21_o_add_44_OUT> created at line 1241.
    Found 4-bit adder for signal <GND_21_o_GND_21_o_add_46_OUT> created at line 1241.
    Found 4-bit adder for signal <GND_21_o_GND_21_o_add_48_OUT> created at line 1241.
    Found 4-bit adder for signal <bcdinput[4]_GND_21_o_add_50_OUT> created at line 1241.
    Found 4-bit adder for signal <bcdinput[8]_GND_21_o_add_52_OUT> created at line 1241.
    Found 4-bit adder for signal <GND_21_o_GND_21_o_add_54_OUT> created at line 1241.
    Found 3-bit comparator greater for signal <PWR_17_o_bcdinput[11]_LessThan_1_o> created at line 58
    Found 4-bit comparator greater for signal <GND_21_o_GND_21_o_LessThan_4_o> created at line 62
    Found 4-bit comparator greater for signal <GND_21_o_GND_21_o_LessThan_6_o> created at line 66
    Found 4-bit comparator greater for signal <GND_21_o_GND_21_o_LessThan_8_o> created at line 58
    Found 4-bit comparator greater for signal <GND_21_o_GND_21_o_LessThan_10_o> created at line 62
    Found 4-bit comparator greater for signal <GND_21_o_GND_21_o_LessThan_12_o> created at line 66
    Found 4-bit comparator greater for signal <GND_21_o_GND_21_o_LessThan_14_o> created at line 58
    Found 4-bit comparator greater for signal <GND_21_o_GND_21_o_LessThan_16_o> created at line 62
    Found 4-bit comparator greater for signal <GND_21_o_GND_21_o_LessThan_18_o> created at line 66
    Found 4-bit comparator greater for signal <GND_21_o_GND_21_o_LessThan_20_o> created at line 58
    Found 4-bit comparator greater for signal <GND_21_o_GND_21_o_LessThan_22_o> created at line 62
    Found 4-bit comparator greater for signal <GND_21_o_GND_21_o_LessThan_24_o> created at line 66
    Found 4-bit comparator greater for signal <GND_21_o_bcdinput[8]_LessThan_26_o> created at line 58
    Found 4-bit comparator greater for signal <GND_21_o_GND_21_o_LessThan_28_o> created at line 62
    Found 4-bit comparator greater for signal <GND_21_o_GND_21_o_LessThan_30_o> created at line 66
    Found 4-bit comparator greater for signal <GND_21_o_bcdinput[7]_LessThan_32_o> created at line 58
    Found 4-bit comparator greater for signal <GND_21_o_GND_21_o_LessThan_34_o> created at line 62
    Found 4-bit comparator greater for signal <GND_21_o_GND_21_o_LessThan_36_o> created at line 66
    Found 4-bit comparator greater for signal <GND_21_o_bcdinput[6]_LessThan_38_o> created at line 58
    Found 4-bit comparator greater for signal <GND_21_o_GND_21_o_LessThan_40_o> created at line 62
    Found 4-bit comparator greater for signal <GND_21_o_GND_21_o_LessThan_42_o> created at line 66
    Found 4-bit comparator greater for signal <GND_21_o_bcdinput[5]_LessThan_44_o> created at line 58
    Found 4-bit comparator greater for signal <GND_21_o_GND_21_o_LessThan_46_o> created at line 62
    Found 4-bit comparator greater for signal <GND_21_o_GND_21_o_LessThan_48_o> created at line 66
    Found 4-bit comparator greater for signal <GND_21_o_bcdinput[4]_LessThan_50_o> created at line 58
    Found 4-bit comparator greater for signal <GND_21_o_bcdinput[8]_LessThan_52_o> created at line 62
    Found 4-bit comparator greater for signal <GND_21_o_GND_21_o_LessThan_54_o> created at line 66
    Summary:
	inferred  27 Adder/Subtractor(s).
	inferred  27 Comparator(s).
	inferred 100 Multiplexer(s).
Unit <BinaryToDecimal> synthesized.

Synthesizing Unit <SSD_display>.
    Related source file is "/home/ise/Xilinx/projects/src/USB_to_SSD/SSD_display.vhd".
    Found 4-bit register for signal <io_sel>.
    Found 4-bit register for signal <Reader>.
    Found 16-bit register for signal <count>.
    Found 16-bit adder for signal <count[15]_GND_22_o_add_0_OUT> created at line 53.
    Found 16x8-bit Read Only RAM for signal <io_seg>
    Summary:
	inferred   1 RAM(s).
	inferred   1 Adder/Subtractor(s).
	inferred  24 D-type flip-flop(s).
	inferred   3 Multiplexer(s).
Unit <SSD_display> synthesized.

=========================================================================
HDL Synthesis Report

Macro Statistics
# RAMs                                                 : 1
 16x8-bit single-port Read Only RAM                    : 1
# Adders/Subtractors                                   : 34
 10-bit adder                                          : 1
 16-bit adder                                          : 1
 3-bit adder                                           : 3
 4-bit adder                                           : 27
 7-bit adder                                           : 2
# Registers                                            : 36
 1-bit register                                        : 16
 10-bit register                                       : 2
 12-bit register                                       : 1
 16-bit register                                       : 1
 3-bit register                                        : 3
 4-bit register                                        : 4
 7-bit register                                        : 2
 8-bit register                                        : 7
# Comparators                                          : 28
 3-bit comparator greater                              : 1
 4-bit comparator greater                              : 26
 8-bit comparator equal                                : 1
# Multiplexers                                         : 119
 1-bit 2-to-1 multiplexer                              : 103
 1-bit 8-to-1 multiplexer                              : 1
 10-bit 2-to-1 multiplexer                             : 1
 16-bit 2-to-1 multiplexer                             : 1
 3-bit 2-to-1 multiplexer                              : 2
 4-bit 2-to-1 multiplexer                              : 3
 7-bit 2-to-1 multiplexer                              : 6
 7-bit 4-to-1 multiplexer                              : 1
 8-bit 2-to-1 multiplexer                              : 1
# Tristates                                            : 6
 1-bit tristate buffer                                 : 6
# FSMs                                                 : 2
# Xors                                                 : 1
 1-bit xor2                                            : 1

=========================================================================

=========================================================================
*                       Advanced HDL Synthesis                          *
=========================================================================

WARNING:Xst:1710 - FF/Latch <bcdinput_8> (without init value) has a constant value of 0 in block <USB_to_SSD_top>. This FF/Latch will be trimmed during the optimization process.
WARNING:Xst:1895 - Due to other FF/Latch trimming, FF/Latch <bcdinput_9> (without init value) has a constant value of 0 in block <USB_to_SSD_top>. This FF/Latch will be trimmed during the optimization process.
WARNING:Xst:1895 - Due to other FF/Latch trimming, FF/Latch <bcdinput_10> (without init value) has a constant value of 0 in block <USB_to_SSD_top>. This FF/Latch will be trimmed during the optimization process.
WARNING:Xst:1895 - Due to other FF/Latch trimming, FF/Latch <bcdinput_11> (without init value) has a constant value of 0 in block <USB_to_SSD_top>. This FF/Latch will be trimmed during the optimization process.
WARNING:Xst:2404 -  FFs/Latches <bcdinput<11:8>> (without init value) have a constant value of 0 in block <USB_to_SSD_top>.

Synthesizing (advanced) Unit <SSD_display>.
The following registers are absorbed into counter <count>: 1 register on signal <count>.
INFO:Xst:3231 - The small RAM <Mram_io_seg> will be implemented on LUTs in order to maximize performance and save block RAM resources. If you want to force its implementation on block, use option/constraint ram_style.
    -----------------------------------------------------------------------
    | ram_type           | Distributed                         |          |
    -----------------------------------------------------------------------
    | Port A                                                              |
    |     aspect ratio   | 16-word x 8-bit                     |          |
    |     weA            | connected to signal <GND>           | high     |
    |     addrA          | connected to signal <Reader>        |          |
    |     diA            | connected to signal <GND>           |          |
    |     doA            | connected to signal <io_seg>        |          |
    -----------------------------------------------------------------------
Unit <SSD_display> synthesized (advanced).

Synthesizing (advanced) Unit <cclk_detector>.
The following registers are absorbed into counter <ctr_q>: 1 register on signal <ctr_q>.
Unit <cclk_detector> synthesized (advanced).

Synthesizing (advanced) Unit <serial_rx>.
The following registers are absorbed into counter <bit_ctr_q>: 1 register on signal <bit_ctr_q>.
Unit <serial_rx> synthesized (advanced).

Synthesizing (advanced) Unit <serial_tx>.
The following registers are absorbed into counter <bit_ctr_q>: 1 register on signal <bit_ctr_q>.
Unit <serial_tx> synthesized (advanced).

Synthesizing (advanced) Unit <spi_slave>.
The following registers are absorbed into counter <bit_ct_q>: 1 register on signal <bit_ct_q>.
Unit <spi_slave> synthesized (advanced).

=========================================================================
Advanced HDL Synthesis Report

Macro Statistics
# RAMs                                                 : 1
 16x8-bit single-port distributed Read Only RAM        : 1
# Adders/Subtractors                                   : 30
 16-bit adder                                          : 1
 3-bit adder                                           : 5
 4-bit adder                                           : 22
 7-bit adder                                           : 2
# Counters                                             : 5
 10-bit up counter                                     : 1
 16-bit up counter                                     : 1
 3-bit up counter                                      : 3
# Registers                                            : 136
 Flip-Flops                                            : 136
# Comparators                                          : 28
 3-bit comparator greater                              : 1
 4-bit comparator greater                              : 26
 8-bit comparator equal                                : 1
# Multiplexers                                         : 117
 1-bit 2-to-1 multiplexer                              : 103
 1-bit 8-to-1 multiplexer                              : 1
 10-bit 2-to-1 multiplexer                             : 1
 16-bit 2-to-1 multiplexer                             : 1
 4-bit 2-to-1 multiplexer                              : 3
 7-bit 2-to-1 multiplexer                              : 6
 7-bit 4-to-1 multiplexer                              : 1
 8-bit 2-to-1 multiplexer                              : 1
# FSMs                                                 : 2
# Xors                                                 : 1
 1-bit xor2                                            : 1

=========================================================================

=========================================================================
*                         Low Level Synthesis                           *
=========================================================================
Analyzing FSM <MFsm> for best encoding.
Optimizing FSM <AVR/serial_tx/FSM_1> on signal <state_q[1:2]> with gray encoding.
-------------------
 State | Encoding
-------------------
 00    | 00
 01    | 01
 10    | 11
 11    | 10
-------------------
Analyzing FSM <MFsm> for best encoding.
Optimizing FSM <AVR/serial_rx/FSM_0> on signal <state_q[1:2]> with gray encoding.
-------------------
 State | Encoding
-------------------
 00    | 00
 01    | 01
 10    | 11
 11    | 10
-------------------
WARNING:Xst:2677 - Node <AVR/sample_q_9> of sequential type is unconnected in block <USB_to_SSD_top>.
WARNING:Xst:2677 - Node <AVR/sample_q_8> of sequential type is unconnected in block <USB_to_SSD_top>.
WARNING:Xst:2677 - Node <AVR/sample_q_7> of sequential type is unconnected in block <USB_to_SSD_top>.
WARNING:Xst:2677 - Node <AVR/sample_q_6> of sequential type is unconnected in block <USB_to_SSD_top>.
WARNING:Xst:2677 - Node <AVR/sample_q_5> of sequential type is unconnected in block <USB_to_SSD_top>.
WARNING:Xst:2677 - Node <AVR/sample_q_4> of sequential type is unconnected in block <USB_to_SSD_top>.
WARNING:Xst:2677 - Node <AVR/sample_q_3> of sequential type is unconnected in block <USB_to_SSD_top>.
WARNING:Xst:2677 - Node <AVR/sample_q_2> of sequential type is unconnected in block <USB_to_SSD_top>.
WARNING:Xst:2677 - Node <AVR/sample_q_1> of sequential type is unconnected in block <USB_to_SSD_top>.
WARNING:Xst:2677 - Node <AVR/sample_q_0> of sequential type is unconnected in block <USB_to_SSD_top>.
WARNING:Xst:2677 - Node <AVR/new_sample_q> of sequential type is unconnected in block <USB_to_SSD_top>.
WARNING:Xst:2677 - Node <AVR/byte_ct_q> of sequential type is unconnected in block <USB_to_SSD_top>.
WARNING:Xst:2677 - Node <AVR/sample_channel_q_3> of sequential type is unconnected in block <USB_to_SSD_top>.
WARNING:Xst:2677 - Node <AVR/sample_channel_q_2> of sequential type is unconnected in block <USB_to_SSD_top>.
WARNING:Xst:2677 - Node <AVR/sample_channel_q_1> of sequential type is unconnected in block <USB_to_SSD_top>.
WARNING:Xst:2677 - Node <AVR/sample_channel_q_0> of sequential type is unconnected in block <USB_to_SSD_top>.

Optimizing unit <tranLoc_TOP> ...

Optimizing unit <USB_to_SSD_top> ...

Optimizing unit <serial_tx> ...

Optimizing unit <spi_slave> ...

Optimizing unit <serial_rx> ...

Optimizing unit <process_trigger> ...

Optimizing unit <SSD_display> ...

Optimizing unit <BinaryToDecimal> ...
WARNING:Xst:2677 - Node <AVR/spi_slave/dout_q_7> of sequential type is unconnected in block <USB_to_SSD_top>.
WARNING:Xst:2677 - Node <AVR/spi_slave/dout_q_6> of sequential type is unconnected in block <USB_to_SSD_top>.
WARNING:Xst:2677 - Node <AVR/spi_slave/dout_q_5> of sequential type is unconnected in block <USB_to_SSD_top>.
WARNING:Xst:2677 - Node <AVR/spi_slave/dout_q_4> of sequential type is unconnected in block <USB_to_SSD_top>.
WARNING:Xst:2677 - Node <AVR/spi_slave/dout_q_3> of sequential type is unconnected in block <USB_to_SSD_top>.
WARNING:Xst:2677 - Node <AVR/spi_slave/dout_q_2> of sequential type is unconnected in block <USB_to_SSD_top>.
WARNING:Xst:2677 - Node <AVR/spi_slave/dout_q_1> of sequential type is unconnected in block <USB_to_SSD_top>.
WARNING:Xst:2677 - Node <AVR/spi_slave/dout_q_0> of sequential type is unconnected in block <USB_to_SSD_top>.
WARNING:Xst:2677 - Node <AVR/spi_slave/done_q> of sequential type is unconnected in block <USB_to_SSD_top>.
WARNING:Xst:2677 - Node <AVR/serial_rx/new_data_q> of sequential type is unconnected in block <USB_to_SSD_top>.
INFO:Xst:2261 - The FF/Latch <led_0> in Unit <USB_to_SSD_top> is equivalent to the following 7 FFs/Latches, which will be removed : <led_1> <led_2> <led_3> <led_4> <led_5> <led_6> <led_7> 

Mapping all equations...
Building and optimizing final netlist ...
Found area constraint ratio of 100 (+ 5) on block USB_to_SSD_top, actual ratio is 4.

Final Macro Processing ...

Processing Unit <USB_to_SSD_top> :
	Found 3-bit shift register for signal <AVR/block_q_2>.
Unit <USB_to_SSD_top> processed.

=========================================================================
Final Register Report

Macro Statistics
# Registers                                            : 139
 Flip-Flops                                            : 139
# Shift Registers                                      : 1
 3-bit shift register                                  : 1

=========================================================================

=========================================================================
*                           Partition Report                            *
=========================================================================

Partition Implementation Status
-------------------------------

  No Partitions were found in this design.

-------------------------------

=========================================================================
*                            Design Summary                             *
=========================================================================

Top Level Output File Name         : USB_to_SSD_top.ngc

Primitive and Black Box Usage:
------------------------------
# BELS                             : 269
#      GND                         : 1
#      INV                         : 7
#      LUT1                        : 39
#      LUT2                        : 28
#      LUT3                        : 18
#      LUT4                        : 26
#      LUT5                        : 15
#      LUT6                        : 46
#      MUXCY                       : 39
#      MUXF7                       : 7
#      VCC                         : 1
#      XORCY                       : 42
# FlipFlops/Latches                : 140
#      FD                          : 40
#      FDE                         : 39
#      FDR                         : 4
#      FDRE                        : 47
#      FDS                         : 2
#      FDSE                        : 8
# Shift Registers                  : 1
#      SRLC16E                     : 1
# Clock Buffers                    : 1
#      BUFGP                       : 1
# IO Buffers                       : 81
#      IBUF                        : 31
#      OBUF                        : 44
#      OBUFT                       : 6

Device utilization summary:
---------------------------

Selected Device : 6slx9tqg144-3 


Slice Logic Utilization: 
 Number of Slice Registers:             140  out of  11440     1%  
 Number of Slice LUTs:                  180  out of   5720     3%  
    Number used as Logic:               179  out of   5720     3%  
    Number used as Memory:                1  out of   1440     0%  
       Number used as SRL:                1

Slice Logic Distribution: 
 Number of LUT Flip Flop pairs used:    232
   Number with an unused Flip Flop:      92  out of    232    39%  
   Number with an unused LUT:            52  out of    232    22%  
   Number of fully used LUT-FF pairs:    88  out of    232    37%  
   Number of unique control sets:        16

IO Utilization: 
 Number of IOs:                          87
 Number of bonded IOBs:                  82  out of    102    80%  

Specific Feature Utilization:
 Number of BUFG/BUFGCTRLs:                1  out of     16     6%  

---------------------------
Partition Resource Summary:
---------------------------

  No Partitions were found in this design.

---------------------------


=========================================================================
Timing Report

NOTE: THESE TIMING NUMBERS ARE ONLY A SYNTHESIS ESTIMATE.
      FOR ACCURATE TIMING INFORMATION PLEASE REFER TO THE TRACE REPORT
      GENERATED AFTER PLACE-and-ROUTE.

Clock Information:
------------------
-----------------------------------+------------------------+-------+
Clock Signal                       | Clock buffer(FF name)  | Load  |
-----------------------------------+------------------------+-------+
clk                                | BUFGP                  | 141   |
-----------------------------------+------------------------+-------+

Asynchronous Control Signals Information:
----------------------------------------
No asynchronous control signals found in this design

Timing Summary:
---------------
Speed Grade: -3

   Minimum period: 5.418ns (Maximum Frequency: 184.573MHz)
   Minimum input arrival time before clock: 3.713ns
   Maximum output required time after clock: 4.987ns
   Maximum combinational path delay: 5.296ns

Timing Details:
---------------
All values displayed in nanoseconds (ns)

=========================================================================
Timing constraint: Default period analysis for Clock 'clk'
  Clock period: 5.418ns (frequency: 184.573MHz)
  Total number of paths / destination ports: 4626 / 240
-------------------------------------------------------------------------
Delay:               5.418ns (Levels of Logic = 5)
  Source:            bcdinput_3 (FF)
  Destination:       SSD/Reader_2 (FF)
  Source Clock:      clk rising
  Destination Clock: clk rising

  Data Path: bcdinput_3 to SSD/Reader_2
                                Gate     Net
    Cell:in->out      fanout   Delay   Delay  Logical Name (Net Name)
    ----------------------------------------  ------------
     FDE:C->Q             14   0.447   1.302  bcdinput_3 (bcdinput_3)
     LUT5:I0->O            2   0.203   0.864  BCD/GND_21_o_bcdinput[4]_LessThan_50_o21 (BCD/GND_21_o_bcdinput[4]_LessThan_50_o2)
     LUT6:I2->O            1   0.203   0.579  SSD/Mmux_io_sel[3]_Reader[3]_wide_mux_2_OUT32 (SSD/Mmux_io_sel[3]_Reader[3]_wide_mux_2_OUT31)
     MUXF7:S->O            1   0.148   0.580  SSD/Reader_2_dpot (SSD/Reader_2_dpot)
     LUT6:I5->O            1   0.205   0.580  SSD/Reader_2_dpot1_G (N39)
     LUT3:I2->O            1   0.205   0.000  SSD/Reader_2_dpot11 (SSD/Reader_2_dpot1)
     FDE:D                     0.102          SSD/Reader_2
    ----------------------------------------
    Total                      5.418ns (1.513ns logic, 3.905ns route)
                                       (27.9% logic, 72.1% route)

=========================================================================
Timing constraint: Default OFFSET IN BEFORE for Clock 'clk'
  Total number of paths / destination ports: 60 / 49
-------------------------------------------------------------------------
Offset:              3.713ns (Levels of Logic = 2)
  Source:            rst_n (PAD)
  Destination:       input_process/generate_sync[0].bit_sync/cdc_reg1 (FF)
  Destination Clock: clk rising

  Data Path: rst_n to input_process/generate_sync[0].bit_sync/cdc_reg1
                                Gate     Net
    Cell:in->out      fanout   Delay   Delay  Logical Name (Net Name)
    ----------------------------------------  ------------
     IBUF:I->O             4   1.222   0.683  rst_n_IBUF (rst_n_IBUF)
     INV:I->O             24   0.206   1.172  rst1_INV_0 (rst)
     FDRE:R                    0.430          input_process/generate_sync[7].bit_sync/cdc_reg1
    ----------------------------------------
    Total                      3.713ns (1.858ns logic, 1.855ns route)
                                       (50.0% logic, 50.0% route)

=========================================================================
Timing constraint: Default OFFSET OUT AFTER for Clock 'clk'
  Total number of paths / destination ports: 48 / 25
-------------------------------------------------------------------------
Offset:              4.987ns (Levels of Logic = 2)
  Source:            AVR/cclk_detector/ready_q (FF)
  Destination:       spi_channel<3> (PAD)
  Source Clock:      clk rising

  Data Path: AVR/cclk_detector/ready_q to spi_channel<3>
                                Gate     Net
    Cell:in->out      fanout   Delay   Delay  Logical Name (Net Name)
    ----------------------------------------  ------------
     FD:C->Q               3   0.447   0.650  AVR/cclk_detector/ready_q (AVR/cclk_detector/ready_q)
     INV:I->O             21   0.206   1.113  AVR/n_rdy1_INV_0 (AVR/n_rdy)
     OBUFT:T->O                2.571          spi_channel_3_OBUFT (spi_channel<3>)
    ----------------------------------------
    Total                      4.987ns (3.224ns logic, 1.763ns route)
                                       (64.6% logic, 35.4% route)

=========================================================================
Timing constraint: Default path analysis
  Total number of paths / destination ports: 25 / 25
-------------------------------------------------------------------------
Delay:               5.296ns (Levels of Logic = 3)
  Source:            spi_ss (PAD)
  Destination:       spi_miso (PAD)

  Data Path: spi_ss to spi_miso
                                Gate     Net
    Cell:in->out      fanout   Delay   Delay  Logical Name (Net Name)
    ----------------------------------------  ------------
     IBUF:I->O             2   1.222   0.721  spi_ss_IBUF (spi_ss_IBUF)
     LUT2:I0->O            1   0.203   0.579  AVR/ready_spi_ss_AND_3_o_inv1 (AVR/ready_spi_ss_AND_3_o_inv)
     OBUFT:T->O                2.571          spi_miso_OBUFT (spi_miso)
    ----------------------------------------
    Total                      5.296ns (3.996ns logic, 1.300ns route)
                                       (75.5% logic, 24.5% route)

=========================================================================

Cross Clock Domains Report:
--------------------------

Clock to Setup on destination clock clk
---------------+---------+---------+---------+---------+
               | Src:Rise| Src:Fall| Src:Rise| Src:Fall|
Source Clock   |Dest:Rise|Dest:Rise|Dest:Fall|Dest:Fall|
---------------+---------+---------+---------+---------+
clk            |    5.418|         |         |         |
---------------+---------+---------+---------+---------+

=========================================================================


Total REAL time to Xst completion: 4.00 secs
Total CPU time to Xst completion: 3.53 secs
 
--> 


Total memory usage is 500420 kilobytes

Number of errors   :    0 (   0 filtered)
Number of warnings :   35 (   0 filtered)
Number of infos    :    7 (   0 filtered)

