INFO:sim:172 - Generating IP...
Applying current project options...
Finished applying current project options.
ERROR:sim - Tcl error detected while configuring symbol pins.
ERROR:sim - An internal error has occurred. Closing AXI4-Stream Interconnect
ERROR:sim -    GUI.
WARNING:sim - A core named 'axis_fifo' already exists in the project. Output
   products for this core may be overwritten.
Resolving generics for 'axis_fifo'...
WARNING:sim - A core named 'axis_fifo' already exists in the project. Output
   products for this core may be overwritten.
Applying external generics to 'axis_fifo'...
INFO:sim - Running axis_interconnect_ucfgen.tcl
INFO:sim - Generating MAXDELAY constraint for async clock-converter for M00_AXIS
   interface.
INFO:sim - No asynchronous clock conversions in axis_fifo port S00_AXIS.
INFO:sim - Writing core-level timing constraint file
   /home/ise/Documents/Projects/trash_1/firmware-ethernet/ExampleProject/ise/ipc
   ore_dir/tmp/_cg/axis_fifo.ucf.
Delivering associated files for 'axis_fifo'...
Generating implementation netlist for 'axis_fifo'...
INFO:sim - Pre-processing HDL files for 'axis_fifo'...
Running synthesis for 'axis_fifo'
Running ngcbuild...
Writing VHO instantiation template for 'axis_fifo'...
Writing VHDL instantiation wrapper for 'axis_fifo'...
Delivered 26 files into directory
/home/ise/Documents/Projects/trash_1/firmware-ethernet/ExampleProject/ise/ipcore
_dir/tmp/_cg/axis_fifo
Writing VHDL instantiation wrapper for 'axis_fifo'...
Delivered 3 files into directory
/home/ise/Documents/Projects/trash_1/firmware-ethernet/ExampleProject/ise/ipcore
_dir/tmp/_cg/axis_fifo
Delivered 1 file into directory
/home/ise/Documents/Projects/trash_1/firmware-ethernet/ExampleProject/ise/ipcore
_dir/tmp/_cg/axis_fifo
Generating ASY schematic symbol...
INFO:sim:949 - Finished generation of ASY schematic symbol.
Generating SYM schematic symbol for 'axis_fifo'...
Regenerating ISE project file for 'axis_fifo'...
Generating README file...
Generating FLIST file...
INFO:sim:948 - Finished FLIST file generation.
Launching README viewer...
Moving files to output directory...
Finished moving files to output directory
Wrote CGP file for project 'axis_fifo'.
