Release 14.7 Map P.20160913 (lin64)
Xilinx Mapping Report File for Design 'data_ports'

Design Information
------------------
Command Line   : map -filter
/home/ise/Xilinx/projects/src/data_handling/iseconfig/filter.filter -intstyle
ise -p xc6slx150t-fgg676-3 -w -logic_opt off -ol high -t 1 -xt 0
-register_duplication off -r 4 -global_opt off -mt off -ir off -pr off -lc off
-power off -o data_ports_map.ncd data_ports.ngd data_ports.pcf 
Target Device  : xc6slx150t
Target Package : fgg676
Target Speed   : -3
Mapper Version : spartan6 -- $Revision: 1.55 $
Mapped Date    : Wed Oct 17 17:48:14 2018

Design Summary
--------------
Number of errors:      0
Number of warnings:    1
Slice Logic Utilization:
  Number of Slice Registers:                 1,118 out of 184,304    1%
    Number used as Flip Flops:               1,118
    Number used as Latches:                      0
    Number used as Latch-thrus:                  0
    Number used as AND/OR logics:                0
  Number of Slice LUTs:                        757 out of  92,152    1%
    Number used as logic:                      648 out of  92,152    1%
      Number using O6 output only:             519
      Number using O5 output only:               0
      Number using O5 and O6:                  129
      Number used as ROM:                        0
    Number used as Memory:                       0 out of  21,680    0%
    Number used exclusively as route-thrus:    109
      Number with same-slice register load:    109
      Number with same-slice carry load:         0
      Number with other load:                    0

Slice Logic Distribution:
  Number of occupied Slices:                   480 out of  23,038    2%
  Number of MUXCYs used:                         0 out of  46,076    0%
  Number of LUT Flip Flop pairs used:        1,068
    Number with an unused Flip Flop:           187 out of   1,068   17%
    Number with an unused LUT:                 311 out of   1,068   29%
    Number of fully used LUT-FF pairs:         570 out of   1,068   53%
    Number of unique control sets:               2
    Number of slice register sites lost
      to control set restrictions:               2 out of 184,304    1%

  A LUT Flip Flop pair for this architecture represents one LUT paired with
  one Flip Flop within a slice.  A control set is a unique combination of
  clock, reset, set, and enable signals for a registered element.
  The Slice Logic Distribution report is not meaningful if the design is
  over-mapped for a non-slice resource or if Placement fails.

IO Utilization:
  Number of bonded IOBs:                       212 out of     396   53%

Specific Feature Utilization:
  Number of RAMB16BWERs:                         0 out of     268    0%
  Number of RAMB8BWERs:                         64 out of     536   11%
  Number of BUFIO2/BUFIO2_2CLKs:                 1 out of      32    3%
    Number used as BUFIO2s:                      1
    Number used as BUFIO2_2CLKs:                 0
  Number of BUFIO2FB/BUFIO2FB_2CLKs:             1 out of      32    3%
    Number used as BUFIO2FBs:                    1
    Number used as BUFIO2FB_2CLKs:               0
  Number of BUFG/BUFGMUXs:                       3 out of      16   18%
    Number used as BUFGs:                        3
    Number used as BUFGMUX:                      0
  Number of DCM/DCM_CLKGENs:                     0 out of      12    0%
  Number of ILOGIC2/ISERDES2s:                  64 out of     586   10%
    Number used as ILOGIC2s:                     0
    Number used as ISERDES2s:                   64
  Number of IODELAY2/IODRP2/IODRP2_MCBs:         0 out of     586    0%
  Number of OLOGIC2/OSERDES2s:                   0 out of     586    0%
  Number of BSCANs:                              0 out of       4    0%
  Number of BUFHs:                               0 out of     384    0%
  Number of BUFPLLs:                             0 out of       8    0%
  Number of BUFPLL_MCBs:                         0 out of       4    0%
  Number of DSP48A1s:                            0 out of     180    0%
  Number of GTPA1_DUALs:                         0 out of       4    0%
  Number of ICAPs:                               0 out of       1    0%
  Number of MCBs:                                0 out of       4    0%
  Number of PCIE_A1s:                            0 out of       1    0%
  Number of PCILOGICSEs:                         0 out of       2    0%
  Number of PLL_ADVs:                            1 out of       6   16%
  Number of PMVs:                                0 out of       1    0%
  Number of STARTUPs:                            0 out of       1    0%
  Number of SUSPEND_SYNCs:                       0 out of       1    0%

Average Fanout of Non-Clock Nets:                3.25

Peak Memory Usage:  1057 MB
Total REAL time to MAP completion:  29 secs 
Total CPU time to MAP completion:   28 secs 

Table of Contents
-----------------
Section 1 - Errors
Section 2 - Warnings
Section 3 - Informational
Section 4 - Removed Logic Summary
Section 5 - Removed Logic
Section 6 - IOB Properties
Section 7 - RPMs
Section 8 - Guide Report
Section 9 - Area Group and Partition Summary
Section 10 - Timing Report
Section 11 - Configuration String Information
Section 12 - Control Set Information
Section 13 - Utilization by Hierarchy

Section 1 - Errors
------------------

Section 2 - Warnings
--------------------
WARNING:PhysDesignRules:2410 - This design is using one or more 9K Block RAMs
   (RAMB8BWER).  9K Block RAM initialization data, both user defined and
   default, may be incorrect and should not be used.  For more information,
   please reference Xilinx Answer Record 39999.

Section 3 - Informational
-------------------------
INFO:MapLib:562 - No environment variables are currently set.
INFO:LIT:244 - All of the single ended outputs in this design are using slew
   rate limited output drivers. The delay on speed critical single ended outputs
   can be dramatically reduced by designating them as fast outputs.
INFO:Pack:1716 - Initializing temperature to 85.000 Celsius. (default - Range:
   0.000 to 85.000 Celsius)
INFO:Pack:1720 - Initializing voltage to 1.140 Volts. (default - Range: 1.140 to
   1.260 Volts)
INFO:Map:215 - The Interim Design Summary has been generated in the MAP Report
   (.mrp).
INFO:Pack:1650 - Map created a placed design.

Section 4 - Removed Logic Summary
---------------------------------
 130 block(s) optimized away

Section 5 - Removed Logic
-------------------------

Optimized Block(s):
TYPE 		BLOCK
GND 		XST_GND
VCC 		XST_VCC
GND 		gen_data_handling[0].Inst_data_handling_module/BRAM_storage/XST_GND
VCC 		gen_data_handling[0].Inst_data_handling_module/BRAM_storage/XST_VCC
GND 		gen_data_handling[10].Inst_data_handling_module/BRAM_storage/XST_GND
VCC 		gen_data_handling[10].Inst_data_handling_module/BRAM_storage/XST_VCC
GND 		gen_data_handling[11].Inst_data_handling_module/BRAM_storage/XST_GND
VCC 		gen_data_handling[11].Inst_data_handling_module/BRAM_storage/XST_VCC
GND 		gen_data_handling[12].Inst_data_handling_module/BRAM_storage/XST_GND
VCC 		gen_data_handling[12].Inst_data_handling_module/BRAM_storage/XST_VCC
GND 		gen_data_handling[13].Inst_data_handling_module/BRAM_storage/XST_GND
VCC 		gen_data_handling[13].Inst_data_handling_module/BRAM_storage/XST_VCC
GND 		gen_data_handling[14].Inst_data_handling_module/BRAM_storage/XST_GND
VCC 		gen_data_handling[14].Inst_data_handling_module/BRAM_storage/XST_VCC
GND 		gen_data_handling[15].Inst_data_handling_module/BRAM_storage/XST_GND
VCC 		gen_data_handling[15].Inst_data_handling_module/BRAM_storage/XST_VCC
GND 		gen_data_handling[16].Inst_data_handling_module/BRAM_storage/XST_GND
VCC 		gen_data_handling[16].Inst_data_handling_module/BRAM_storage/XST_VCC
GND 		gen_data_handling[17].Inst_data_handling_module/BRAM_storage/XST_GND
VCC 		gen_data_handling[17].Inst_data_handling_module/BRAM_storage/XST_VCC
GND 		gen_data_handling[18].Inst_data_handling_module/BRAM_storage/XST_GND
VCC 		gen_data_handling[18].Inst_data_handling_module/BRAM_storage/XST_VCC
GND 		gen_data_handling[19].Inst_data_handling_module/BRAM_storage/XST_GND
VCC 		gen_data_handling[19].Inst_data_handling_module/BRAM_storage/XST_VCC
GND 		gen_data_handling[1].Inst_data_handling_module/BRAM_storage/XST_GND
VCC 		gen_data_handling[1].Inst_data_handling_module/BRAM_storage/XST_VCC
GND 		gen_data_handling[20].Inst_data_handling_module/BRAM_storage/XST_GND
VCC 		gen_data_handling[20].Inst_data_handling_module/BRAM_storage/XST_VCC
GND 		gen_data_handling[21].Inst_data_handling_module/BRAM_storage/XST_GND
VCC 		gen_data_handling[21].Inst_data_handling_module/BRAM_storage/XST_VCC
GND 		gen_data_handling[22].Inst_data_handling_module/BRAM_storage/XST_GND
VCC 		gen_data_handling[22].Inst_data_handling_module/BRAM_storage/XST_VCC
GND 		gen_data_handling[23].Inst_data_handling_module/BRAM_storage/XST_GND
VCC 		gen_data_handling[23].Inst_data_handling_module/BRAM_storage/XST_VCC
GND 		gen_data_handling[24].Inst_data_handling_module/BRAM_storage/XST_GND
VCC 		gen_data_handling[24].Inst_data_handling_module/BRAM_storage/XST_VCC
GND 		gen_data_handling[25].Inst_data_handling_module/BRAM_storage/XST_GND
VCC 		gen_data_handling[25].Inst_data_handling_module/BRAM_storage/XST_VCC
GND 		gen_data_handling[26].Inst_data_handling_module/BRAM_storage/XST_GND
VCC 		gen_data_handling[26].Inst_data_handling_module/BRAM_storage/XST_VCC
GND 		gen_data_handling[27].Inst_data_handling_module/BRAM_storage/XST_GND
VCC 		gen_data_handling[27].Inst_data_handling_module/BRAM_storage/XST_VCC
GND 		gen_data_handling[28].Inst_data_handling_module/BRAM_storage/XST_GND
VCC 		gen_data_handling[28].Inst_data_handling_module/BRAM_storage/XST_VCC
GND 		gen_data_handling[29].Inst_data_handling_module/BRAM_storage/XST_GND
VCC 		gen_data_handling[29].Inst_data_handling_module/BRAM_storage/XST_VCC
GND 		gen_data_handling[2].Inst_data_handling_module/BRAM_storage/XST_GND
VCC 		gen_data_handling[2].Inst_data_handling_module/BRAM_storage/XST_VCC
GND 		gen_data_handling[30].Inst_data_handling_module/BRAM_storage/XST_GND
VCC 		gen_data_handling[30].Inst_data_handling_module/BRAM_storage/XST_VCC
GND 		gen_data_handling[31].Inst_data_handling_module/BRAM_storage/XST_GND
VCC 		gen_data_handling[31].Inst_data_handling_module/BRAM_storage/XST_VCC
GND 		gen_data_handling[32].Inst_data_handling_module/BRAM_storage/XST_GND
VCC 		gen_data_handling[32].Inst_data_handling_module/BRAM_storage/XST_VCC
GND 		gen_data_handling[33].Inst_data_handling_module/BRAM_storage/XST_GND
VCC 		gen_data_handling[33].Inst_data_handling_module/BRAM_storage/XST_VCC
GND 		gen_data_handling[34].Inst_data_handling_module/BRAM_storage/XST_GND
VCC 		gen_data_handling[34].Inst_data_handling_module/BRAM_storage/XST_VCC
GND 		gen_data_handling[35].Inst_data_handling_module/BRAM_storage/XST_GND
VCC 		gen_data_handling[35].Inst_data_handling_module/BRAM_storage/XST_VCC
GND 		gen_data_handling[36].Inst_data_handling_module/BRAM_storage/XST_GND
VCC 		gen_data_handling[36].Inst_data_handling_module/BRAM_storage/XST_VCC
GND 		gen_data_handling[37].Inst_data_handling_module/BRAM_storage/XST_GND
VCC 		gen_data_handling[37].Inst_data_handling_module/BRAM_storage/XST_VCC
GND 		gen_data_handling[38].Inst_data_handling_module/BRAM_storage/XST_GND
VCC 		gen_data_handling[38].Inst_data_handling_module/BRAM_storage/XST_VCC
GND 		gen_data_handling[39].Inst_data_handling_module/BRAM_storage/XST_GND
VCC 		gen_data_handling[39].Inst_data_handling_module/BRAM_storage/XST_VCC
GND 		gen_data_handling[3].Inst_data_handling_module/BRAM_storage/XST_GND
VCC 		gen_data_handling[3].Inst_data_handling_module/BRAM_storage/XST_VCC
GND 		gen_data_handling[40].Inst_data_handling_module/BRAM_storage/XST_GND
VCC 		gen_data_handling[40].Inst_data_handling_module/BRAM_storage/XST_VCC
GND 		gen_data_handling[41].Inst_data_handling_module/BRAM_storage/XST_GND
VCC 		gen_data_handling[41].Inst_data_handling_module/BRAM_storage/XST_VCC
GND 		gen_data_handling[42].Inst_data_handling_module/BRAM_storage/XST_GND
VCC 		gen_data_handling[42].Inst_data_handling_module/BRAM_storage/XST_VCC
GND 		gen_data_handling[43].Inst_data_handling_module/BRAM_storage/XST_GND
VCC 		gen_data_handling[43].Inst_data_handling_module/BRAM_storage/XST_VCC
GND 		gen_data_handling[44].Inst_data_handling_module/BRAM_storage/XST_GND
VCC 		gen_data_handling[44].Inst_data_handling_module/BRAM_storage/XST_VCC
GND 		gen_data_handling[45].Inst_data_handling_module/BRAM_storage/XST_GND
VCC 		gen_data_handling[45].Inst_data_handling_module/BRAM_storage/XST_VCC
GND 		gen_data_handling[46].Inst_data_handling_module/BRAM_storage/XST_GND
VCC 		gen_data_handling[46].Inst_data_handling_module/BRAM_storage/XST_VCC
GND 		gen_data_handling[47].Inst_data_handling_module/BRAM_storage/XST_GND
VCC 		gen_data_handling[47].Inst_data_handling_module/BRAM_storage/XST_VCC
GND 		gen_data_handling[48].Inst_data_handling_module/BRAM_storage/XST_GND
VCC 		gen_data_handling[48].Inst_data_handling_module/BRAM_storage/XST_VCC
GND 		gen_data_handling[49].Inst_data_handling_module/BRAM_storage/XST_GND
VCC 		gen_data_handling[49].Inst_data_handling_module/BRAM_storage/XST_VCC
GND 		gen_data_handling[4].Inst_data_handling_module/BRAM_storage/XST_GND
VCC 		gen_data_handling[4].Inst_data_handling_module/BRAM_storage/XST_VCC
GND 		gen_data_handling[50].Inst_data_handling_module/BRAM_storage/XST_GND
VCC 		gen_data_handling[50].Inst_data_handling_module/BRAM_storage/XST_VCC
GND 		gen_data_handling[51].Inst_data_handling_module/BRAM_storage/XST_GND
VCC 		gen_data_handling[51].Inst_data_handling_module/BRAM_storage/XST_VCC
GND 		gen_data_handling[52].Inst_data_handling_module/BRAM_storage/XST_GND
VCC 		gen_data_handling[52].Inst_data_handling_module/BRAM_storage/XST_VCC
GND 		gen_data_handling[53].Inst_data_handling_module/BRAM_storage/XST_GND
VCC 		gen_data_handling[53].Inst_data_handling_module/BRAM_storage/XST_VCC
GND 		gen_data_handling[54].Inst_data_handling_module/BRAM_storage/XST_GND
VCC 		gen_data_handling[54].Inst_data_handling_module/BRAM_storage/XST_VCC
GND 		gen_data_handling[55].Inst_data_handling_module/BRAM_storage/XST_GND
VCC 		gen_data_handling[55].Inst_data_handling_module/BRAM_storage/XST_VCC
GND 		gen_data_handling[56].Inst_data_handling_module/BRAM_storage/XST_GND
VCC 		gen_data_handling[56].Inst_data_handling_module/BRAM_storage/XST_VCC
GND 		gen_data_handling[57].Inst_data_handling_module/BRAM_storage/XST_GND
VCC 		gen_data_handling[57].Inst_data_handling_module/BRAM_storage/XST_VCC
GND 		gen_data_handling[58].Inst_data_handling_module/BRAM_storage/XST_GND
VCC 		gen_data_handling[58].Inst_data_handling_module/BRAM_storage/XST_VCC
GND 		gen_data_handling[59].Inst_data_handling_module/BRAM_storage/XST_GND
VCC 		gen_data_handling[59].Inst_data_handling_module/BRAM_storage/XST_VCC
GND 		gen_data_handling[5].Inst_data_handling_module/BRAM_storage/XST_GND
VCC 		gen_data_handling[5].Inst_data_handling_module/BRAM_storage/XST_VCC
GND 		gen_data_handling[60].Inst_data_handling_module/BRAM_storage/XST_GND
VCC 		gen_data_handling[60].Inst_data_handling_module/BRAM_storage/XST_VCC
GND 		gen_data_handling[61].Inst_data_handling_module/BRAM_storage/XST_GND
VCC 		gen_data_handling[61].Inst_data_handling_module/BRAM_storage/XST_VCC
GND 		gen_data_handling[62].Inst_data_handling_module/BRAM_storage/XST_GND
VCC 		gen_data_handling[62].Inst_data_handling_module/BRAM_storage/XST_VCC
GND 		gen_data_handling[63].Inst_data_handling_module/BRAM_storage/XST_GND
VCC 		gen_data_handling[63].Inst_data_handling_module/BRAM_storage/XST_VCC
GND 		gen_data_handling[6].Inst_data_handling_module/BRAM_storage/XST_GND
VCC 		gen_data_handling[6].Inst_data_handling_module/BRAM_storage/XST_VCC
GND 		gen_data_handling[7].Inst_data_handling_module/BRAM_storage/XST_GND
VCC 		gen_data_handling[7].Inst_data_handling_module/BRAM_storage/XST_VCC
GND 		gen_data_handling[8].Inst_data_handling_module/BRAM_storage/XST_GND
VCC 		gen_data_handling[8].Inst_data_handling_module/BRAM_storage/XST_VCC
GND 		gen_data_handling[9].Inst_data_handling_module/BRAM_storage/XST_GND
VCC 		gen_data_handling[9].Inst_data_handling_module/BRAM_storage/XST_VCC

Section 6 - IOB Properties
--------------------------

+---------------------------------------------------------------------------------------------------------------------------------------------------------+
| IOB Name                           | Type             | Direction | IO Standard          | Diff  | Drive    | Slew | Reg (s)      | Resistor | IOB      |
|                                    |                  |           |                      | Term  | Strength | Rate |              |          | Delay    |
+---------------------------------------------------------------------------------------------------------------------------------------------------------+
| CLK                                | IOB              | INPUT     | LVCMOS25             |       |          |      |              |          |          |
| DATA_INPUT<0>                      | IOB              | INPUT     | LVCMOS25             |       |          |      | ISERDES      |          |          |
| DATA_INPUT<1>                      | IOB              | INPUT     | LVCMOS25             |       |          |      | ISERDES      |          |          |
| DATA_INPUT<2>                      | IOB              | INPUT     | LVCMOS25             |       |          |      | ISERDES      |          |          |
| DATA_INPUT<3>                      | IOB              | INPUT     | LVCMOS25             |       |          |      | ISERDES      |          |          |
| DATA_INPUT<4>                      | IOB              | INPUT     | LVCMOS25             |       |          |      | ISERDES      |          |          |
| DATA_INPUT<5>                      | IOB              | INPUT     | LVCMOS25             |       |          |      | ISERDES      |          |          |
| DATA_INPUT<6>                      | IOB              | INPUT     | LVCMOS25             |       |          |      | ISERDES      |          |          |
| DATA_INPUT<7>                      | IOB              | INPUT     | LVCMOS25             |       |          |      | ISERDES      |          |          |
| DATA_INPUT<8>                      | IOB              | INPUT     | LVCMOS25             |       |          |      | ISERDES      |          |          |
| DATA_INPUT<9>                      | IOB              | INPUT     | LVCMOS25             |       |          |      | ISERDES      |          |          |
| DATA_INPUT<10>                     | IOB              | INPUT     | LVCMOS25             |       |          |      | ISERDES      |          |          |
| DATA_INPUT<11>                     | IOB              | INPUT     | LVCMOS25             |       |          |      | ISERDES      |          |          |
| DATA_INPUT<12>                     | IOB              | INPUT     | LVCMOS25             |       |          |      | ISERDES      |          |          |
| DATA_INPUT<13>                     | IOB              | INPUT     | LVCMOS25             |       |          |      | ISERDES      |          |          |
| DATA_INPUT<14>                     | IOB              | INPUT     | LVCMOS25             |       |          |      | ISERDES      |          |          |
| DATA_INPUT<15>                     | IOB              | INPUT     | LVCMOS25             |       |          |      | ISERDES      |          |          |
| DATA_INPUT<16>                     | IOB              | INPUT     | LVCMOS25             |       |          |      | ISERDES      |          |          |
| DATA_INPUT<17>                     | IOB              | INPUT     | LVCMOS25             |       |          |      | ISERDES      |          |          |
| DATA_INPUT<18>                     | IOB              | INPUT     | LVCMOS25             |       |          |      | ISERDES      |          |          |
| DATA_INPUT<19>                     | IOB              | INPUT     | LVCMOS25             |       |          |      | ISERDES      |          |          |
| DATA_INPUT<20>                     | IOB              | INPUT     | LVCMOS25             |       |          |      | ISERDES      |          |          |
| DATA_INPUT<21>                     | IOB              | INPUT     | LVCMOS25             |       |          |      | ISERDES      |          |          |
| DATA_INPUT<22>                     | IOB              | INPUT     | LVCMOS25             |       |          |      | ISERDES      |          |          |
| DATA_INPUT<23>                     | IOB              | INPUT     | LVCMOS25             |       |          |      | ISERDES      |          |          |
| DATA_INPUT<24>                     | IOB              | INPUT     | LVCMOS25             |       |          |      | ISERDES      |          |          |
| DATA_INPUT<25>                     | IOB              | INPUT     | LVCMOS25             |       |          |      | ISERDES      |          |          |
| DATA_INPUT<26>                     | IOB              | INPUT     | LVCMOS25             |       |          |      | ISERDES      |          |          |
| DATA_INPUT<27>                     | IOB              | INPUT     | LVCMOS25             |       |          |      | ISERDES      |          |          |
| DATA_INPUT<28>                     | IOB              | INPUT     | LVCMOS25             |       |          |      | ISERDES      |          |          |
| DATA_INPUT<29>                     | IOB              | INPUT     | LVCMOS25             |       |          |      | ISERDES      |          |          |
| DATA_INPUT<30>                     | IOB              | INPUT     | LVCMOS25             |       |          |      | ISERDES      |          |          |
| DATA_INPUT<31>                     | IOB              | INPUT     | LVCMOS25             |       |          |      | ISERDES      |          |          |
| DATA_INPUT<32>                     | IOB              | INPUT     | LVCMOS25             |       |          |      | ISERDES      |          |          |
| DATA_INPUT<33>                     | IOB              | INPUT     | LVCMOS25             |       |          |      | ISERDES      |          |          |
| DATA_INPUT<34>                     | IOB              | INPUT     | LVCMOS25             |       |          |      | ISERDES      |          |          |
| DATA_INPUT<35>                     | IOB              | INPUT     | LVCMOS25             |       |          |      | ISERDES      |          |          |
| DATA_INPUT<36>                     | IOB              | INPUT     | LVCMOS25             |       |          |      | ISERDES      |          |          |
| DATA_INPUT<37>                     | IOB              | INPUT     | LVCMOS25             |       |          |      | ISERDES      |          |          |
| DATA_INPUT<38>                     | IOB              | INPUT     | LVCMOS25             |       |          |      | ISERDES      |          |          |
| DATA_INPUT<39>                     | IOB              | INPUT     | LVCMOS25             |       |          |      | ISERDES      |          |          |
| DATA_INPUT<40>                     | IOB              | INPUT     | LVCMOS25             |       |          |      | ISERDES      |          |          |
| DATA_INPUT<41>                     | IOB              | INPUT     | LVCMOS25             |       |          |      | ISERDES      |          |          |
| DATA_INPUT<42>                     | IOB              | INPUT     | LVCMOS25             |       |          |      | ISERDES      |          |          |
| DATA_INPUT<43>                     | IOB              | INPUT     | LVCMOS25             |       |          |      | ISERDES      |          |          |
| DATA_INPUT<44>                     | IOB              | INPUT     | LVCMOS25             |       |          |      | ISERDES      |          |          |
| DATA_INPUT<45>                     | IOB              | INPUT     | LVCMOS25             |       |          |      | ISERDES      |          |          |
| DATA_INPUT<46>                     | IOB              | INPUT     | LVCMOS25             |       |          |      | ISERDES      |          |          |
| DATA_INPUT<47>                     | IOB              | INPUT     | LVCMOS25             |       |          |      | ISERDES      |          |          |
| DATA_INPUT<48>                     | IOB              | INPUT     | LVCMOS25             |       |          |      | ISERDES      |          |          |
| DATA_INPUT<49>                     | IOB              | INPUT     | LVCMOS25             |       |          |      | ISERDES      |          |          |
| DATA_INPUT<50>                     | IOB              | INPUT     | LVCMOS25             |       |          |      | ISERDES      |          |          |
| DATA_INPUT<51>                     | IOB              | INPUT     | LVCMOS25             |       |          |      | ISERDES      |          |          |
| DATA_INPUT<52>                     | IOB              | INPUT     | LVCMOS25             |       |          |      | ISERDES      |          |          |
| DATA_INPUT<53>                     | IOB              | INPUT     | LVCMOS25             |       |          |      | ISERDES      |          |          |
| DATA_INPUT<54>                     | IOB              | INPUT     | LVCMOS25             |       |          |      | ISERDES      |          |          |
| DATA_INPUT<55>                     | IOB              | INPUT     | LVCMOS25             |       |          |      | ISERDES      |          |          |
| DATA_INPUT<56>                     | IOB              | INPUT     | LVCMOS25             |       |          |      | ISERDES      |          |          |
| DATA_INPUT<57>                     | IOB              | INPUT     | LVCMOS25             |       |          |      | ISERDES      |          |          |
| DATA_INPUT<58>                     | IOB              | INPUT     | LVCMOS25             |       |          |      | ISERDES      |          |          |
| DATA_INPUT<59>                     | IOB              | INPUT     | LVCMOS25             |       |          |      | ISERDES      |          |          |
| DATA_INPUT<60>                     | IOB              | INPUT     | LVCMOS25             |       |          |      | ISERDES      |          |          |
| DATA_INPUT<61>                     | IOB              | INPUT     | LVCMOS25             |       |          |      | ISERDES      |          |          |
| DATA_INPUT<62>                     | IOB              | INPUT     | LVCMOS25             |       |          |      | ISERDES      |          |          |
| DATA_INPUT<63>                     | IOB              | INPUT     | LVCMOS25             |       |          |      | ISERDES      |          |          |
| DATA_OUTPUT<0>                     | IOB              | OUTPUT    | LVCMOS25             |       | 12       | SLOW |              |          |          |
| DATA_OUTPUT<1>                     | IOB              | OUTPUT    | LVCMOS25             |       | 12       | SLOW |              |          |          |
| DATA_OUTPUT<2>                     | IOB              | OUTPUT    | LVCMOS25             |       | 12       | SLOW |              |          |          |
| DATA_OUTPUT<3>                     | IOB              | OUTPUT    | LVCMOS25             |       | 12       | SLOW |              |          |          |
| DATA_OUTPUT<4>                     | IOB              | OUTPUT    | LVCMOS25             |       | 12       | SLOW |              |          |          |
| DATA_OUTPUT<5>                     | IOB              | OUTPUT    | LVCMOS25             |       | 12       | SLOW |              |          |          |
| DATA_OUTPUT<6>                     | IOB              | OUTPUT    | LVCMOS25             |       | 12       | SLOW |              |          |          |
| DATA_OUTPUT<7>                     | IOB              | OUTPUT    | LVCMOS25             |       | 12       | SLOW |              |          |          |
| DATA_OUTPUT<8>                     | IOB              | OUTPUT    | LVCMOS25             |       | 12       | SLOW |              |          |          |
| DATA_OUTPUT<9>                     | IOB              | OUTPUT    | LVCMOS25             |       | 12       | SLOW |              |          |          |
| DATA_OUTPUT<10>                    | IOB              | OUTPUT    | LVCMOS25             |       | 12       | SLOW |              |          |          |
| DATA_OUTPUT<11>                    | IOB              | OUTPUT    | LVCMOS25             |       | 12       | SLOW |              |          |          |
| DATA_OUTPUT<12>                    | IOB              | OUTPUT    | LVCMOS25             |       | 12       | SLOW |              |          |          |
| DATA_OUTPUT<13>                    | IOB              | OUTPUT    | LVCMOS25             |       | 12       | SLOW |              |          |          |
| DATA_OUTPUT<14>                    | IOB              | OUTPUT    | LVCMOS25             |       | 12       | SLOW |              |          |          |
| DATA_OUTPUT<15>                    | IOB              | OUTPUT    | LVCMOS25             |       | 12       | SLOW |              |          |          |
| DATA_OUTPUT<16>                    | IOB              | OUTPUT    | LVCMOS25             |       | 12       | SLOW |              |          |          |
| DATA_OUTPUT<17>                    | IOB              | OUTPUT    | LVCMOS25             |       | 12       | SLOW |              |          |          |
| DATA_OUTPUT<18>                    | IOB              | OUTPUT    | LVCMOS25             |       | 12       | SLOW |              |          |          |
| DATA_OUTPUT<19>                    | IOB              | OUTPUT    | LVCMOS25             |       | 12       | SLOW |              |          |          |
| DATA_OUTPUT<20>                    | IOB              | OUTPUT    | LVCMOS25             |       | 12       | SLOW |              |          |          |
| DATA_OUTPUT<21>                    | IOB              | OUTPUT    | LVCMOS25             |       | 12       | SLOW |              |          |          |
| DATA_OUTPUT<22>                    | IOB              | OUTPUT    | LVCMOS25             |       | 12       | SLOW |              |          |          |
| DATA_OUTPUT<23>                    | IOB              | OUTPUT    | LVCMOS25             |       | 12       | SLOW |              |          |          |
| DATA_OUTPUT<24>                    | IOB              | OUTPUT    | LVCMOS25             |       | 12       | SLOW |              |          |          |
| DATA_OUTPUT<25>                    | IOB              | OUTPUT    | LVCMOS25             |       | 12       | SLOW |              |          |          |
| DATA_OUTPUT<26>                    | IOB              | OUTPUT    | LVCMOS25             |       | 12       | SLOW |              |          |          |
| DATA_OUTPUT<27>                    | IOB              | OUTPUT    | LVCMOS25             |       | 12       | SLOW |              |          |          |
| DATA_OUTPUT<28>                    | IOB              | OUTPUT    | LVCMOS25             |       | 12       | SLOW |              |          |          |
| DATA_OUTPUT<29>                    | IOB              | OUTPUT    | LVCMOS25             |       | 12       | SLOW |              |          |          |
| DATA_OUTPUT<30>                    | IOB              | OUTPUT    | LVCMOS25             |       | 12       | SLOW |              |          |          |
| DATA_OUTPUT<31>                    | IOB              | OUTPUT    | LVCMOS25             |       | 12       | SLOW |              |          |          |
| DATA_OUTPUT<32>                    | IOB              | OUTPUT    | LVCMOS25             |       | 12       | SLOW |              |          |          |
| DATA_OUTPUT<33>                    | IOB              | OUTPUT    | LVCMOS25             |       | 12       | SLOW |              |          |          |
| DATA_OUTPUT<34>                    | IOB              | OUTPUT    | LVCMOS25             |       | 12       | SLOW |              |          |          |
| DATA_OUTPUT<35>                    | IOB              | OUTPUT    | LVCMOS25             |       | 12       | SLOW |              |          |          |
| DATA_OUTPUT<36>                    | IOB              | OUTPUT    | LVCMOS25             |       | 12       | SLOW |              |          |          |
| DATA_OUTPUT<37>                    | IOB              | OUTPUT    | LVCMOS25             |       | 12       | SLOW |              |          |          |
| DATA_OUTPUT<38>                    | IOB              | OUTPUT    | LVCMOS25             |       | 12       | SLOW |              |          |          |
| DATA_OUTPUT<39>                    | IOB              | OUTPUT    | LVCMOS25             |       | 12       | SLOW |              |          |          |
| DATA_OUTPUT<40>                    | IOB              | OUTPUT    | LVCMOS25             |       | 12       | SLOW |              |          |          |
| DATA_OUTPUT<41>                    | IOB              | OUTPUT    | LVCMOS25             |       | 12       | SLOW |              |          |          |
| DATA_OUTPUT<42>                    | IOB              | OUTPUT    | LVCMOS25             |       | 12       | SLOW |              |          |          |
| DATA_OUTPUT<43>                    | IOB              | OUTPUT    | LVCMOS25             |       | 12       | SLOW |              |          |          |
| DATA_OUTPUT<44>                    | IOB              | OUTPUT    | LVCMOS25             |       | 12       | SLOW |              |          |          |
| DATA_OUTPUT<45>                    | IOB              | OUTPUT    | LVCMOS25             |       | 12       | SLOW |              |          |          |
| DATA_OUTPUT<46>                    | IOB              | OUTPUT    | LVCMOS25             |       | 12       | SLOW |              |          |          |
| DATA_OUTPUT<47>                    | IOB              | OUTPUT    | LVCMOS25             |       | 12       | SLOW |              |          |          |
| DATA_OUTPUT<48>                    | IOB              | OUTPUT    | LVCMOS25             |       | 12       | SLOW |              |          |          |
| DATA_OUTPUT<49>                    | IOB              | OUTPUT    | LVCMOS25             |       | 12       | SLOW |              |          |          |
| DATA_OUTPUT<50>                    | IOB              | OUTPUT    | LVCMOS25             |       | 12       | SLOW |              |          |          |
| DATA_OUTPUT<51>                    | IOB              | OUTPUT    | LVCMOS25             |       | 12       | SLOW |              |          |          |
| DATA_OUTPUT<52>                    | IOB              | OUTPUT    | LVCMOS25             |       | 12       | SLOW |              |          |          |
| DATA_OUTPUT<53>                    | IOB              | OUTPUT    | LVCMOS25             |       | 12       | SLOW |              |          |          |
| DATA_OUTPUT<54>                    | IOB              | OUTPUT    | LVCMOS25             |       | 12       | SLOW |              |          |          |
| DATA_OUTPUT<55>                    | IOB              | OUTPUT    | LVCMOS25             |       | 12       | SLOW |              |          |          |
| DATA_OUTPUT<56>                    | IOB              | OUTPUT    | LVCMOS25             |       | 12       | SLOW |              |          |          |
| DATA_OUTPUT<57>                    | IOB              | OUTPUT    | LVCMOS25             |       | 12       | SLOW |              |          |          |
| DATA_OUTPUT<58>                    | IOB              | OUTPUT    | LVCMOS25             |       | 12       | SLOW |              |          |          |
| DATA_OUTPUT<59>                    | IOB              | OUTPUT    | LVCMOS25             |       | 12       | SLOW |              |          |          |
| DATA_OUTPUT<60>                    | IOB              | OUTPUT    | LVCMOS25             |       | 12       | SLOW |              |          |          |
| DATA_OUTPUT<61>                    | IOB              | OUTPUT    | LVCMOS25             |       | 12       | SLOW |              |          |          |
| DATA_OUTPUT<62>                    | IOB              | OUTPUT    | LVCMOS25             |       | 12       | SLOW |              |          |          |
| DATA_OUTPUT<63>                    | IOB              | OUTPUT    | LVCMOS25             |       | 12       | SLOW |              |          |          |
| RST                                | IOB              | INPUT     | LVCMOS25             |       |          |      |              |          |          |
| TRIGGER_OUTPUT<0>                  | IOB              | OUTPUT    | LVCMOS25             |       | 12       | SLOW |              |          |          |
| TRIGGER_OUTPUT<1>                  | IOB              | OUTPUT    | LVCMOS25             |       | 12       | SLOW |              |          |          |
| TRIGGER_OUTPUT<2>                  | IOB              | OUTPUT    | LVCMOS25             |       | 12       | SLOW |              |          |          |
| TRIGGER_OUTPUT<3>                  | IOB              | OUTPUT    | LVCMOS25             |       | 12       | SLOW |              |          |          |
| TRIGGER_OUTPUT<4>                  | IOB              | OUTPUT    | LVCMOS25             |       | 12       | SLOW |              |          |          |
| TRIGGER_OUTPUT<5>                  | IOB              | OUTPUT    | LVCMOS25             |       | 12       | SLOW |              |          |          |
| TRIGGER_OUTPUT<6>                  | IOB              | OUTPUT    | LVCMOS25             |       | 12       | SLOW |              |          |          |
| TRIGGER_OUTPUT<7>                  | IOB              | OUTPUT    | LVCMOS25             |       | 12       | SLOW |              |          |          |
| TRIGGER_OUTPUT<8>                  | IOB              | OUTPUT    | LVCMOS25             |       | 12       | SLOW |              |          |          |
| TRIGGER_OUTPUT<9>                  | IOB              | OUTPUT    | LVCMOS25             |       | 12       | SLOW |              |          |          |
| TRIGGER_OUTPUT<10>                 | IOB              | OUTPUT    | LVCMOS25             |       | 12       | SLOW |              |          |          |
| TRIGGER_OUTPUT<11>                 | IOB              | OUTPUT    | LVCMOS25             |       | 12       | SLOW |              |          |          |
| TRIGGER_OUTPUT<12>                 | IOB              | OUTPUT    | LVCMOS25             |       | 12       | SLOW |              |          |          |
| TRIGGER_OUTPUT<13>                 | IOB              | OUTPUT    | LVCMOS25             |       | 12       | SLOW |              |          |          |
| TRIGGER_OUTPUT<14>                 | IOB              | OUTPUT    | LVCMOS25             |       | 12       | SLOW |              |          |          |
| TRIGGER_OUTPUT<15>                 | IOB              | OUTPUT    | LVCMOS25             |       | 12       | SLOW |              |          |          |
| TRIGGER_OUTPUT<16>                 | IOB              | OUTPUT    | LVCMOS25             |       | 12       | SLOW |              |          |          |
| TRIGGER_OUTPUT<17>                 | IOB              | OUTPUT    | LVCMOS25             |       | 12       | SLOW |              |          |          |
| TRIGGER_OUTPUT<18>                 | IOB              | OUTPUT    | LVCMOS25             |       | 12       | SLOW |              |          |          |
| TRIGGER_OUTPUT<19>                 | IOB              | OUTPUT    | LVCMOS25             |       | 12       | SLOW |              |          |          |
| TRIGGER_OUTPUT<20>                 | IOB              | OUTPUT    | LVCMOS25             |       | 12       | SLOW |              |          |          |
| TRIGGER_OUTPUT<21>                 | IOB              | OUTPUT    | LVCMOS25             |       | 12       | SLOW |              |          |          |
| TRIGGER_OUTPUT<22>                 | IOB              | OUTPUT    | LVCMOS25             |       | 12       | SLOW |              |          |          |
| TRIGGER_OUTPUT<23>                 | IOB              | OUTPUT    | LVCMOS25             |       | 12       | SLOW |              |          |          |
| TRIGGER_OUTPUT<24>                 | IOB              | OUTPUT    | LVCMOS25             |       | 12       | SLOW |              |          |          |
| TRIGGER_OUTPUT<25>                 | IOB              | OUTPUT    | LVCMOS25             |       | 12       | SLOW |              |          |          |
| TRIGGER_OUTPUT<26>                 | IOB              | OUTPUT    | LVCMOS25             |       | 12       | SLOW |              |          |          |
| TRIGGER_OUTPUT<27>                 | IOB              | OUTPUT    | LVCMOS25             |       | 12       | SLOW |              |          |          |
| TRIGGER_OUTPUT<28>                 | IOB              | OUTPUT    | LVCMOS25             |       | 12       | SLOW |              |          |          |
| TRIGGER_OUTPUT<29>                 | IOB              | OUTPUT    | LVCMOS25             |       | 12       | SLOW |              |          |          |
| TRIGGER_OUTPUT<30>                 | IOB              | OUTPUT    | LVCMOS25             |       | 12       | SLOW |              |          |          |
| TRIGGER_OUTPUT<31>                 | IOB              | OUTPUT    | LVCMOS25             |       | 12       | SLOW |              |          |          |
| TRIGGER_OUTPUT<32>                 | IOB              | OUTPUT    | LVCMOS25             |       | 12       | SLOW |              |          |          |
| TRIGGER_OUTPUT<33>                 | IOB              | OUTPUT    | LVCMOS25             |       | 12       | SLOW |              |          |          |
| TRIGGER_OUTPUT<34>                 | IOB              | OUTPUT    | LVCMOS25             |       | 12       | SLOW |              |          |          |
| TRIGGER_OUTPUT<35>                 | IOB              | OUTPUT    | LVCMOS25             |       | 12       | SLOW |              |          |          |
| TRIGGER_OUTPUT<36>                 | IOB              | OUTPUT    | LVCMOS25             |       | 12       | SLOW |              |          |          |
| TRIGGER_OUTPUT<37>                 | IOB              | OUTPUT    | LVCMOS25             |       | 12       | SLOW |              |          |          |
| TRIGGER_OUTPUT<38>                 | IOB              | OUTPUT    | LVCMOS25             |       | 12       | SLOW |              |          |          |
| TRIGGER_OUTPUT<39>                 | IOB              | OUTPUT    | LVCMOS25             |       | 12       | SLOW |              |          |          |
| TRIGGER_OUTPUT<40>                 | IOB              | OUTPUT    | LVCMOS25             |       | 12       | SLOW |              |          |          |
| TRIGGER_OUTPUT<41>                 | IOB              | OUTPUT    | LVCMOS25             |       | 12       | SLOW |              |          |          |
| TRIGGER_OUTPUT<42>                 | IOB              | OUTPUT    | LVCMOS25             |       | 12       | SLOW |              |          |          |
| TRIGGER_OUTPUT<43>                 | IOB              | OUTPUT    | LVCMOS25             |       | 12       | SLOW |              |          |          |
| TRIGGER_OUTPUT<44>                 | IOB              | OUTPUT    | LVCMOS25             |       | 12       | SLOW |              |          |          |
| TRIGGER_OUTPUT<45>                 | IOB              | OUTPUT    | LVCMOS25             |       | 12       | SLOW |              |          |          |
| TRIGGER_OUTPUT<46>                 | IOB              | OUTPUT    | LVCMOS25             |       | 12       | SLOW |              |          |          |
| TRIGGER_OUTPUT<47>                 | IOB              | OUTPUT    | LVCMOS25             |       | 12       | SLOW |              |          |          |
| TRIGGER_OUTPUT<48>                 | IOB              | OUTPUT    | LVCMOS25             |       | 12       | SLOW |              |          |          |
| TRIGGER_OUTPUT<49>                 | IOB              | OUTPUT    | LVCMOS25             |       | 12       | SLOW |              |          |          |
| TRIGGER_OUTPUT<50>                 | IOB              | OUTPUT    | LVCMOS25             |       | 12       | SLOW |              |          |          |
| TRIGGER_OUTPUT<51>                 | IOB              | OUTPUT    | LVCMOS25             |       | 12       | SLOW |              |          |          |
| TRIGGER_OUTPUT<52>                 | IOB              | OUTPUT    | LVCMOS25             |       | 12       | SLOW |              |          |          |
| TRIGGER_OUTPUT<53>                 | IOB              | OUTPUT    | LVCMOS25             |       | 12       | SLOW |              |          |          |
| TRIGGER_OUTPUT<54>                 | IOB              | OUTPUT    | LVCMOS25             |       | 12       | SLOW |              |          |          |
| TRIGGER_OUTPUT<55>                 | IOB              | OUTPUT    | LVCMOS25             |       | 12       | SLOW |              |          |          |
| TRIGGER_OUTPUT<56>                 | IOB              | OUTPUT    | LVCMOS25             |       | 12       | SLOW |              |          |          |
| TRIGGER_OUTPUT<57>                 | IOB              | OUTPUT    | LVCMOS25             |       | 12       | SLOW |              |          |          |
| TRIGGER_OUTPUT<58>                 | IOB              | OUTPUT    | LVCMOS25             |       | 12       | SLOW |              |          |          |
| TRIGGER_OUTPUT<59>                 | IOB              | OUTPUT    | LVCMOS25             |       | 12       | SLOW |              |          |          |
| TRIGGER_OUTPUT<60>                 | IOB              | OUTPUT    | LVCMOS25             |       | 12       | SLOW |              |          |          |
| TRIGGER_OUTPUT<61>                 | IOB              | OUTPUT    | LVCMOS25             |       | 12       | SLOW |              |          |          |
| TRIGGER_OUTPUT<62>                 | IOB              | OUTPUT    | LVCMOS25             |       | 12       | SLOW |              |          |          |
| TRIGGER_OUTPUT<63>                 | IOB              | OUTPUT    | LVCMOS25             |       | 12       | SLOW |              |          |          |
| data_addr_out<0>                   | IOB              | OUTPUT    | LVCMOS25             |       | 12       | SLOW |              |          |          |
| data_addr_out<1>                   | IOB              | OUTPUT    | LVCMOS25             |       | 12       | SLOW |              |          |          |
| data_addr_out<2>                   | IOB              | OUTPUT    | LVCMOS25             |       | 12       | SLOW |              |          |          |
| data_addr_out<3>                   | IOB              | OUTPUT    | LVCMOS25             |       | 12       | SLOW |              |          |          |
| data_addr_out<4>                   | IOB              | OUTPUT    | LVCMOS25             |       | 12       | SLOW |              |          |          |
| data_addr_out<5>                   | IOB              | OUTPUT    | LVCMOS25             |       | 12       | SLOW |              |          |          |
| data_addr_out<6>                   | IOB              | OUTPUT    | LVCMOS25             |       | 12       | SLOW |              |          |          |
| data_addr_out<7>                   | IOB              | OUTPUT    | LVCMOS25             |       | 12       | SLOW |              |          |          |
| data_address<0>                    | IOB              | INPUT     | LVCMOS25             |       |          |      |              |          |          |
| data_address<1>                    | IOB              | INPUT     | LVCMOS25             |       |          |      |              |          |          |
| data_address<2>                    | IOB              | INPUT     | LVCMOS25             |       |          |      |              |          |          |
| data_address<3>                    | IOB              | INPUT     | LVCMOS25             |       |          |      |              |          |          |
| data_address<4>                    | IOB              | INPUT     | LVCMOS25             |       |          |      |              |          |          |
| data_address<5>                    | IOB              | INPUT     | LVCMOS25             |       |          |      |              |          |          |
| data_address<6>                    | IOB              | INPUT     | LVCMOS25             |       |          |      |              |          |          |
| data_address<7>                    | IOB              | INPUT     | LVCMOS25             |       |          |      |              |          |          |
| phase_sel<0>                       | IOB              | INPUT     | LVCMOS25             |       |          |      |              |          |          |
| phase_sel<1>                       | IOB              | INPUT     | LVCMOS25             |       |          |      |              |          |          |
+---------------------------------------------------------------------------------------------------------------------------------------------------------+

Section 7 - RPMs
----------------

Section 8 - Guide Report
------------------------
Guide not run on this design.

Section 9 - Area Group and Partition Summary
--------------------------------------------

Partition Implementation Status
-------------------------------

  No Partitions were found in this design.

-------------------------------

Area Group Information
----------------------

  No area groups were found in this design.

----------------------

Section 10 - Timing Report
--------------------------
A logic-level (pre-route) timing report can be generated by using Xilinx static
timing analysis tools, Timing Analyzer (GUI) or TRCE (command line), with the
mapped NCD and PCF files. Please note that this timing report will be generated
using estimated delay information. For accurate numbers, please generate a
timing report with the post Place and Route NCD file.

For more information about the Timing Analyzer, consult the Xilinx Timing
Analyzer Reference Manual; for more information about TRCE, consult the Xilinx
Command Line Tools User Guide "TRACE" chapter.

Section 11 - Configuration String Details
-----------------------------------------
Use the "-detail" map option to print out Configuration Strings

Section 12 - Control Set Information
------------------------------------
Use the "-detail" map option to print out Control Set Information.

Section 13 - Utilization by Hierarchy
-------------------------------------
Use the "-detail" map option to print out the Utilization by Hierarchy section.
