--------------------------------------------------------------------------------
Release 14.7 Trace  (lin64)
Copyright (c) 1995-2013 Xilinx, Inc.  All rights reserved.

/opt/Xilinx/14.7/ISE_DS/ISE/bin/lin64/unwrapped/trce -filter
/home/ise/Xilinx/projects/src/data_handling/iseconfig/filter.filter -intstyle
ise -v 3 -s 3 -n 3 -fastpaths -xml data_ports.twx data_ports.ncd -o
data_ports.twr data_ports.pcf

Design file:              data_ports.ncd
Physical constraint file: data_ports.pcf
Device,package,speed:     xc6slx150t,fgg676,C,-3 (PRODUCTION 1.23 2016-11-22)
Report level:             verbose report

Environment Variable      Effect 
--------------------      ------ 
NONE                      No environment variables were set
--------------------------------------------------------------------------------

INFO:Timing:2698 - No timing constraints found, doing default enumeration.
INFO:Timing:3412 - To improve timing, see the Timing Closure User Guide (UG612).
INFO:Timing:2752 - To get complete path coverage, use the unconstrained paths 
   option. All paths that are not constrained will be reported in the 
   unconstrained paths section(s) of the report.
INFO:Timing:3339 - The clock-to-out numbers in this timing report are based on 
   a 50 Ohm transmission line loading model.  For the details of this model, 
   and for more information on accounting for different loading conditions, 
   please see the device datasheet.



Data Sheet report:
-----------------
All values displayed in nanoseconds (ns)

Setup/Hold to clock CLK
---------------+------------+------------+------------+------------+------------------+--------+
               |Max Setup to|  Process   |Max Hold to |  Process   |                  | Clock  |
Source         | clk (edge) |   Corner   | clk (edge) |   Corner   |Internal Clock(s) | Phase  |
---------------+------------+------------+------------+------------+------------------+--------+
DATA_INPUT<0>  |   -0.133(R)|      FAST  |    0.415(R)|      FAST  |clk400            |   0.000|
DATA_INPUT<1>  |   -0.164(R)|      FAST  |    0.444(R)|      FAST  |clk400            |   0.000|
DATA_INPUT<2>  |   -0.127(R)|      FAST  |    0.409(R)|      FAST  |clk400            |   0.000|
DATA_INPUT<3>  |   -0.158(R)|      FAST  |    0.438(R)|      FAST  |clk400            |   0.000|
DATA_INPUT<4>  |   -0.069(R)|      FAST  |    0.351(R)|      FAST  |clk400            |   0.000|
DATA_INPUT<5>  |   -0.100(R)|      FAST  |    0.380(R)|      FAST  |clk400            |   0.000|
DATA_INPUT<6>  |   -0.067(R)|      FAST  |    0.349(R)|      FAST  |clk400            |   0.000|
DATA_INPUT<7>  |   -0.098(R)|      FAST  |    0.378(R)|      FAST  |clk400            |   0.000|
DATA_INPUT<8>  |   -0.060(R)|      FAST  |    0.342(R)|      FAST  |clk400            |   0.000|
DATA_INPUT<9>  |   -0.091(R)|      FAST  |    0.371(R)|      FAST  |clk400            |   0.000|
DATA_INPUT<10> |   -0.055(R)|      FAST  |    0.337(R)|      FAST  |clk400            |   0.000|
DATA_INPUT<11> |   -0.086(R)|      FAST  |    0.366(R)|      FAST  |clk400            |   0.000|
DATA_INPUT<12> |    0.027(R)|      FAST  |    0.255(R)|      FAST  |clk400            |   0.000|
DATA_INPUT<13> |   -0.004(R)|      FAST  |    0.284(R)|      FAST  |clk400            |   0.000|
DATA_INPUT<14> |    0.025(R)|      FAST  |    0.257(R)|      FAST  |clk400            |   0.000|
DATA_INPUT<15> |   -0.006(R)|      FAST  |    0.286(R)|      FAST  |clk400            |   0.000|
DATA_INPUT<16> |   -0.055(R)|      FAST  |    0.337(R)|      FAST  |clk400            |   0.000|
DATA_INPUT<17> |   -0.048(R)|      FAST  |    0.330(R)|      FAST  |clk400            |   0.000|
DATA_INPUT<18> |   -0.086(R)|      FAST  |    0.366(R)|      FAST  |clk400            |   0.000|
DATA_INPUT<19> |   -0.083(R)|      FAST  |    0.363(R)|      FAST  |clk400            |   0.000|
DATA_INPUT<20> |   -0.052(R)|      FAST  |    0.334(R)|      FAST  |clk400            |   0.000|
DATA_INPUT<21> |   -0.079(R)|      FAST  |    0.359(R)|      FAST  |clk400            |   0.000|
DATA_INPUT<22> |   -0.055(R)|      FAST  |    0.337(R)|      FAST  |clk400            |   0.000|
DATA_INPUT<23> |   -0.086(R)|      FAST  |    0.366(R)|      FAST  |clk400            |   0.000|
DATA_INPUT<24> |   -0.060(R)|      FAST  |    0.342(R)|      FAST  |clk400            |   0.000|
DATA_INPUT<25> |   -0.091(R)|      FAST  |    0.371(R)|      FAST  |clk400            |   0.000|
DATA_INPUT<26> |   -0.112(R)|      FAST  |    0.394(R)|      FAST  |clk400            |   0.000|
DATA_INPUT<27> |   -0.107(R)|      FAST  |    0.389(R)|      FAST  |clk400            |   0.000|
DATA_INPUT<28> |   -0.143(R)|      FAST  |    0.423(R)|      FAST  |clk400            |   0.000|
DATA_INPUT<29> |   -0.138(R)|      FAST  |    0.418(R)|      FAST  |clk400            |   0.000|
DATA_INPUT<30> |   -0.139(R)|      FAST  |    0.419(R)|      FAST  |clk400            |   0.000|
DATA_INPUT<31> |   -0.131(R)|      FAST  |    0.411(R)|      FAST  |clk400            |   0.000|
DATA_INPUT<32> |   -0.104(R)|      FAST  |    0.386(R)|      FAST  |clk400            |   0.000|
DATA_INPUT<33> |   -0.135(R)|      FAST  |    0.415(R)|      FAST  |clk400            |   0.000|
DATA_INPUT<34> |   -0.100(R)|      FAST  |    0.382(R)|      FAST  |clk400            |   0.000|
DATA_INPUT<35> |   -0.142(R)|      FAST  |    0.422(R)|      FAST  |clk400            |   0.000|
DATA_INPUT<36> |   -0.112(R)|      FAST  |    0.394(R)|      FAST  |clk400            |   0.000|
DATA_INPUT<37> |   -0.143(R)|      FAST  |    0.423(R)|      FAST  |clk400            |   0.000|
DATA_INPUT<38> |   -0.113(R)|      FAST  |    0.395(R)|      FAST  |clk400            |   0.000|
DATA_INPUT<39> |   -0.112(R)|      FAST  |    0.394(R)|      FAST  |clk400            |   0.000|
DATA_INPUT<40> |   -0.133(R)|      FAST  |    0.413(R)|      FAST  |clk400            |   0.000|
DATA_INPUT<41> |   -0.110(R)|      FAST  |    0.392(R)|      FAST  |clk400            |   0.000|
DATA_INPUT<42> |   -0.136(R)|      FAST  |    0.416(R)|      FAST  |clk400            |   0.000|
DATA_INPUT<43> |   -0.141(R)|      FAST  |    0.421(R)|      FAST  |clk400            |   0.000|
DATA_INPUT<44> |   -0.102(R)|      FAST  |    0.384(R)|      FAST  |clk400            |   0.000|
DATA_INPUT<45> |   -0.105(R)|      FAST  |    0.387(R)|      FAST  |clk400            |   0.000|
DATA_INPUT<46> |   -0.111(R)|      FAST  |    0.393(R)|      FAST  |clk400            |   0.000|
DATA_INPUT<47> |   -0.143(R)|      FAST  |    0.423(R)|      FAST  |clk400            |   0.000|
DATA_INPUT<48> |   -0.108(R)|      FAST  |    0.390(R)|      FAST  |clk400            |   0.000|
DATA_INPUT<49> |   -0.100(R)|      FAST  |    0.382(R)|      FAST  |clk400            |   0.000|
DATA_INPUT<50> |   -0.131(R)|      FAST  |    0.411(R)|      FAST  |clk400            |   0.000|
DATA_INPUT<51> |   -0.055(R)|      FAST  |    0.337(R)|      FAST  |clk400            |   0.000|
DATA_INPUT<52> |   -0.086(R)|      FAST  |    0.366(R)|      FAST  |clk400            |   0.000|
DATA_INPUT<53> |   -0.091(R)|      FAST  |    0.371(R)|      FAST  |clk400            |   0.000|
DATA_INPUT<54> |   -0.084(R)|      FAST  |    0.364(R)|      FAST  |clk400            |   0.000|
DATA_INPUT<55> |   -0.079(R)|      FAST  |    0.359(R)|      FAST  |clk400            |   0.000|
DATA_INPUT<56> |   -0.081(R)|      FAST  |    0.361(R)|      FAST  |clk400            |   0.000|
DATA_INPUT<57> |   -0.048(R)|      FAST  |    0.330(R)|      FAST  |clk400            |   0.000|
DATA_INPUT<58> |   -0.050(R)|      FAST  |    0.332(R)|      FAST  |clk400            |   0.000|
DATA_INPUT<59> |   -0.052(R)|      FAST  |    0.334(R)|      FAST  |clk400            |   0.000|
DATA_INPUT<60> |   -0.053(R)|      FAST  |    0.335(R)|      FAST  |clk400            |   0.000|
DATA_INPUT<61> |   -0.048(R)|      FAST  |    0.330(R)|      FAST  |clk400            |   0.000|
DATA_INPUT<62> |   -0.079(R)|      FAST  |    0.359(R)|      FAST  |clk400            |   0.000|
DATA_INPUT<63> |   -0.083(R)|      FAST  |    0.363(R)|      FAST  |clk400            |   0.000|
RST            |   13.634(R)|      SLOW  |   -1.364(R)|      FAST  |clk100            |   0.000|
data_address<0>|   13.130(R)|      SLOW  |   -4.509(R)|      FAST  |clk100            |   0.000|
data_address<1>|   17.050(R)|      SLOW  |   -4.477(R)|      FAST  |clk100            |   0.000|
data_address<2>|   15.474(R)|      SLOW  |   -4.724(R)|      FAST  |clk100            |   0.000|
data_address<3>|   13.320(R)|      SLOW  |   -4.436(R)|      FAST  |clk100            |   0.000|
data_address<4>|   13.676(R)|      SLOW  |   -4.263(R)|      FAST  |clk100            |   0.000|
data_address<5>|   13.826(R)|      SLOW  |   -4.339(R)|      FAST  |clk100            |   0.000|
data_address<6>|   13.519(R)|      SLOW  |   -4.342(R)|      FAST  |clk100            |   0.000|
data_address<7>|   18.778(R)|      SLOW  |   -4.222(R)|      FAST  |clk100            |   0.000|
---------------+------------+------------+------------+------------+------------------+--------+

Clock CLK to Pad
------------------+-----------------+------------+-----------------+------------+------------------+--------+
                  |Max (slowest) clk|  Process   |Min (fastest) clk|  Process   |                  | Clock  |
Destination       |  (edge) to PAD  |   Corner   |  (edge) to PAD  |   Corner   |Internal Clock(s) | Phase  |
------------------+-----------------+------------+-----------------+------------+------------------+--------+
DATA_OUTPUT<0>    |        13.286(R)|      SLOW  |         8.401(R)|      FAST  |clk100            |   0.000|
DATA_OUTPUT<1>    |        15.256(R)|      SLOW  |         9.665(R)|      FAST  |clk100            |   0.000|
DATA_OUTPUT<2>    |        11.978(R)|      SLOW  |         7.557(R)|      FAST  |clk100            |   0.000|
DATA_OUTPUT<3>    |        12.977(R)|      SLOW  |         8.300(R)|      FAST  |clk100            |   0.000|
DATA_OUTPUT<4>    |        12.661(R)|      SLOW  |         8.176(R)|      FAST  |clk100            |   0.000|
DATA_OUTPUT<5>    |        12.286(R)|      SLOW  |         7.785(R)|      FAST  |clk100            |   0.000|
DATA_OUTPUT<6>    |        12.244(R)|      SLOW  |         7.741(R)|      FAST  |clk100            |   0.000|
DATA_OUTPUT<7>    |        12.755(R)|      SLOW  |         8.063(R)|      FAST  |clk100            |   0.000|
DATA_OUTPUT<8>    |        14.577(R)|      SLOW  |         9.318(R)|      FAST  |clk100            |   0.000|
DATA_OUTPUT<9>    |        13.411(R)|      SLOW  |         8.470(R)|      FAST  |clk100            |   0.000|
DATA_OUTPUT<10>   |        13.860(R)|      SLOW  |         8.727(R)|      FAST  |clk100            |   0.000|
DATA_OUTPUT<11>   |        14.208(R)|      SLOW  |         9.136(R)|      FAST  |clk100            |   0.000|
DATA_OUTPUT<12>   |        13.379(R)|      SLOW  |         8.584(R)|      FAST  |clk100            |   0.000|
DATA_OUTPUT<13>   |        11.487(R)|      SLOW  |         7.270(R)|      FAST  |clk100            |   0.000|
DATA_OUTPUT<14>   |        11.323(R)|      SLOW  |         7.166(R)|      FAST  |clk100            |   0.000|
DATA_OUTPUT<15>   |        12.236(R)|      SLOW  |         7.855(R)|      FAST  |clk100            |   0.000|
DATA_OUTPUT<16>   |        12.772(R)|      SLOW  |         8.161(R)|      FAST  |clk100            |   0.000|
DATA_OUTPUT<17>   |        11.517(R)|      SLOW  |         7.373(R)|      FAST  |clk100            |   0.000|
DATA_OUTPUT<18>   |        12.241(R)|      SLOW  |         7.842(R)|      FAST  |clk100            |   0.000|
DATA_OUTPUT<19>   |        12.563(R)|      SLOW  |         8.059(R)|      FAST  |clk100            |   0.000|
DATA_OUTPUT<20>   |        12.913(R)|      SLOW  |         8.172(R)|      FAST  |clk100            |   0.000|
DATA_OUTPUT<21>   |        10.782(R)|      SLOW  |         6.753(R)|      FAST  |clk100            |   0.000|
DATA_OUTPUT<22>   |         9.963(R)|      SLOW  |         6.377(R)|      FAST  |clk100            |   0.000|
DATA_OUTPUT<23>   |        11.271(R)|      SLOW  |         7.130(R)|      FAST  |clk100            |   0.000|
DATA_OUTPUT<24>   |        12.385(R)|      SLOW  |         8.023(R)|      FAST  |clk100            |   0.000|
DATA_OUTPUT<25>   |        10.715(R)|      SLOW  |         6.674(R)|      FAST  |clk100            |   0.000|
DATA_OUTPUT<26>   |        12.124(R)|      SLOW  |         7.603(R)|      FAST  |clk100            |   0.000|
DATA_OUTPUT<27>   |        12.962(R)|      SLOW  |         8.262(R)|      FAST  |clk100            |   0.000|
DATA_OUTPUT<28>   |        12.073(R)|      SLOW  |         7.660(R)|      FAST  |clk100            |   0.000|
DATA_OUTPUT<29>   |        11.331(R)|      SLOW  |         7.067(R)|      FAST  |clk100            |   0.000|
DATA_OUTPUT<30>   |        13.919(R)|      SLOW  |         8.736(R)|      FAST  |clk100            |   0.000|
DATA_OUTPUT<31>   |        11.285(R)|      SLOW  |         7.178(R)|      FAST  |clk100            |   0.000|
DATA_OUTPUT<32>   |        10.803(R)|      SLOW  |         6.791(R)|      FAST  |clk100            |   0.000|
DATA_OUTPUT<33>   |        10.596(R)|      SLOW  |         6.624(R)|      FAST  |clk100            |   0.000|
DATA_OUTPUT<34>   |        10.040(R)|      SLOW  |         6.288(R)|      FAST  |clk100            |   0.000|
DATA_OUTPUT<35>   |        12.584(R)|      SLOW  |         7.966(R)|      FAST  |clk100            |   0.000|
DATA_OUTPUT<36>   |        11.073(R)|      SLOW  |         6.937(R)|      FAST  |clk100            |   0.000|
DATA_OUTPUT<37>   |        11.247(R)|      SLOW  |         7.126(R)|      FAST  |clk100            |   0.000|
DATA_OUTPUT<38>   |        10.171(R)|      SLOW  |         6.343(R)|      FAST  |clk100            |   0.000|
DATA_OUTPUT<39>   |        10.372(R)|      SLOW  |         6.456(R)|      FAST  |clk100            |   0.000|
DATA_OUTPUT<40>   |        13.222(R)|      SLOW  |         8.344(R)|      FAST  |clk100            |   0.000|
DATA_OUTPUT<41>   |        11.866(R)|      SLOW  |         7.528(R)|      FAST  |clk100            |   0.000|
DATA_OUTPUT<42>   |        14.918(R)|      SLOW  |         8.853(R)|      FAST  |clk100            |   0.000|
DATA_OUTPUT<43>   |        11.015(R)|      SLOW  |         6.924(R)|      FAST  |clk100            |   0.000|
DATA_OUTPUT<44>   |        13.594(R)|      SLOW  |         8.548(R)|      FAST  |clk100            |   0.000|
DATA_OUTPUT<45>   |        10.740(R)|      SLOW  |         6.819(R)|      FAST  |clk100            |   0.000|
DATA_OUTPUT<46>   |        10.665(R)|      SLOW  |         6.747(R)|      FAST  |clk100            |   0.000|
DATA_OUTPUT<47>   |        11.055(R)|      SLOW  |         6.950(R)|      FAST  |clk100            |   0.000|
DATA_OUTPUT<48>   |        10.863(R)|      SLOW  |         6.914(R)|      FAST  |clk100            |   0.000|
DATA_OUTPUT<49>   |        11.516(R)|      SLOW  |         7.299(R)|      FAST  |clk100            |   0.000|
DATA_OUTPUT<50>   |        11.563(R)|      SLOW  |         7.283(R)|      FAST  |clk100            |   0.000|
DATA_OUTPUT<51>   |        11.428(R)|      SLOW  |         7.205(R)|      FAST  |clk100            |   0.000|
DATA_OUTPUT<52>   |        11.217(R)|      SLOW  |         7.006(R)|      FAST  |clk100            |   0.000|
DATA_OUTPUT<53>   |        14.222(R)|      SLOW  |         8.934(R)|      FAST  |clk100            |   0.000|
DATA_OUTPUT<54>   |        12.333(R)|      SLOW  |         7.688(R)|      FAST  |clk100            |   0.000|
DATA_OUTPUT<55>   |        14.078(R)|      SLOW  |         8.805(R)|      FAST  |clk100            |   0.000|
DATA_OUTPUT<56>   |        13.222(R)|      SLOW  |         8.311(R)|      FAST  |clk100            |   0.000|
DATA_OUTPUT<57>   |        13.203(R)|      SLOW  |         8.422(R)|      FAST  |clk100            |   0.000|
DATA_OUTPUT<58>   |        14.116(R)|      SLOW  |         9.018(R)|      FAST  |clk100            |   0.000|
DATA_OUTPUT<59>   |        14.926(R)|      SLOW  |         9.373(R)|      FAST  |clk100            |   0.000|
DATA_OUTPUT<60>   |        13.492(R)|      SLOW  |         8.610(R)|      FAST  |clk100            |   0.000|
DATA_OUTPUT<61>   |        12.748(R)|      SLOW  |         8.132(R)|      FAST  |clk100            |   0.000|
DATA_OUTPUT<62>   |        12.967(R)|      SLOW  |         8.191(R)|      FAST  |clk100            |   0.000|
DATA_OUTPUT<63>   |        13.917(R)|      SLOW  |         8.774(R)|      FAST  |clk100            |   0.000|
TRIGGER_OUTPUT<0> |        11.990(R)|      SLOW  |         7.810(R)|      FAST  |clk100            |   0.000|
TRIGGER_OUTPUT<1> |        10.586(R)|      SLOW  |         6.867(R)|      FAST  |clk100            |   0.000|
TRIGGER_OUTPUT<2> |        12.393(R)|      SLOW  |         8.051(R)|      FAST  |clk100            |   0.000|
TRIGGER_OUTPUT<3> |        10.809(R)|      SLOW  |         7.020(R)|      FAST  |clk100            |   0.000|
TRIGGER_OUTPUT<4> |        10.521(R)|      SLOW  |         6.828(R)|      FAST  |clk100            |   0.000|
TRIGGER_OUTPUT<5> |        11.941(R)|      SLOW  |         7.684(R)|      FAST  |clk100            |   0.000|
TRIGGER_OUTPUT<6> |        11.936(R)|      SLOW  |         7.702(R)|      FAST  |clk100            |   0.000|
TRIGGER_OUTPUT<7> |        11.181(R)|      SLOW  |         7.227(R)|      FAST  |clk100            |   0.000|
TRIGGER_OUTPUT<8> |         9.749(R)|      SLOW  |         6.341(R)|      FAST  |clk100            |   0.000|
TRIGGER_OUTPUT<9> |        11.896(R)|      SLOW  |         7.755(R)|      FAST  |clk100            |   0.000|
TRIGGER_OUTPUT<10>|        10.286(R)|      SLOW  |         6.760(R)|      FAST  |clk100            |   0.000|
TRIGGER_OUTPUT<11>|         9.773(R)|      SLOW  |         6.391(R)|      FAST  |clk100            |   0.000|
TRIGGER_OUTPUT<12>|         9.571(R)|      SLOW  |         6.209(R)|      FAST  |clk100            |   0.000|
TRIGGER_OUTPUT<13>|        10.548(R)|      SLOW  |         6.783(R)|      FAST  |clk100            |   0.000|
TRIGGER_OUTPUT<14>|        10.858(R)|      SLOW  |         7.005(R)|      FAST  |clk100            |   0.000|
TRIGGER_OUTPUT<15>|        10.388(R)|      SLOW  |         6.705(R)|      FAST  |clk100            |   0.000|
TRIGGER_OUTPUT<16>|        11.770(R)|      SLOW  |         7.547(R)|      FAST  |clk100            |   0.000|
TRIGGER_OUTPUT<17>|        11.428(R)|      SLOW  |         7.415(R)|      FAST  |clk100            |   0.000|
TRIGGER_OUTPUT<18>|        10.603(R)|      SLOW  |         6.818(R)|      FAST  |clk100            |   0.000|
TRIGGER_OUTPUT<19>|        10.789(R)|      SLOW  |         6.941(R)|      FAST  |clk100            |   0.000|
TRIGGER_OUTPUT<20>|        11.070(R)|      SLOW  |         7.171(R)|      FAST  |clk100            |   0.000|
TRIGGER_OUTPUT<21>|         9.672(R)|      SLOW  |         6.297(R)|      FAST  |clk100            |   0.000|
TRIGGER_OUTPUT<22>|        10.726(R)|      SLOW  |         6.962(R)|      FAST  |clk100            |   0.000|
TRIGGER_OUTPUT<23>|        10.429(R)|      SLOW  |         6.749(R)|      FAST  |clk100            |   0.000|
TRIGGER_OUTPUT<24>|        11.429(R)|      SLOW  |         7.437(R)|      FAST  |clk100            |   0.000|
TRIGGER_OUTPUT<25>|         9.916(R)|      SLOW  |         6.411(R)|      FAST  |clk100            |   0.000|
TRIGGER_OUTPUT<26>|         9.370(R)|      SLOW  |         6.125(R)|      FAST  |clk100            |   0.000|
TRIGGER_OUTPUT<27>|        10.312(R)|      SLOW  |         6.746(R)|      FAST  |clk100            |   0.000|
TRIGGER_OUTPUT<28>|        11.600(R)|      SLOW  |         7.539(R)|      FAST  |clk100            |   0.000|
TRIGGER_OUTPUT<29>|        10.980(R)|      SLOW  |         7.138(R)|      FAST  |clk100            |   0.000|
TRIGGER_OUTPUT<30>|         8.001(R)|      SLOW  |         5.267(R)|      FAST  |clk100            |   0.000|
TRIGGER_OUTPUT<31>|        11.666(R)|      SLOW  |         7.570(R)|      FAST  |clk100            |   0.000|
TRIGGER_OUTPUT<32>|        11.597(R)|      SLOW  |         7.534(R)|      FAST  |clk100            |   0.000|
TRIGGER_OUTPUT<33>|        11.819(R)|      SLOW  |         7.641(R)|      FAST  |clk100            |   0.000|
TRIGGER_OUTPUT<34>|        10.999(R)|      SLOW  |         7.127(R)|      FAST  |clk100            |   0.000|
TRIGGER_OUTPUT<35>|         8.898(R)|      SLOW  |         5.813(R)|      FAST  |clk100            |   0.000|
TRIGGER_OUTPUT<36>|        10.363(R)|      SLOW  |         6.761(R)|      FAST  |clk100            |   0.000|
TRIGGER_OUTPUT<37>|        10.105(R)|      SLOW  |         6.561(R)|      FAST  |clk100            |   0.000|
TRIGGER_OUTPUT<38>|        10.220(R)|      SLOW  |         6.653(R)|      FAST  |clk100            |   0.000|
TRIGGER_OUTPUT<39>|        10.986(R)|      SLOW  |         7.164(R)|      FAST  |clk100            |   0.000|
TRIGGER_OUTPUT<40>|         8.714(R)|      SLOW  |         5.758(R)|      FAST  |clk100            |   0.000|
TRIGGER_OUTPUT<41>|        10.418(R)|      SLOW  |         6.795(R)|      FAST  |clk100            |   0.000|
TRIGGER_OUTPUT<42>|         8.226(R)|      SLOW  |         5.452(R)|      FAST  |clk100            |   0.000|
TRIGGER_OUTPUT<43>|        11.423(R)|      SLOW  |         7.487(R)|      FAST  |clk100            |   0.000|
TRIGGER_OUTPUT<44>|         8.499(R)|      SLOW  |         5.596(R)|      FAST  |clk100            |   0.000|
TRIGGER_OUTPUT<45>|        10.873(R)|      SLOW  |         7.138(R)|      FAST  |clk100            |   0.000|
TRIGGER_OUTPUT<46>|        11.034(R)|      SLOW  |         7.213(R)|      FAST  |clk100            |   0.000|
TRIGGER_OUTPUT<47>|        11.251(R)|      SLOW  |         7.378(R)|      FAST  |clk100            |   0.000|
TRIGGER_OUTPUT<48>|        11.054(R)|      SLOW  |         7.266(R)|      FAST  |clk100            |   0.000|
TRIGGER_OUTPUT<49>|        10.857(R)|      SLOW  |         7.116(R)|      FAST  |clk100            |   0.000|
TRIGGER_OUTPUT<50>|        10.495(R)|      SLOW  |         6.930(R)|      FAST  |clk100            |   0.000|
TRIGGER_OUTPUT<51>|        10.561(R)|      SLOW  |         6.922(R)|      FAST  |clk100            |   0.000|
TRIGGER_OUTPUT<52>|        10.891(R)|      SLOW  |         7.163(R)|      FAST  |clk100            |   0.000|
TRIGGER_OUTPUT<53>|         8.512(R)|      SLOW  |         5.636(R)|      FAST  |clk100            |   0.000|
TRIGGER_OUTPUT<54>|        11.534(R)|      SLOW  |         7.613(R)|      FAST  |clk100            |   0.000|
TRIGGER_OUTPUT<55>|        10.501(R)|      SLOW  |         6.937(R)|      FAST  |clk100            |   0.000|
TRIGGER_OUTPUT<56>|        10.485(R)|      SLOW  |         6.902(R)|      FAST  |clk100            |   0.000|
TRIGGER_OUTPUT<57>|        10.715(R)|      SLOW  |         7.037(R)|      FAST  |clk100            |   0.000|
TRIGGER_OUTPUT<58>|        10.543(R)|      SLOW  |         6.980(R)|      FAST  |clk100            |   0.000|
TRIGGER_OUTPUT<59>|         9.869(R)|      SLOW  |         6.527(R)|      FAST  |clk100            |   0.000|
TRIGGER_OUTPUT<60>|        10.963(R)|      SLOW  |         7.233(R)|      FAST  |clk100            |   0.000|
TRIGGER_OUTPUT<61>|        11.269(R)|      SLOW  |         7.432(R)|      FAST  |clk100            |   0.000|
TRIGGER_OUTPUT<62>|        11.321(R)|      SLOW  |         7.472(R)|      FAST  |clk100            |   0.000|
TRIGGER_OUTPUT<63>|        10.449(R)|      SLOW  |         6.862(R)|      FAST  |clk100            |   0.000|
data_addr_out<0>  |         8.653(R)|      SLOW  |         5.756(R)|      FAST  |clk100            |   0.000|
data_addr_out<1>  |         8.382(R)|      SLOW  |         5.578(R)|      FAST  |clk100            |   0.000|
data_addr_out<2>  |        12.170(R)|      SLOW  |         7.981(R)|      FAST  |clk100            |   0.000|
data_addr_out<3>  |        12.416(R)|      SLOW  |         8.186(R)|      FAST  |clk100            |   0.000|
data_addr_out<4>  |        12.159(R)|      SLOW  |         8.052(R)|      FAST  |clk100            |   0.000|
data_addr_out<5>  |        12.137(R)|      SLOW  |         8.053(R)|      FAST  |clk100            |   0.000|
data_addr_out<6>  |        12.224(R)|      SLOW  |         8.101(R)|      FAST  |clk100            |   0.000|
data_addr_out<7>  |        11.722(R)|      SLOW  |         7.779(R)|      FAST  |clk100            |   0.000|
------------------+-----------------+------------+-----------------+------------+------------------+--------+

Clock to Setup on destination clock CLK
---------------+---------+---------+---------+---------+
               | Src:Rise| Src:Fall| Src:Rise| Src:Fall|
Source Clock   |Dest:Rise|Dest:Rise|Dest:Fall|Dest:Fall|
---------------+---------+---------+---------+---------+
CLK            |    7.240|         |         |         |
---------------+---------+---------+---------+---------+

Pad to Pad
---------------+---------------+---------+
Source Pad     |Destination Pad|  Delay  |
---------------+---------------+---------+
phase_sel<0>   |DATA_OUTPUT<0> |   20.511|
phase_sel<0>   |DATA_OUTPUT<1> |   24.113|
phase_sel<0>   |DATA_OUTPUT<2> |   16.639|
phase_sel<0>   |DATA_OUTPUT<3> |   20.549|
phase_sel<0>   |DATA_OUTPUT<4> |   19.644|
phase_sel<0>   |DATA_OUTPUT<5> |   18.226|
phase_sel<0>   |DATA_OUTPUT<6> |   18.376|
phase_sel<0>   |DATA_OUTPUT<7> |   19.668|
phase_sel<0>   |DATA_OUTPUT<8> |   23.241|
phase_sel<0>   |DATA_OUTPUT<9> |   21.330|
phase_sel<0>   |DATA_OUTPUT<10>|   22.835|
phase_sel<0>   |DATA_OUTPUT<11>|   22.303|
phase_sel<0>   |DATA_OUTPUT<12>|   21.671|
phase_sel<0>   |DATA_OUTPUT<13>|   18.447|
phase_sel<0>   |DATA_OUTPUT<14>|   18.153|
phase_sel<0>   |DATA_OUTPUT<15>|   19.920|
phase_sel<0>   |DATA_OUTPUT<16>|   20.559|
phase_sel<0>   |DATA_OUTPUT<17>|   18.298|
phase_sel<0>   |DATA_OUTPUT<18>|   19.683|
phase_sel<0>   |DATA_OUTPUT<19>|   19.969|
phase_sel<0>   |DATA_OUTPUT<20>|   21.093|
phase_sel<0>   |DATA_OUTPUT<21>|   17.103|
phase_sel<0>   |DATA_OUTPUT<22>|   15.610|
phase_sel<0>   |DATA_OUTPUT<23>|   18.424|
phase_sel<0>   |DATA_OUTPUT<24>|   19.575|
phase_sel<0>   |DATA_OUTPUT<25>|   17.231|
phase_sel<0>   |DATA_OUTPUT<26>|   21.150|
phase_sel<0>   |DATA_OUTPUT<27>|   21.609|
phase_sel<0>   |DATA_OUTPUT<28>|   19.869|
phase_sel<0>   |DATA_OUTPUT<29>|   19.145|
phase_sel<0>   |DATA_OUTPUT<30>|   26.023|
phase_sel<0>   |DATA_OUTPUT<31>|   17.851|
phase_sel<0>   |DATA_OUTPUT<32>|   16.920|
phase_sel<0>   |DATA_OUTPUT<33>|   17.213|
phase_sel<0>   |DATA_OUTPUT<34>|   15.534|
phase_sel<0>   |DATA_OUTPUT<35>|   22.884|
phase_sel<0>   |DATA_OUTPUT<36>|   19.079|
phase_sel<0>   |DATA_OUTPUT<37>|   18.889|
phase_sel<0>   |DATA_OUTPUT<38>|   18.436|
phase_sel<0>   |DATA_OUTPUT<39>|   18.711|
phase_sel<0>   |DATA_OUTPUT<40>|   24.550|
phase_sel<0>   |DATA_OUTPUT<41>|   19.825|
phase_sel<0>   |DATA_OUTPUT<42>|   26.434|
phase_sel<0>   |DATA_OUTPUT<43>|   20.505|
phase_sel<0>   |DATA_OUTPUT<44>|   24.899|
phase_sel<0>   |DATA_OUTPUT<45>|   20.157|
phase_sel<0>   |DATA_OUTPUT<46>|   19.734|
phase_sel<0>   |DATA_OUTPUT<47>|   20.737|
phase_sel<0>   |DATA_OUTPUT<48>|   20.158|
phase_sel<0>   |DATA_OUTPUT<49>|   20.995|
phase_sel<0>   |DATA_OUTPUT<50>|   21.977|
phase_sel<0>   |DATA_OUTPUT<51>|   21.105|
phase_sel<0>   |DATA_OUTPUT<52>|   20.692|
phase_sel<0>   |DATA_OUTPUT<53>|   26.536|
phase_sel<0>   |DATA_OUTPUT<54>|   22.424|
phase_sel<0>   |DATA_OUTPUT<55>|   24.747|
phase_sel<0>   |DATA_OUTPUT<56>|   22.386|
phase_sel<0>   |DATA_OUTPUT<57>|   22.692|
phase_sel<0>   |DATA_OUTPUT<58>|   23.906|
phase_sel<0>   |DATA_OUTPUT<59>|   25.971|
phase_sel<0>   |DATA_OUTPUT<60>|   23.392|
phase_sel<0>   |DATA_OUTPUT<61>|   21.438|
phase_sel<0>   |DATA_OUTPUT<62>|   21.324|
phase_sel<0>   |DATA_OUTPUT<63>|   23.519|
phase_sel<1>   |DATA_OUTPUT<0> |   20.481|
phase_sel<1>   |DATA_OUTPUT<1> |   24.499|
phase_sel<1>   |DATA_OUTPUT<2> |   16.337|
phase_sel<1>   |DATA_OUTPUT<3> |   20.749|
phase_sel<1>   |DATA_OUTPUT<4> |   19.677|
phase_sel<1>   |DATA_OUTPUT<5> |   18.195|
phase_sel<1>   |DATA_OUTPUT<6> |   18.345|
phase_sel<1>   |DATA_OUTPUT<7> |   19.272|
phase_sel<1>   |DATA_OUTPUT<8> |   23.843|
phase_sel<1>   |DATA_OUTPUT<9> |   20.933|
phase_sel<1>   |DATA_OUTPUT<10>|   22.805|
phase_sel<1>   |DATA_OUTPUT<11>|   23.014|
phase_sel<1>   |DATA_OUTPUT<12>|   22.382|
phase_sel<1>   |DATA_OUTPUT<13>|   18.773|
phase_sel<1>   |DATA_OUTPUT<14>|   18.113|
phase_sel<1>   |DATA_OUTPUT<15>|   20.354|
phase_sel<1>   |DATA_OUTPUT<16>|   21.270|
phase_sel<1>   |DATA_OUTPUT<17>|   18.331|
phase_sel<1>   |DATA_OUTPUT<18>|   19.973|
phase_sel<1>   |DATA_OUTPUT<19>|   20.680|
phase_sel<1>   |DATA_OUTPUT<20>|   21.695|
phase_sel<1>   |DATA_OUTPUT<21>|   17.073|
phase_sel<1>   |DATA_OUTPUT<22>|   15.345|
phase_sel<1>   |DATA_OUTPUT<23>|   18.749|
phase_sel<1>   |DATA_OUTPUT<24>|   20.286|
phase_sel<1>   |DATA_OUTPUT<25>|   17.200|
phase_sel<1>   |DATA_OUTPUT<26>|   21.109|
phase_sel<1>   |DATA_OUTPUT<27>|   22.299|
phase_sel<1>   |DATA_OUTPUT<28>|   20.471|
phase_sel<1>   |DATA_OUTPUT<29>|   19.105|
phase_sel<1>   |DATA_OUTPUT<30>|   26.140|
phase_sel<1>   |DATA_OUTPUT<31>|   18.240|
phase_sel<1>   |DATA_OUTPUT<32>|   17.214|
phase_sel<1>   |DATA_OUTPUT<33>|   17.173|
phase_sel<1>   |DATA_OUTPUT<34>|   15.504|
phase_sel<1>   |DATA_OUTPUT<35>|   23.083|
phase_sel<1>   |DATA_OUTPUT<36>|   19.279|
phase_sel<1>   |DATA_OUTPUT<37>|   18.962|
phase_sel<1>   |DATA_OUTPUT<38>|   18.615|
phase_sel<1>   |DATA_OUTPUT<39>|   19.037|
phase_sel<1>   |DATA_OUTPUT<40>|   24.750|
phase_sel<1>   |DATA_OUTPUT<41>|   20.137|
phase_sel<1>   |DATA_OUTPUT<42>|   26.913|
phase_sel<1>   |DATA_OUTPUT<43>|   20.731|
phase_sel<1>   |DATA_OUTPUT<44>|   25.213|
phase_sel<1>   |DATA_OUTPUT<45>|   20.700|
phase_sel<1>   |DATA_OUTPUT<46>|   20.287|
phase_sel<1>   |DATA_OUTPUT<47>|   21.139|
phase_sel<1>   |DATA_OUTPUT<48>|   20.700|
phase_sel<1>   |DATA_OUTPUT<49>|   21.415|
phase_sel<1>   |DATA_OUTPUT<50>|   22.519|
phase_sel<1>   |DATA_OUTPUT<51>|   21.526|
phase_sel<1>   |DATA_OUTPUT<52>|   21.018|
phase_sel<1>   |DATA_OUTPUT<53>|   26.735|
phase_sel<1>   |DATA_OUTPUT<54>|   22.749|
phase_sel<1>   |DATA_OUTPUT<55>|   24.351|
phase_sel<1>   |DATA_OUTPUT<56>|   22.355|
phase_sel<1>   |DATA_OUTPUT<57>|   22.892|
phase_sel<1>   |DATA_OUTPUT<58>|   23.980|
phase_sel<1>   |DATA_OUTPUT<59>|   25.575|
phase_sel<1>   |DATA_OUTPUT<60>|   23.591|
phase_sel<1>   |DATA_OUTPUT<61>|   21.638|
phase_sel<1>   |DATA_OUTPUT<62>|   21.294|
phase_sel<1>   |DATA_OUTPUT<63>|   23.460|
---------------+---------------+---------+


Analysis completed Wed Oct 17 17:49:16 2018 
--------------------------------------------------------------------------------

Trace Settings:
-------------------------
Trace Settings 

Peak Memory Usage: 577 MB



