Release 14.7 - xst P.20131013 (lin64)
Copyright (c) 1995-2013 Xilinx, Inc.  All rights reserved.
--> 
Parameter TMPDIR set to xst/projnav.tmp


Total REAL time to Xst completion: 0.00 secs
Total CPU time to Xst completion: 0.05 secs
 
--> 
Parameter xsthdpdir set to xst


Total REAL time to Xst completion: 0.00 secs
Total CPU time to Xst completion: 0.05 secs
 
--> 
Reading design: BinaryToDecimal.prj

TABLE OF CONTENTS
  1) Synthesis Options Summary
  2) HDL Parsing
  3) HDL Elaboration
  4) HDL Synthesis
       4.1) HDL Synthesis Report
  5) Advanced HDL Synthesis
       5.1) Advanced HDL Synthesis Report
  6) Low Level Synthesis
  7) Partition Report
  8) Design Summary
       8.1) Primitive and Black Box Usage
       8.2) Device utilization summary
       8.3) Partition Resource Summary
       8.4) Timing Report
            8.4.1) Clock Information
            8.4.2) Asynchronous Control Signals Information
            8.4.3) Timing Summary
            8.4.4) Timing Details
            8.4.5) Cross Clock Domains Report


=========================================================================
*                      Synthesis Options Summary                        *
=========================================================================
---- Source Parameters
Input File Name                    : "BinaryToDecimal.prj"
Ignore Synthesis Constraint File   : NO

---- Target Parameters
Output File Name                   : "BinaryToDecimal"
Output Format                      : NGC
Target Device                      : xc6slx9-3-tqg144

---- Source Options
Top Module Name                    : BinaryToDecimal
Automatic FSM Extraction           : YES
FSM Encoding Algorithm             : Auto
Safe Implementation                : No
FSM Style                          : LUT
RAM Extraction                     : Yes
RAM Style                          : Auto
ROM Extraction                     : Yes
Shift Register Extraction          : YES
ROM Style                          : Auto
Resource Sharing                   : YES
Asynchronous To Synchronous        : NO
Shift Register Minimum Size        : 2
Use DSP Block                      : Auto
Automatic Register Balancing       : No

---- Target Options
LUT Combining                      : Auto
Reduce Control Sets                : Auto
Add IO Buffers                     : YES
Global Maximum Fanout              : 100000
Add Generic Clock Buffer(BUFG)     : 16
Register Duplication               : YES
Optimize Instantiated Primitives   : NO
Use Clock Enable                   : Auto
Use Synchronous Set                : Auto
Use Synchronous Reset              : Auto
Pack IO Registers into IOBs        : Auto
Equivalent register Removal        : YES

---- General Options
Optimization Goal                  : Speed
Optimization Effort                : 1
Power Reduction                    : NO
Keep Hierarchy                     : No
Netlist Hierarchy                  : As_Optimized
RTL Output                         : Yes
Global Optimization                : AllClockNets
Read Cores                         : YES
Write Timing Constraints           : NO
Cross Clock Analysis               : NO
Hierarchy Separator                : /
Bus Delimiter                      : <>
Case Specifier                     : Maintain
Slice Utilization Ratio            : 100
BRAM Utilization Ratio             : 100
DSP48 Utilization Ratio            : 100
Auto BRAM Packing                  : NO
Slice Utilization Ratio Delta      : 5

=========================================================================


=========================================================================
*                          HDL Parsing                                  *
=========================================================================
Parsing VHDL file "/home/kevin/project/ise/DecimalToBinary/BinaryToDecimal.vhd" into library work
Parsing entity <BinaryToDecimal>.
Parsing architecture <Behavioral> of entity <binarytodecimal>.

=========================================================================
*                            HDL Elaboration                            *
=========================================================================

Elaborating entity <BinaryToDecimal> (architecture <Behavioral>) from library <work>.

=========================================================================
*                           HDL Synthesis                               *
=========================================================================

Synthesizing Unit <BinaryToDecimal>.
    Related source file is "/home/kevin/project/ise/DecimalToBinary/BinaryToDecimal.vhd".
    Found 4-bit adder for signal <GND_4_o_GND_4_o_add_1_OUT> created at line 1241.
    Found 4-bit adder for signal <GND_4_o_GND_4_o_add_4_OUT> created at line 1241.
    Found 4-bit adder for signal <n0163> created at line 1241.
    Found 4-bit adder for signal <GND_4_o_GND_4_o_add_8_OUT> created at line 1241.
    Found 4-bit adder for signal <GND_4_o_GND_4_o_add_10_OUT> created at line 1241.
    Found 4-bit adder for signal <n0166> created at line 1241.
    Found 4-bit adder for signal <GND_4_o_GND_4_o_add_14_OUT> created at line 1241.
    Found 4-bit adder for signal <GND_4_o_GND_4_o_add_16_OUT> created at line 1241.
    Found 4-bit adder for signal <n0169> created at line 1241.
    Found 4-bit adder for signal <GND_4_o_GND_4_o_add_20_OUT> created at line 1241.
    Found 4-bit adder for signal <GND_4_o_GND_4_o_add_22_OUT> created at line 1241.
    Found 4-bit adder for signal <n0172> created at line 1241.
    Found 4-bit adder for signal <bcdinput[8]_GND_4_o_add_26_OUT> created at line 1241.
    Found 4-bit adder for signal <GND_4_o_GND_4_o_add_28_OUT> created at line 1241.
    Found 4-bit adder for signal <n0175> created at line 1241.
    Found 4-bit adder for signal <bcdinput[7]_GND_4_o_add_32_OUT> created at line 1241.
    Found 4-bit adder for signal <GND_4_o_GND_4_o_add_34_OUT> created at line 1241.
    Found 4-bit adder for signal <GND_4_o_GND_4_o_add_36_OUT> created at line 1241.
    Found 4-bit adder for signal <bcdinput[6]_GND_4_o_add_38_OUT> created at line 1241.
    Found 4-bit adder for signal <GND_4_o_GND_4_o_add_40_OUT> created at line 1241.
    Found 4-bit adder for signal <GND_4_o_GND_4_o_add_42_OUT> created at line 1241.
    Found 4-bit adder for signal <bcdinput[5]_GND_4_o_add_44_OUT> created at line 1241.
    Found 4-bit adder for signal <GND_4_o_GND_4_o_add_46_OUT> created at line 1241.
    Found 4-bit adder for signal <GND_4_o_GND_4_o_add_48_OUT> created at line 1241.
    Found 4-bit adder for signal <bcdinput[4]_GND_4_o_add_50_OUT> created at line 1241.
    Found 4-bit adder for signal <bcdinput[8]_GND_4_o_add_52_OUT> created at line 1241.
    Found 4-bit adder for signal <GND_4_o_GND_4_o_add_54_OUT> created at line 1241.
    Found 3-bit comparator greater for signal <PWR_4_o_bcdinput[11]_LessThan_1_o> created at line 58
    Found 4-bit comparator greater for signal <GND_4_o_GND_4_o_LessThan_4_o> created at line 62
    Found 4-bit comparator greater for signal <GND_4_o_GND_4_o_LessThan_6_o> created at line 66
    Found 4-bit comparator greater for signal <GND_4_o_GND_4_o_LessThan_8_o> created at line 58
    Found 4-bit comparator greater for signal <GND_4_o_GND_4_o_LessThan_10_o> created at line 62
    Found 4-bit comparator greater for signal <GND_4_o_GND_4_o_LessThan_12_o> created at line 66
    Found 4-bit comparator greater for signal <GND_4_o_GND_4_o_LessThan_14_o> created at line 58
    Found 4-bit comparator greater for signal <GND_4_o_GND_4_o_LessThan_16_o> created at line 62
    Found 4-bit comparator greater for signal <GND_4_o_GND_4_o_LessThan_18_o> created at line 66
    Found 4-bit comparator greater for signal <GND_4_o_GND_4_o_LessThan_20_o> created at line 58
    Found 4-bit comparator greater for signal <GND_4_o_GND_4_o_LessThan_22_o> created at line 62
    Found 4-bit comparator greater for signal <GND_4_o_GND_4_o_LessThan_24_o> created at line 66
    Found 4-bit comparator greater for signal <GND_4_o_bcdinput[8]_LessThan_26_o> created at line 58
    Found 4-bit comparator greater for signal <GND_4_o_GND_4_o_LessThan_28_o> created at line 62
    Found 4-bit comparator greater for signal <GND_4_o_GND_4_o_LessThan_30_o> created at line 66
    Found 4-bit comparator greater for signal <GND_4_o_bcdinput[7]_LessThan_32_o> created at line 58
    Found 4-bit comparator greater for signal <GND_4_o_GND_4_o_LessThan_34_o> created at line 62
    Found 4-bit comparator greater for signal <GND_4_o_GND_4_o_LessThan_36_o> created at line 66
    Found 4-bit comparator greater for signal <GND_4_o_bcdinput[6]_LessThan_38_o> created at line 58
    Found 4-bit comparator greater for signal <GND_4_o_GND_4_o_LessThan_40_o> created at line 62
    Found 4-bit comparator greater for signal <GND_4_o_GND_4_o_LessThan_42_o> created at line 66
    Found 4-bit comparator greater for signal <GND_4_o_bcdinput[5]_LessThan_44_o> created at line 58
    Found 4-bit comparator greater for signal <GND_4_o_GND_4_o_LessThan_46_o> created at line 62
    Found 4-bit comparator greater for signal <GND_4_o_GND_4_o_LessThan_48_o> created at line 66
    Found 4-bit comparator greater for signal <GND_4_o_bcdinput[4]_LessThan_50_o> created at line 58
    Found 4-bit comparator greater for signal <GND_4_o_bcdinput[8]_LessThan_52_o> created at line 62
    Found 4-bit comparator greater for signal <GND_4_o_GND_4_o_LessThan_54_o> created at line 66
    Summary:
	inferred  27 Adder/Subtractor(s).
	inferred  27 Comparator(s).
	inferred 100 Multiplexer(s).
Unit <BinaryToDecimal> synthesized.

=========================================================================
HDL Synthesis Report

Macro Statistics
# Adders/Subtractors                                   : 27
 4-bit adder                                           : 27
# Comparators                                          : 27
 3-bit comparator greater                              : 1
 4-bit comparator greater                              : 26
# Multiplexers                                         : 100
 1-bit 2-to-1 multiplexer                              : 99
 16-bit 2-to-1 multiplexer                             : 1

=========================================================================

=========================================================================
*                       Advanced HDL Synthesis                          *
=========================================================================


=========================================================================
Advanced HDL Synthesis Report

Macro Statistics
# Adders/Subtractors                                   : 27
 3-bit adder                                           : 5
 4-bit adder                                           : 22
# Comparators                                          : 27
 3-bit comparator greater                              : 1
 4-bit comparator greater                              : 26
# Multiplexers                                         : 100
 1-bit 2-to-1 multiplexer                              : 99
 16-bit 2-to-1 multiplexer                             : 1

=========================================================================

=========================================================================
*                         Low Level Synthesis                           *
=========================================================================

Optimizing unit <BinaryToDecimal> ...

Mapping all equations...
Building and optimizing final netlist ...
Found area constraint ratio of 100 (+ 5) on block BinaryToDecimal, actual ratio is 1.

Final Macro Processing ...

=========================================================================
Final Register Report

Found no macro
=========================================================================

=========================================================================
*                           Partition Report                            *
=========================================================================

Partition Implementation Status
-------------------------------

  No Partitions were found in this design.

-------------------------------

=========================================================================
*                            Design Summary                             *
=========================================================================

Top Level Output File Name         : BinaryToDecimal.ngc

Primitive and Black Box Usage:
------------------------------
# BELS                             : 49
#      GND                         : 1
#      LUT3                        : 1
#      LUT4                        : 4
#      LUT5                        : 12
#      LUT6                        : 31
# IO Buffers                       : 28
#      IBUF                        : 12
#      OBUF                        : 16

Device utilization summary:
---------------------------

Selected Device : 6slx9tqg144-3 


Slice Logic Utilization: 
 Number of Slice LUTs:                   48  out of   5720     0%  
    Number used as Logic:                48  out of   5720     0%  

Slice Logic Distribution: 
 Number of LUT Flip Flop pairs used:     48
   Number with an unused Flip Flop:      48  out of     48   100%  
   Number with an unused LUT:             0  out of     48     0%  
   Number of fully used LUT-FF pairs:     0  out of     48     0%  
   Number of unique control sets:         0

IO Utilization: 
 Number of IOs:                          28
 Number of bonded IOBs:                  28  out of    102    27%  

Specific Feature Utilization:

---------------------------
Partition Resource Summary:
---------------------------

  No Partitions were found in this design.

---------------------------


=========================================================================
Timing Report

NOTE: THESE TIMING NUMBERS ARE ONLY A SYNTHESIS ESTIMATE.
      FOR ACCURATE TIMING INFORMATION PLEASE REFER TO THE TRACE REPORT
      GENERATED AFTER PLACE-and-ROUTE.

Clock Information:
------------------
No clock signals found in this design

Asynchronous Control Signals Information:
----------------------------------------
No asynchronous control signals found in this design

Timing Summary:
---------------
Speed Grade: -3

   Minimum period: No path found
   Minimum input arrival time before clock: No path found
   Maximum output required time after clock: No path found
   Maximum combinational path delay: 14.541ns

Timing Details:
---------------
All values displayed in nanoseconds (ns)

=========================================================================
Timing constraint: Default path analysis
  Total number of paths / destination ports: 37465 / 15
-------------------------------------------------------------------------
Delay:               14.541ns (Levels of Logic = 10)
  Source:            bcdinput<9> (PAD)
  Destination:       bcdoutput<6> (PAD)

  Data Path: bcdinput<9> to bcdoutput<6>
                                Gate     Net
    Cell:in->out      fanout   Delay   Delay  Logical Name (Net Name)
    ----------------------------------------  ------------
     IBUF:I->O             7   1.222   1.118  bcdinput_9_IBUF (Madd_GND_4_o_GND_4_o_add_1_OUT_cy<0>)
     LUT5:I0->O            7   0.203   1.021  GND_4_o_GND_4_o_LessThan_14_o1 (Madd_GND_4_o_GND_4_o_add_22_OUT_cy<0>)
     LUT6:I2->O            9   0.203   1.058  Mmux_GND_4_o_GND_4_o_MUX_56_o11 (Madd_GND_4_o_GND_4_o_add_28_OUT_cy<0>)
     LUT6:I3->O           12   0.205   1.137  Mmux_GND_4_o_GND_4_o_MUX_72_o11 (Madd_GND_4_o_GND_4_o_add_36_OUT_cy<0>)
     LUT5:I2->O            4   0.205   1.028  Mmux_GND_4_o_GND_4_o_MUX_72_o111 (Madd_GND_4_o_GND_4_o_add_34_OUT_lut<3>)
     LUT5:I0->O            3   0.203   1.015  Mmux_GND_4_o_GND_4_o_MUX_84_o111 (Madd_GND_4_o_GND_4_o_add_40_OUT_lut<3>)
     LUT6:I0->O            7   0.203   1.118  GND_4_o_GND_4_o_LessThan_40_o1 (GND_4_o_GND_4_o_LessThan_40_o)
     LUT6:I1->O            4   0.203   1.048  GND_4_o_GND_4_o_LessThan_46_o1 (GND_4_o_GND_4_o_LessThan_46_o)
     LUT6:I0->O            1   0.203   0.579  Mmux_Conversion.bcd<6>11 (bcdoutput_6_OBUF)
     OBUF:I->O                 2.571          bcdoutput_6_OBUF (bcdoutput<6>)
    ----------------------------------------
    Total                     14.541ns (5.421ns logic, 9.120ns route)
                                       (37.3% logic, 62.7% route)

=========================================================================

Cross Clock Domains Report:
--------------------------

=========================================================================


Total REAL time to Xst completion: 10.00 secs
Total CPU time to Xst completion: 5.35 secs
 
--> 


Total memory usage is 380640 kilobytes

Number of errors   :    0 (   0 filtered)
Number of warnings :    0 (   0 filtered)
Number of infos    :    0 (   0 filtered)

