Release 14.7 Map P.20160913 (lin64)
Xilinx Mapping Report File for Design 'data_processing_top'

Design Information
------------------
Command Line   : map -filter
/home/ise/Xilinx/test_1/test_1/data_handling3/iseconfig/filter.filter -intstyle
ise -p xc6slx150t-fgg676-3 -w -logic_opt off -ol high -t 1 -xt 0
-register_duplication off -r 4 -global_opt off -mt off -ir off -pr off -lc off
-power off -o data_processing_top_map.ncd data_processing_top.ngd
data_processing_top.pcf 
Target Device  : xc6slx150t
Target Package : fgg676
Target Speed   : -3
Mapper Version : spartan6 -- $Revision: 1.55 $
Mapped Date    : Tue Oct 23 21:30:11 2018

Design Summary
--------------
Number of errors:      0
Number of warnings:    2
Slice Logic Utilization:
  Number of Slice Registers:                 1,362 out of 184,304    1%
    Number used as Flip Flops:               1,362
    Number used as Latches:                      0
    Number used as Latch-thrus:                  0
    Number used as AND/OR logics:                0
  Number of Slice LUTs:                        675 out of  92,152    1%
    Number used as logic:                      550 out of  92,152    1%
      Number using O6 output only:             471
      Number using O5 output only:              39
      Number using O5 and O6:                   40
      Number used as ROM:                        0
    Number used as Memory:                       0 out of  21,680    0%
    Number used exclusively as route-thrus:    125
      Number with same-slice register load:    122
      Number with same-slice carry load:         3
      Number with other load:                    0

Slice Logic Distribution:
  Number of occupied Slices:                   512 out of  23,038    2%
  Number of MUXCYs used:                        80 out of  46,076    1%
  Number of LUT Flip Flop pairs used:        1,454
    Number with an unused Flip Flop:           243 out of   1,454   16%
    Number with an unused LUT:                 779 out of   1,454   53%
    Number of fully used LUT-FF pairs:         432 out of   1,454   29%
    Number of unique control sets:             137
    Number of slice register sites lost
      to control set restrictions:             534 out of 184,304    1%

  A LUT Flip Flop pair for this architecture represents one LUT paired with
  one Flip Flop within a slice.  A control set is a unique combination of
  clock, reset, set, and enable signals for a registered element.
  The Slice Logic Distribution report is not meaningful if the design is
  over-mapped for a non-slice resource or if Placement fails.

IO Utilization:
  Number of bonded IOBs:                        86 out of     396   21%

Specific Feature Utilization:
  Number of RAMB16BWERs:                         0 out of     268    0%
  Number of RAMB8BWERs:                         64 out of     536   11%
  Number of BUFIO2/BUFIO2_2CLKs:                 1 out of      32    3%
    Number used as BUFIO2s:                      1
    Number used as BUFIO2_2CLKs:                 0
  Number of BUFIO2FB/BUFIO2FB_2CLKs:             1 out of      32    3%
    Number used as BUFIO2FBs:                    1
    Number used as BUFIO2FB_2CLKs:               0
  Number of BUFG/BUFGMUXs:                       3 out of      16   18%
    Number used as BUFGs:                        3
    Number used as BUFGMUX:                      0
  Number of DCM/DCM_CLKGENs:                     0 out of      12    0%
  Number of ILOGIC2/ISERDES2s:                  64 out of     586   10%
    Number used as ILOGIC2s:                     0
    Number used as ISERDES2s:                   64
  Number of IODELAY2/IODRP2/IODRP2_MCBs:         0 out of     586    0%
  Number of OLOGIC2/OSERDES2s:                   0 out of     586    0%
  Number of BSCANs:                              0 out of       4    0%
  Number of BUFHs:                               0 out of     384    0%
  Number of BUFPLLs:                             0 out of       8    0%
  Number of BUFPLL_MCBs:                         0 out of       4    0%
  Number of DSP48A1s:                            0 out of     180    0%
  Number of GTPA1_DUALs:                         0 out of       4    0%
  Number of ICAPs:                               0 out of       1    0%
  Number of MCBs:                                0 out of       4    0%
  Number of PCIE_A1s:                            0 out of       1    0%
  Number of PCILOGICSEs:                         0 out of       2    0%
  Number of PLL_ADVs:                            1 out of       6   16%
  Number of PMVs:                                0 out of       1    0%
  Number of STARTUPs:                            0 out of       1    0%
  Number of SUSPEND_SYNCs:                       0 out of       1    0%

Average Fanout of Non-Clock Nets:                2.90

Peak Memory Usage:  1064 MB
Total REAL time to MAP completion:  50 secs 
Total CPU time to MAP completion:   49 secs 

Table of Contents
-----------------
Section 1 - Errors
Section 2 - Warnings
Section 3 - Informational
Section 4 - Removed Logic Summary
Section 5 - Removed Logic
Section 6 - IOB Properties
Section 7 - RPMs
Section 8 - Guide Report
Section 9 - Area Group and Partition Summary
Section 10 - Timing Report
Section 11 - Configuration String Information
Section 12 - Control Set Information
Section 13 - Utilization by Hierarchy

Section 1 - Errors
------------------

Section 2 - Warnings
--------------------
WARNING:Security:42 - Your software subscription period has lapsed. Your current
version of Xilinx tools will continue to function, but you no longer qualify for
Xilinx software updates or new releases.
WARNING:MapLib:701 - Signal clk125 connected to top level port clk125 has been
   removed.
WARNING:PhysDesignRules:2410 - This design is using one or more 9K Block RAMs
   (RAMB8BWER).  9K Block RAM initialization data, both user defined and
   default, may be incorrect and should not be used.  For more information,
   please reference Xilinx Answer Record 39999.

Section 3 - Informational
-------------------------
INFO:Security:56 - Part 'xc6slx150t' is not a WebPack part.
INFO:LIT:243 - Logical network clk125_IBUF has no load.
INFO:MapLib:562 - No environment variables are currently set.
INFO:LIT:244 - All of the single ended outputs in this design are using slew
   rate limited output drivers. The delay on speed critical single ended outputs
   can be dramatically reduced by designating them as fast outputs.
INFO:Pack:1716 - Initializing temperature to 85.000 Celsius. (default - Range:
   0.000 to 85.000 Celsius)
INFO:Pack:1720 - Initializing voltage to 1.140 Volts. (default - Range: 1.140 to
   1.260 Volts)
INFO:Map:215 - The Interim Design Summary has been generated in the MAP Report
   (.mrp).
INFO:Pack:1650 - Map created a placed design.

Section 4 - Removed Logic Summary
---------------------------------
   2 block(s) removed
 131 block(s) optimized away
   3 signal(s) removed

Section 5 - Removed Logic
-------------------------

The trimmed logic report below shows the logic removed from your design due to
sourceless or loadless signals, and VCC or ground connections.  If the removal
of a signal or symbol results in the subsequent removal of an additional signal
or symbol, the message explaining that second removal will be indented.  This
indentation will be repeated as a chain of related logic is removed.

To quickly locate the original cause for the removal of a chain of logic, look
above the place where that logic is listed in the trimming report, then locate
the lines that are least indented (begin at the leftmost edge).

The signal "axis_fifo1/N0" is sourceless and has been removed.

The trimmed logic reported below is either:
   1. part of a cycle
   2. part of disabled logic
   3. a side-effect of other trimmed logic

The signal "clk125_IBUF" is unused and has been removed.
 Unused block "clk125_IBUF" (BUF) removed.
  The signal "clk125" is unused and has been removed.
   Unused block "clk125" (PAD) removed.

Optimized Block(s):
TYPE 		BLOCK
GND 		XST_GND
VCC 		XST_VCC
VCC 		axis_fifo1/XST_VCC
GND
		data_ports1/gen_data_handling[0].Inst_data_handling_module/BRAM_storage/XST_GN
D
VCC
		data_ports1/gen_data_handling[0].Inst_data_handling_module/BRAM_storage/XST_VC
C
GND
		data_ports1/gen_data_handling[10].Inst_data_handling_module/BRAM_storage/XST_G
ND
VCC
		data_ports1/gen_data_handling[10].Inst_data_handling_module/BRAM_storage/XST_V
CC
GND
		data_ports1/gen_data_handling[11].Inst_data_handling_module/BRAM_storage/XST_G
ND
VCC
		data_ports1/gen_data_handling[11].Inst_data_handling_module/BRAM_storage/XST_V
CC
GND
		data_ports1/gen_data_handling[12].Inst_data_handling_module/BRAM_storage/XST_G
ND
VCC
		data_ports1/gen_data_handling[12].Inst_data_handling_module/BRAM_storage/XST_V
CC
GND
		data_ports1/gen_data_handling[13].Inst_data_handling_module/BRAM_storage/XST_G
ND
VCC
		data_ports1/gen_data_handling[13].Inst_data_handling_module/BRAM_storage/XST_V
CC
GND
		data_ports1/gen_data_handling[14].Inst_data_handling_module/BRAM_storage/XST_G
ND
VCC
		data_ports1/gen_data_handling[14].Inst_data_handling_module/BRAM_storage/XST_V
CC
GND
		data_ports1/gen_data_handling[15].Inst_data_handling_module/BRAM_storage/XST_G
ND
VCC
		data_ports1/gen_data_handling[15].Inst_data_handling_module/BRAM_storage/XST_V
CC
GND
		data_ports1/gen_data_handling[16].Inst_data_handling_module/BRAM_storage/XST_G
ND
VCC
		data_ports1/gen_data_handling[16].Inst_data_handling_module/BRAM_storage/XST_V
CC
GND
		data_ports1/gen_data_handling[17].Inst_data_handling_module/BRAM_storage/XST_G
ND
VCC
		data_ports1/gen_data_handling[17].Inst_data_handling_module/BRAM_storage/XST_V
CC
GND
		data_ports1/gen_data_handling[18].Inst_data_handling_module/BRAM_storage/XST_G
ND
VCC
		data_ports1/gen_data_handling[18].Inst_data_handling_module/BRAM_storage/XST_V
CC
GND
		data_ports1/gen_data_handling[19].Inst_data_handling_module/BRAM_storage/XST_G
ND
VCC
		data_ports1/gen_data_handling[19].Inst_data_handling_module/BRAM_storage/XST_V
CC
GND
		data_ports1/gen_data_handling[1].Inst_data_handling_module/BRAM_storage/XST_GN
D
VCC
		data_ports1/gen_data_handling[1].Inst_data_handling_module/BRAM_storage/XST_VC
C
GND
		data_ports1/gen_data_handling[20].Inst_data_handling_module/BRAM_storage/XST_G
ND
VCC
		data_ports1/gen_data_handling[20].Inst_data_handling_module/BRAM_storage/XST_V
CC
GND
		data_ports1/gen_data_handling[21].Inst_data_handling_module/BRAM_storage/XST_G
ND
VCC
		data_ports1/gen_data_handling[21].Inst_data_handling_module/BRAM_storage/XST_V
CC
GND
		data_ports1/gen_data_handling[22].Inst_data_handling_module/BRAM_storage/XST_G
ND
VCC
		data_ports1/gen_data_handling[22].Inst_data_handling_module/BRAM_storage/XST_V
CC
GND
		data_ports1/gen_data_handling[23].Inst_data_handling_module/BRAM_storage/XST_G
ND
VCC
		data_ports1/gen_data_handling[23].Inst_data_handling_module/BRAM_storage/XST_V
CC
GND
		data_ports1/gen_data_handling[24].Inst_data_handling_module/BRAM_storage/XST_G
ND
VCC
		data_ports1/gen_data_handling[24].Inst_data_handling_module/BRAM_storage/XST_V
CC
GND
		data_ports1/gen_data_handling[25].Inst_data_handling_module/BRAM_storage/XST_G
ND
VCC
		data_ports1/gen_data_handling[25].Inst_data_handling_module/BRAM_storage/XST_V
CC
GND
		data_ports1/gen_data_handling[26].Inst_data_handling_module/BRAM_storage/XST_G
ND
VCC
		data_ports1/gen_data_handling[26].Inst_data_handling_module/BRAM_storage/XST_V
CC
GND
		data_ports1/gen_data_handling[27].Inst_data_handling_module/BRAM_storage/XST_G
ND
VCC
		data_ports1/gen_data_handling[27].Inst_data_handling_module/BRAM_storage/XST_V
CC
GND
		data_ports1/gen_data_handling[28].Inst_data_handling_module/BRAM_storage/XST_G
ND
VCC
		data_ports1/gen_data_handling[28].Inst_data_handling_module/BRAM_storage/XST_V
CC
GND
		data_ports1/gen_data_handling[29].Inst_data_handling_module/BRAM_storage/XST_G
ND
VCC
		data_ports1/gen_data_handling[29].Inst_data_handling_module/BRAM_storage/XST_V
CC
GND
		data_ports1/gen_data_handling[2].Inst_data_handling_module/BRAM_storage/XST_GN
D
VCC
		data_ports1/gen_data_handling[2].Inst_data_handling_module/BRAM_storage/XST_VC
C
GND
		data_ports1/gen_data_handling[30].Inst_data_handling_module/BRAM_storage/XST_G
ND
VCC
		data_ports1/gen_data_handling[30].Inst_data_handling_module/BRAM_storage/XST_V
CC
GND
		data_ports1/gen_data_handling[31].Inst_data_handling_module/BRAM_storage/XST_G
ND
VCC
		data_ports1/gen_data_handling[31].Inst_data_handling_module/BRAM_storage/XST_V
CC
GND
		data_ports1/gen_data_handling[32].Inst_data_handling_module/BRAM_storage/XST_G
ND
VCC
		data_ports1/gen_data_handling[32].Inst_data_handling_module/BRAM_storage/XST_V
CC
GND
		data_ports1/gen_data_handling[33].Inst_data_handling_module/BRAM_storage/XST_G
ND
VCC
		data_ports1/gen_data_handling[33].Inst_data_handling_module/BRAM_storage/XST_V
CC
GND
		data_ports1/gen_data_handling[34].Inst_data_handling_module/BRAM_storage/XST_G
ND
VCC
		data_ports1/gen_data_handling[34].Inst_data_handling_module/BRAM_storage/XST_V
CC
GND
		data_ports1/gen_data_handling[35].Inst_data_handling_module/BRAM_storage/XST_G
ND
VCC
		data_ports1/gen_data_handling[35].Inst_data_handling_module/BRAM_storage/XST_V
CC
GND
		data_ports1/gen_data_handling[36].Inst_data_handling_module/BRAM_storage/XST_G
ND
VCC
		data_ports1/gen_data_handling[36].Inst_data_handling_module/BRAM_storage/XST_V
CC
GND
		data_ports1/gen_data_handling[37].Inst_data_handling_module/BRAM_storage/XST_G
ND
VCC
		data_ports1/gen_data_handling[37].Inst_data_handling_module/BRAM_storage/XST_V
CC
GND
		data_ports1/gen_data_handling[38].Inst_data_handling_module/BRAM_storage/XST_G
ND
VCC
		data_ports1/gen_data_handling[38].Inst_data_handling_module/BRAM_storage/XST_V
CC
GND
		data_ports1/gen_data_handling[39].Inst_data_handling_module/BRAM_storage/XST_G
ND
VCC
		data_ports1/gen_data_handling[39].Inst_data_handling_module/BRAM_storage/XST_V
CC
GND
		data_ports1/gen_data_handling[3].Inst_data_handling_module/BRAM_storage/XST_GN
D
VCC
		data_ports1/gen_data_handling[3].Inst_data_handling_module/BRAM_storage/XST_VC
C
GND
		data_ports1/gen_data_handling[40].Inst_data_handling_module/BRAM_storage/XST_G
ND
VCC
		data_ports1/gen_data_handling[40].Inst_data_handling_module/BRAM_storage/XST_V
CC
GND
		data_ports1/gen_data_handling[41].Inst_data_handling_module/BRAM_storage/XST_G
ND
VCC
		data_ports1/gen_data_handling[41].Inst_data_handling_module/BRAM_storage/XST_V
CC
GND
		data_ports1/gen_data_handling[42].Inst_data_handling_module/BRAM_storage/XST_G
ND
VCC
		data_ports1/gen_data_handling[42].Inst_data_handling_module/BRAM_storage/XST_V
CC
GND
		data_ports1/gen_data_handling[43].Inst_data_handling_module/BRAM_storage/XST_G
ND
VCC
		data_ports1/gen_data_handling[43].Inst_data_handling_module/BRAM_storage/XST_V
CC
GND
		data_ports1/gen_data_handling[44].Inst_data_handling_module/BRAM_storage/XST_G
ND
VCC
		data_ports1/gen_data_handling[44].Inst_data_handling_module/BRAM_storage/XST_V
CC
GND
		data_ports1/gen_data_handling[45].Inst_data_handling_module/BRAM_storage/XST_G
ND
VCC
		data_ports1/gen_data_handling[45].Inst_data_handling_module/BRAM_storage/XST_V
CC
GND
		data_ports1/gen_data_handling[46].Inst_data_handling_module/BRAM_storage/XST_G
ND
VCC
		data_ports1/gen_data_handling[46].Inst_data_handling_module/BRAM_storage/XST_V
CC
GND
		data_ports1/gen_data_handling[47].Inst_data_handling_module/BRAM_storage/XST_G
ND
VCC
		data_ports1/gen_data_handling[47].Inst_data_handling_module/BRAM_storage/XST_V
CC
GND
		data_ports1/gen_data_handling[48].Inst_data_handling_module/BRAM_storage/XST_G
ND
VCC
		data_ports1/gen_data_handling[48].Inst_data_handling_module/BRAM_storage/XST_V
CC
GND
		data_ports1/gen_data_handling[49].Inst_data_handling_module/BRAM_storage/XST_G
ND
VCC
		data_ports1/gen_data_handling[49].Inst_data_handling_module/BRAM_storage/XST_V
CC
GND
		data_ports1/gen_data_handling[4].Inst_data_handling_module/BRAM_storage/XST_GN
D
VCC
		data_ports1/gen_data_handling[4].Inst_data_handling_module/BRAM_storage/XST_VC
C
GND
		data_ports1/gen_data_handling[50].Inst_data_handling_module/BRAM_storage/XST_G
ND
VCC
		data_ports1/gen_data_handling[50].Inst_data_handling_module/BRAM_storage/XST_V
CC
GND
		data_ports1/gen_data_handling[51].Inst_data_handling_module/BRAM_storage/XST_G
ND
VCC
		data_ports1/gen_data_handling[51].Inst_data_handling_module/BRAM_storage/XST_V
CC
GND
		data_ports1/gen_data_handling[52].Inst_data_handling_module/BRAM_storage/XST_G
ND
VCC
		data_ports1/gen_data_handling[52].Inst_data_handling_module/BRAM_storage/XST_V
CC
GND
		data_ports1/gen_data_handling[53].Inst_data_handling_module/BRAM_storage/XST_G
ND
VCC
		data_ports1/gen_data_handling[53].Inst_data_handling_module/BRAM_storage/XST_V
CC
GND
		data_ports1/gen_data_handling[54].Inst_data_handling_module/BRAM_storage/XST_G
ND
VCC
		data_ports1/gen_data_handling[54].Inst_data_handling_module/BRAM_storage/XST_V
CC
GND
		data_ports1/gen_data_handling[55].Inst_data_handling_module/BRAM_storage/XST_G
ND
VCC
		data_ports1/gen_data_handling[55].Inst_data_handling_module/BRAM_storage/XST_V
CC
GND
		data_ports1/gen_data_handling[56].Inst_data_handling_module/BRAM_storage/XST_G
ND
VCC
		data_ports1/gen_data_handling[56].Inst_data_handling_module/BRAM_storage/XST_V
CC
GND
		data_ports1/gen_data_handling[57].Inst_data_handling_module/BRAM_storage/XST_G
ND
VCC
		data_ports1/gen_data_handling[57].Inst_data_handling_module/BRAM_storage/XST_V
CC
GND
		data_ports1/gen_data_handling[58].Inst_data_handling_module/BRAM_storage/XST_G
ND
VCC
		data_ports1/gen_data_handling[58].Inst_data_handling_module/BRAM_storage/XST_V
CC
GND
		data_ports1/gen_data_handling[59].Inst_data_handling_module/BRAM_storage/XST_G
ND
VCC
		data_ports1/gen_data_handling[59].Inst_data_handling_module/BRAM_storage/XST_V
CC
GND
		data_ports1/gen_data_handling[5].Inst_data_handling_module/BRAM_storage/XST_GN
D
VCC
		data_ports1/gen_data_handling[5].Inst_data_handling_module/BRAM_storage/XST_VC
C
GND
		data_ports1/gen_data_handling[60].Inst_data_handling_module/BRAM_storage/XST_G
ND
VCC
		data_ports1/gen_data_handling[60].Inst_data_handling_module/BRAM_storage/XST_V
CC
GND
		data_ports1/gen_data_handling[61].Inst_data_handling_module/BRAM_storage/XST_G
ND
VCC
		data_ports1/gen_data_handling[61].Inst_data_handling_module/BRAM_storage/XST_V
CC
GND
		data_ports1/gen_data_handling[62].Inst_data_handling_module/BRAM_storage/XST_G
ND
VCC
		data_ports1/gen_data_handling[62].Inst_data_handling_module/BRAM_storage/XST_V
CC
GND
		data_ports1/gen_data_handling[63].Inst_data_handling_module/BRAM_storage/XST_G
ND
VCC
		data_ports1/gen_data_handling[63].Inst_data_handling_module/BRAM_storage/XST_V
CC
GND
		data_ports1/gen_data_handling[6].Inst_data_handling_module/BRAM_storage/XST_GN
D
VCC
		data_ports1/gen_data_handling[6].Inst_data_handling_module/BRAM_storage/XST_VC
C
GND
		data_ports1/gen_data_handling[7].Inst_data_handling_module/BRAM_storage/XST_GN
D
VCC
		data_ports1/gen_data_handling[7].Inst_data_handling_module/BRAM_storage/XST_VC
C
GND
		data_ports1/gen_data_handling[8].Inst_data_handling_module/BRAM_storage/XST_GN
D
VCC
		data_ports1/gen_data_handling[8].Inst_data_handling_module/BRAM_storage/XST_VC
C
GND
		data_ports1/gen_data_handling[9].Inst_data_handling_module/BRAM_storage/XST_GN
D
VCC
		data_ports1/gen_data_handling[9].Inst_data_handling_module/BRAM_storage/XST_VC
C

To enable printing of redundant blocks removed and signals merged, set the
detailed map report option and rerun map.

Section 6 - IOB Properties
--------------------------

+---------------------------------------------------------------------------------------------------------------------------------------------------------+
| IOB Name                           | Type             | Direction | IO Standard          | Diff  | Drive    | Slew | Reg (s)      | Resistor | IOB      |
|                                    |                  |           |                      | Term  | Strength | Rate |              |          | Delay    |
+---------------------------------------------------------------------------------------------------------------------------------------------------------+
| clk                                | IOB              | INPUT     | LVCMOS25             |       |          |      |              |          |          |
| dataReady                          | IOB              | OUTPUT    | LVCMOS25             |       | 12       | SLOW |              |          |          |
| data_addr_aft<0>                   | IOB              | INPUT     | LVCMOS25             |       |          |      |              |          |          |
| data_addr_aft<1>                   | IOB              | INPUT     | LVCMOS25             |       |          |      |              |          |          |
| data_addr_aft<2>                   | IOB              | INPUT     | LVCMOS25             |       |          |      |              |          |          |
| data_addr_aft<3>                   | IOB              | INPUT     | LVCMOS25             |       |          |      |              |          |          |
| data_addr_bef<0>                   | IOB              | INPUT     | LVCMOS25             |       |          |      |              |          |          |
| data_addr_bef<1>                   | IOB              | INPUT     | LVCMOS25             |       |          |      |              |          |          |
| data_addr_bef<2>                   | IOB              | INPUT     | LVCMOS25             |       |          |      |              |          |          |
| data_addr_bef<3>                   | IOB              | INPUT     | LVCMOS25             |       |          |      |              |          |          |
| input_pins<0>                      | IOB              | INPUT     | LVCMOS25             |       |          |      | ISERDES      |          |          |
| input_pins<1>                      | IOB              | INPUT     | LVCMOS25             |       |          |      | ISERDES      |          |          |
| input_pins<2>                      | IOB              | INPUT     | LVCMOS25             |       |          |      | ISERDES      |          |          |
| input_pins<3>                      | IOB              | INPUT     | LVCMOS25             |       |          |      | ISERDES      |          |          |
| input_pins<4>                      | IOB              | INPUT     | LVCMOS25             |       |          |      | ISERDES      |          |          |
| input_pins<5>                      | IOB              | INPUT     | LVCMOS25             |       |          |      | ISERDES      |          |          |
| input_pins<6>                      | IOB              | INPUT     | LVCMOS25             |       |          |      | ISERDES      |          |          |
| input_pins<7>                      | IOB              | INPUT     | LVCMOS25             |       |          |      | ISERDES      |          |          |
| input_pins<8>                      | IOB              | INPUT     | LVCMOS25             |       |          |      | ISERDES      |          |          |
| input_pins<9>                      | IOB              | INPUT     | LVCMOS25             |       |          |      | ISERDES      |          |          |
| input_pins<10>                     | IOB              | INPUT     | LVCMOS25             |       |          |      | ISERDES      |          |          |
| input_pins<11>                     | IOB              | INPUT     | LVCMOS25             |       |          |      | ISERDES      |          |          |
| input_pins<12>                     | IOB              | INPUT     | LVCMOS25             |       |          |      | ISERDES      |          |          |
| input_pins<13>                     | IOB              | INPUT     | LVCMOS25             |       |          |      | ISERDES      |          |          |
| input_pins<14>                     | IOB              | INPUT     | LVCMOS25             |       |          |      | ISERDES      |          |          |
| input_pins<15>                     | IOB              | INPUT     | LVCMOS25             |       |          |      | ISERDES      |          |          |
| input_pins<16>                     | IOB              | INPUT     | LVCMOS25             |       |          |      | ISERDES      |          |          |
| input_pins<17>                     | IOB              | INPUT     | LVCMOS25             |       |          |      | ISERDES      |          |          |
| input_pins<18>                     | IOB              | INPUT     | LVCMOS25             |       |          |      | ISERDES      |          |          |
| input_pins<19>                     | IOB              | INPUT     | LVCMOS25             |       |          |      | ISERDES      |          |          |
| input_pins<20>                     | IOB              | INPUT     | LVCMOS25             |       |          |      | ISERDES      |          |          |
| input_pins<21>                     | IOB              | INPUT     | LVCMOS25             |       |          |      | ISERDES      |          |          |
| input_pins<22>                     | IOB              | INPUT     | LVCMOS25             |       |          |      | ISERDES      |          |          |
| input_pins<23>                     | IOB              | INPUT     | LVCMOS25             |       |          |      | ISERDES      |          |          |
| input_pins<24>                     | IOB              | INPUT     | LVCMOS25             |       |          |      | ISERDES      |          |          |
| input_pins<25>                     | IOB              | INPUT     | LVCMOS25             |       |          |      | ISERDES      |          |          |
| input_pins<26>                     | IOB              | INPUT     | LVCMOS25             |       |          |      | ISERDES      |          |          |
| input_pins<27>                     | IOB              | INPUT     | LVCMOS25             |       |          |      | ISERDES      |          |          |
| input_pins<28>                     | IOB              | INPUT     | LVCMOS25             |       |          |      | ISERDES      |          |          |
| input_pins<29>                     | IOB              | INPUT     | LVCMOS25             |       |          |      | ISERDES      |          |          |
| input_pins<30>                     | IOB              | INPUT     | LVCMOS25             |       |          |      | ISERDES      |          |          |
| input_pins<31>                     | IOB              | INPUT     | LVCMOS25             |       |          |      | ISERDES      |          |          |
| input_pins<32>                     | IOB              | INPUT     | LVCMOS25             |       |          |      | ISERDES      |          |          |
| input_pins<33>                     | IOB              | INPUT     | LVCMOS25             |       |          |      | ISERDES      |          |          |
| input_pins<34>                     | IOB              | INPUT     | LVCMOS25             |       |          |      | ISERDES      |          |          |
| input_pins<35>                     | IOB              | INPUT     | LVCMOS25             |       |          |      | ISERDES      |          |          |
| input_pins<36>                     | IOB              | INPUT     | LVCMOS25             |       |          |      | ISERDES      |          |          |
| input_pins<37>                     | IOB              | INPUT     | LVCMOS25             |       |          |      | ISERDES      |          |          |
| input_pins<38>                     | IOB              | INPUT     | LVCMOS25             |       |          |      | ISERDES      |          |          |
| input_pins<39>                     | IOB              | INPUT     | LVCMOS25             |       |          |      | ISERDES      |          |          |
| input_pins<40>                     | IOB              | INPUT     | LVCMOS25             |       |          |      | ISERDES      |          |          |
| input_pins<41>                     | IOB              | INPUT     | LVCMOS25             |       |          |      | ISERDES      |          |          |
| input_pins<42>                     | IOB              | INPUT     | LVCMOS25             |       |          |      | ISERDES      |          |          |
| input_pins<43>                     | IOB              | INPUT     | LVCMOS25             |       |          |      | ISERDES      |          |          |
| input_pins<44>                     | IOB              | INPUT     | LVCMOS25             |       |          |      | ISERDES      |          |          |
| input_pins<45>                     | IOB              | INPUT     | LVCMOS25             |       |          |      | ISERDES      |          |          |
| input_pins<46>                     | IOB              | INPUT     | LVCMOS25             |       |          |      | ISERDES      |          |          |
| input_pins<47>                     | IOB              | INPUT     | LVCMOS25             |       |          |      | ISERDES      |          |          |
| input_pins<48>                     | IOB              | INPUT     | LVCMOS25             |       |          |      | ISERDES      |          |          |
| input_pins<49>                     | IOB              | INPUT     | LVCMOS25             |       |          |      | ISERDES      |          |          |
| input_pins<50>                     | IOB              | INPUT     | LVCMOS25             |       |          |      | ISERDES      |          |          |
| input_pins<51>                     | IOB              | INPUT     | LVCMOS25             |       |          |      | ISERDES      |          |          |
| input_pins<52>                     | IOB              | INPUT     | LVCMOS25             |       |          |      | ISERDES      |          |          |
| input_pins<53>                     | IOB              | INPUT     | LVCMOS25             |       |          |      | ISERDES      |          |          |
| input_pins<54>                     | IOB              | INPUT     | LVCMOS25             |       |          |      | ISERDES      |          |          |
| input_pins<55>                     | IOB              | INPUT     | LVCMOS25             |       |          |      | ISERDES      |          |          |
| input_pins<56>                     | IOB              | INPUT     | LVCMOS25             |       |          |      | ISERDES      |          |          |
| input_pins<57>                     | IOB              | INPUT     | LVCMOS25             |       |          |      | ISERDES      |          |          |
| input_pins<58>                     | IOB              | INPUT     | LVCMOS25             |       |          |      | ISERDES      |          |          |
| input_pins<59>                     | IOB              | INPUT     | LVCMOS25             |       |          |      | ISERDES      |          |          |
| input_pins<60>                     | IOB              | INPUT     | LVCMOS25             |       |          |      | ISERDES      |          |          |
| input_pins<61>                     | IOB              | INPUT     | LVCMOS25             |       |          |      | ISERDES      |          |          |
| input_pins<62>                     | IOB              | INPUT     | LVCMOS25             |       |          |      | ISERDES      |          |          |
| input_pins<63>                     | IOB              | INPUT     | LVCMOS25             |       |          |      | ISERDES      |          |          |
| output_data<0>                     | IOB              | OUTPUT    | LVCMOS25             |       | 12       | SLOW |              |          |          |
| output_data<1>                     | IOB              | OUTPUT    | LVCMOS25             |       | 12       | SLOW |              |          |          |
| output_data<2>                     | IOB              | OUTPUT    | LVCMOS25             |       | 12       | SLOW |              |          |          |
| output_data<3>                     | IOB              | OUTPUT    | LVCMOS25             |       | 12       | SLOW |              |          |          |
| output_data<4>                     | IOB              | OUTPUT    | LVCMOS25             |       | 12       | SLOW |              |          |          |
| output_data<5>                     | IOB              | OUTPUT    | LVCMOS25             |       | 12       | SLOW |              |          |          |
| output_data<6>                     | IOB              | OUTPUT    | LVCMOS25             |       | 12       | SLOW |              |          |          |
| output_data<7>                     | IOB              | OUTPUT    | LVCMOS25             |       | 12       | SLOW |              |          |          |
| output_data_last                   | IOB              | OUTPUT    | LVCMOS25             |       | 12       | SLOW |              |          |          |
| output_data_ready                  | IOB              | INPUT     | LVCMOS25             |       |          |      |              |          |          |
| output_data_valid                  | IOB              | OUTPUT    | LVCMOS25             |       | 12       | SLOW |              |          |          |
| rst                                | IOB              | INPUT     | LVCMOS25             |       |          |      |              |          |          |
+---------------------------------------------------------------------------------------------------------------------------------------------------------+

Section 7 - RPMs
----------------

Section 8 - Guide Report
------------------------
Guide not run on this design.

Section 9 - Area Group and Partition Summary
--------------------------------------------

Partition Implementation Status
-------------------------------

  No Partitions were found in this design.

-------------------------------

Area Group Information
----------------------

  No area groups were found in this design.

----------------------

Section 10 - Timing Report
--------------------------
A logic-level (pre-route) timing report can be generated by using Xilinx static
timing analysis tools, Timing Analyzer (GUI) or TRCE (command line), with the
mapped NCD and PCF files. Please note that this timing report will be generated
using estimated delay information. For accurate numbers, please generate a
timing report with the post Place and Route NCD file.

For more information about the Timing Analyzer, consult the Xilinx Timing
Analyzer Reference Manual; for more information about TRCE, consult the Xilinx
Command Line Tools User Guide "TRACE" chapter.

Section 11 - Configuration String Details
-----------------------------------------
Use the "-detail" map option to print out Configuration Strings

Section 12 - Control Set Information
------------------------------------
Use the "-detail" map option to print out Control Set Information.

Section 13 - Utilization by Hierarchy
-------------------------------------
Use the "-detail" map option to print out the Utilization by Hierarchy section.
