#-----------------------------------------------------------
# Webtalk v2018.1 (64-bit)
# SW Build 2188600 on Wed Apr  4 18:39:19 MDT 2018
# 
# Start of session at: Fri Oct 19 11:39:08 2018
# Process ID: 10918
# Current directory: /home/twili/xilinx_projects/A.20-Mux/A.20-Mux.sdk/webtalk
# Command line: wbtcv -mode batch -source sdk_webtalk.tcl
# Log file: /home/twili/xilinx_projects/A.20-Mux/A.20-Mux.sdk/webtalk/webtalk.log
# Journal file: /home/twili/xilinx_projects/A.20-Mux/A.20-Mux.sdk/webtalk/webtalk.jou
#-----------------------------------------------------------
source sdk_webtalk.tcl
# webtalk_init -webtalk_dir /home/twili/xilinx_projects/A.20-Mux/A.20-Mux.sdk/webtalk
# webtalk_register_client -client project
# webtalk_add_data -client project -key date_generated -value "2018-10-19 11:39:07" -context "software_version_and_target_device"
# webtalk_add_data -client project -key product_version -value "SDK v2018.1" -context "software_version_and_target_device"
# webtalk_add_data -client project -key build_version -value "2018.1" -context "software_version_and_target_device"
# webtalk_add_data -client project -key os_platform -value "amd64" -context "software_version_and_target_device"
# webtalk_add_data -client project -key registration_id -value "" -context "software_version_and_target_device"
# webtalk_add_data -client project -key tool_flow -value "SDK" -context "software_version_and_target_device"
# webtalk_add_data -client project -key beta -value "false" -context "software_version_and_target_device"
# webtalk_add_data -client project -key route_design -value "NA" -context "software_version_and_target_device"
# webtalk_add_data -client project -key target_family -value "NA" -context "software_version_and_target_device"
# webtalk_add_data -client project -key target_device -value "NA" -context "software_version_and_target_device"
# webtalk_add_data -client project -key target_package -value "NA" -context "software_version_and_target_device"
# webtalk_add_data -client project -key target_speed -value "NA" -context "software_version_and_target_device"
# webtalk_add_data -client project -key random_id -value "4sm177htgsml1vccoc80657cvc" -context "software_version_and_target_device"
# webtalk_add_data -client project -key project_id -value "2018.1_12" -context "software_version_and_target_device"
# webtalk_add_data -client project -key project_iteration -value "12" -context "software_version_and_target_device"
# webtalk_add_data -client project -key os_name -value "Devuan" -context "user_environment"
# webtalk_add_data -client project -key os_release -value "Devuan GNU/Linux 2.0 (ascii)" -context "user_environment"
# webtalk_add_data -client project -key cpu_name -value "Intel(R) Core(TM) i5-8250U CPU @ 1.60GHz" -context "user_environment"
# webtalk_add_data -client project -key cpu_speed -value "2399.963 MHz" -context "user_environment"
# webtalk_add_data -client project -key total_processors -value "1" -context "user_environment"
# webtalk_add_data -client project -key system_ram -value "8.253 GB" -context "user_environment"
# webtalk_register_client -client sdk
# webtalk_add_data -client sdk -key uid -value "1539925884000" -context "sdk\\\\hardware/1539925884000"
# webtalk_add_data -client sdk -key isZynq -value "false" -context "sdk\\\\hardware/1539925884000"
# webtalk_add_data -client sdk -key isZynqMP -value "false" -context "sdk\\\\hardware/1539925884000"
# webtalk_add_data -client sdk -key Processors -value "1" -context "sdk\\\\hardware/1539925884000"
# webtalk_add_data -client sdk -key VivadoVersion -value "2018.1" -context "sdk\\\\hardware/1539925884000"
# webtalk_add_data -client sdk -key Arch -value "artix7" -context "sdk\\\\hardware/1539925884000"
# webtalk_add_data -client sdk -key Device -value "7a200t" -context "sdk\\\\hardware/1539925884000"
# webtalk_add_data -client sdk -key IsHandoff -value "true" -context "sdk\\\\hardware/1539925884000"
# webtalk_add_data -client sdk -key os -value "NA" -context "sdk\\\\hardware/1539925884000"
# webtalk_add_data -client sdk -key apptemplate -value "NA" -context "sdk\\\\hardware/1539925884000"
# webtalk_add_data -client sdk -key RecordType -value "HWCreation" -context "sdk\\\\hardware/1539925884000"
# webtalk_add_data -client sdk -key uid -value "NA" -context "sdk\\\\bsp/1539985147121"
# webtalk_add_data -client sdk -key RecordType -value "ToolUsage" -context "sdk\\\\bsp/1539985147121"
# webtalk_add_data -client sdk -key BootgenCount -value "0" -context "sdk\\\\bsp/1539985147121"
# webtalk_add_data -client sdk -key DebugCount -value "53" -context "sdk\\\\bsp/1539985147121"
# webtalk_add_data -client sdk -key PerfCount -value "0" -context "sdk\\\\bsp/1539985147121"
# webtalk_add_data -client sdk -key FlashCount -value "0" -context "sdk\\\\bsp/1539985147121"
# webtalk_add_data -client sdk -key CrossTriggCount -value "0" -context "sdk\\\\bsp/1539985147121"
# webtalk_add_data -client sdk -key QemuDebugCount -value "0" -context "sdk\\\\bsp/1539985147121"
# webtalk_transmit -clientid 1255781968 -regid "" -xml /home/twili/xilinx_projects/A.20-Mux/A.20-Mux.sdk/webtalk/usage_statistics_ext_sdk.xml -html /home/twili/xilinx_projects/A.20-Mux/A.20-Mux.sdk/webtalk/usage_statistics_ext_sdk.html -wdm /home/twili/xilinx_projects/A.20-Mux/A.20-Mux.sdk/webtalk/sdk_webtalk.wdm -intro "<H3>SDK Usage Report</H3><BR>"
# webtalk_terminate
INFO: [Common 17-206] Exiting Webtalk at Fri Oct 19 11:39:08 2018...
