--------------------------------------------------------------------------------
Release 14.7 Trace  (lin64)
Copyright (c) 1995-2013 Xilinx, Inc.  All rights reserved.

/opt/Xilinx/14.7/ISE_DS/ISE/bin/lin64/unwrapped/trce -intstyle ise -v 3 -s 3 -n
3 -fastpaths -xml adder2.twx adder2.ncd -o adder2.twr adder2.pcf

Design file:              adder2.ncd
Physical constraint file: adder2.pcf
Device,package,speed:     xc6slx9,tqg144,C,-3 (PRODUCTION 1.23 2013-10-13)
Report level:             verbose report

Environment Variable      Effect 
--------------------      ------ 
NONE                      No environment variables were set
--------------------------------------------------------------------------------

INFO:Timing:2698 - No timing constraints found, doing default enumeration.
INFO:Timing:3412 - To improve timing, see the Timing Closure User Guide (UG612).
INFO:Timing:2752 - To get complete path coverage, use the unconstrained paths 
   option. All paths that are not constrained will be reported in the 
   unconstrained paths section(s) of the report.
INFO:Timing:3339 - The clock-to-out numbers in this timing report are based on 
   a 50 Ohm transmission line loading model.  For the details of this model, 
   and for more information on accounting for different loading conditions, 
   please see the device datasheet.



Data Sheet report:
-----------------
All values displayed in nanoseconds (ns)

Pad to Pad
---------------+---------------+---------+
Source Pad     |Destination Pad|  Delay  |
---------------+---------------+---------+
input1<0>      |SUM<0>         |    6.979|
input1<0>      |SUM<1>         |    7.109|
input1<0>      |SUM<2>         |    7.274|
input1<0>      |SUM<3>         |    7.768|
input1<0>      |SUM<4>         |    7.858|
input1<0>      |SUM<5>         |    8.333|
input1<0>      |SUM<6>         |    8.676|
input1<0>      |SUM<7>         |    8.786|
input1<0>      |SUM<8>         |    8.774|
input1<1>      |SUM<1>         |    7.435|
input1<1>      |SUM<2>         |    7.438|
input1<1>      |SUM<3>         |    8.138|
input1<1>      |SUM<4>         |    8.228|
input1<1>      |SUM<5>         |    8.703|
input1<1>      |SUM<6>         |    9.046|
input1<1>      |SUM<7>         |    9.156|
input1<1>      |SUM<8>         |    9.144|
input1<2>      |SUM<2>         |    7.027|
input1<2>      |SUM<3>         |    8.261|
input1<2>      |SUM<4>         |    8.351|
input1<2>      |SUM<5>         |    8.826|
input1<2>      |SUM<6>         |    9.169|
input1<2>      |SUM<7>         |    9.279|
input1<2>      |SUM<8>         |    9.267|
input1<3>      |SUM<3>         |    7.412|
input1<3>      |SUM<4>         |    7.166|
input1<3>      |SUM<5>         |    7.641|
input1<3>      |SUM<6>         |    7.984|
input1<3>      |SUM<7>         |    8.094|
input1<3>      |SUM<8>         |    8.082|
input1<4>      |SUM<4>         |    7.209|
input1<4>      |SUM<5>         |    7.684|
input1<4>      |SUM<6>         |    8.027|
input1<4>      |SUM<7>         |    8.137|
input1<4>      |SUM<8>         |    8.125|
input1<5>      |SUM<5>         |    7.107|
input1<5>      |SUM<6>         |    7.659|
input1<5>      |SUM<7>         |    7.769|
input1<5>      |SUM<8>         |    7.757|
input1<6>      |SUM<6>         |    7.540|
input1<6>      |SUM<7>         |    7.650|
input1<6>      |SUM<8>         |    7.638|
input1<7>      |SUM<7>         |    7.847|
input1<7>      |SUM<8>         |    7.835|
input2<0>      |SUM<0>         |    7.503|
input2<0>      |SUM<1>         |    7.633|
input2<0>      |SUM<2>         |    7.566|
input2<0>      |SUM<3>         |    8.224|
input2<0>      |SUM<4>         |    8.314|
input2<0>      |SUM<5>         |    8.789|
input2<0>      |SUM<6>         |    9.132|
input2<0>      |SUM<7>         |    9.242|
input2<0>      |SUM<8>         |    9.230|
input2<1>      |SUM<1>         |    7.729|
input2<1>      |SUM<2>         |    7.762|
input2<1>      |SUM<3>         |    8.705|
input2<1>      |SUM<4>         |    8.795|
input2<1>      |SUM<5>         |    9.270|
input2<1>      |SUM<6>         |    9.613|
input2<1>      |SUM<7>         |    9.723|
input2<1>      |SUM<8>         |    9.711|
input2<2>      |SUM<2>         |    7.706|
input2<2>      |SUM<3>         |    8.772|
input2<2>      |SUM<4>         |    8.862|
input2<2>      |SUM<5>         |    9.337|
input2<2>      |SUM<6>         |    9.680|
input2<2>      |SUM<7>         |    9.790|
input2<2>      |SUM<8>         |    9.778|
input2<3>      |SUM<3>         |    7.972|
input2<3>      |SUM<4>         |    7.550|
input2<3>      |SUM<5>         |    8.025|
input2<3>      |SUM<6>         |    8.368|
input2<3>      |SUM<7>         |    8.478|
input2<3>      |SUM<8>         |    8.466|
input2<4>      |SUM<4>         |    7.906|
input2<4>      |SUM<5>         |    8.381|
input2<4>      |SUM<6>         |    8.724|
input2<4>      |SUM<7>         |    8.834|
input2<4>      |SUM<8>         |    8.822|
input2<5>      |SUM<5>         |    7.674|
input2<5>      |SUM<6>         |    8.262|
input2<5>      |SUM<7>         |    8.372|
input2<5>      |SUM<8>         |    8.360|
input2<6>      |SUM<6>         |    8.105|
input2<6>      |SUM<7>         |    8.215|
input2<6>      |SUM<8>         |    8.203|
input2<7>      |SUM<7>         |    7.740|
input2<7>      |SUM<8>         |    7.728|
---------------+---------------+---------+


Analysis completed Thu Aug  9 10:21:50 2018 
--------------------------------------------------------------------------------

Trace Settings:
-------------------------
Trace Settings 

Peak Memory Usage: 381 MB



